###############################################################################
#
# IAR ANSI C/C++ Compiler V7.50.1.10123/W32 for ARM       23/Aug/2017  10:34:52
# Copyright 1999-2015 IAR Systems AB.
#
#    Cpu mode     =  thumb
#    Endian       =  little
#    Source file  =  
#        G:\study\car\program\lib_and_example\LPLD_OSKinetis_V3\project\Car_B_main_2017_8_23\app\0526.c
#    Command line =  
#        G:\study\car\program\lib_and_example\LPLD_OSKinetis_V3\project\Car_B_main_2017_8_23\app\0526.c
#        -D LPLD_K60 -D USE_K60DZ10 -lCN
#        G:\study\car\program\lib_and_example\LPLD_OSKinetis_V3\project\Car_B_main_2017_8_23\iar\FLASH\List
#        -lB
#        G:\study\car\program\lib_and_example\LPLD_OSKinetis_V3\project\Car_B_main_2017_8_23\iar\FLASH\List
#        -o
#        G:\study\car\program\lib_and_example\LPLD_OSKinetis_V3\project\Car_B_main_2017_8_23\iar\FLASH\Obj
#        --no_cse --no_unroll --no_inline --no_code_motion --no_tbaa
#        --no_clustering --no_scheduling --debug --endian=little
#        --cpu=Cortex-M4 -e --fpu=None --dlib_config "E:\IAR Systems\Embedded
#        Workbench 7.3\arm\INC\c\DLib_Config_Normal.h" -I
#        G:\study\car\program\lib_and_example\LPLD_OSKinetis_V3\project\Car_B_main_2017_8_23\iar\..\app\
#        -I
#        G:\study\car\program\lib_and_example\LPLD_OSKinetis_V3\project\Car_B_main_2017_8_23\iar\..\..\..\lib\CPU\
#        -I
#        G:\study\car\program\lib_and_example\LPLD_OSKinetis_V3\project\Car_B_main_2017_8_23\iar\..\..\..\lib\common\
#        -I
#        G:\study\car\program\lib_and_example\LPLD_OSKinetis_V3\project\Car_B_main_2017_8_23\iar\..\..\..\lib\LPLD\
#        -I
#        G:\study\car\program\lib_and_example\LPLD_OSKinetis_V3\project\Car_B_main_2017_8_23\iar\..\..\..\lib\LPLD\HW\
#        -I
#        G:\study\car\program\lib_and_example\LPLD_OSKinetis_V3\project\Car_B_main_2017_8_23\iar\..\..\..\lib\LPLD\DEV\
#        -I
#        G:\study\car\program\lib_and_example\LPLD_OSKinetis_V3\project\Car_B_main_2017_8_23\iar\..\..\..\lib\LPLD\FUNC\
#        -I
#        G:\study\car\program\lib_and_example\LPLD_OSKinetis_V3\project\Car_B_main_2017_8_23\iar\..\..\..\lib\uCOS-II\Ports\
#        -I
#        G:\study\car\program\lib_and_example\LPLD_OSKinetis_V3\project\Car_B_main_2017_8_23\iar\..\..\..\lib\uCOS-II\Source\
#        -I
#        G:\study\car\program\lib_and_example\LPLD_OSKinetis_V3\project\Car_B_main_2017_8_23\iar\..\..\..\lib\FatFs\
#        -I
#        G:\study\car\program\lib_and_example\LPLD_OSKinetis_V3\project\Car_B_main_2017_8_23\iar\..\..\..\lib\FatFs\option\
#        -I
#        G:\study\car\program\lib_and_example\LPLD_OSKinetis_V3\project\Car_B_main_2017_8_23\iar\..\..\..\lib\USB\common\
#        -I
#        G:\study\car\program\lib_and_example\LPLD_OSKinetis_V3\project\Car_B_main_2017_8_23\iar\..\..\..\lib\USB\driver\
#        -I
#        G:\study\car\program\lib_and_example\LPLD_OSKinetis_V3\project\Car_B_main_2017_8_23\iar\..\..\..\lib\USB\descriptor\
#        -I
#        G:\study\car\program\lib_and_example\LPLD_OSKinetis_V3\project\Car_B_main_2017_8_23\iar\..\..\..\lib\USB\class\
#        -Ol -I "E:\IAR Systems\Embedded Workbench 7.3\arm\CMSIS\Include\" -D
#        ARM_MATH_CM4
#    List file    =  
#        G:\study\car\program\lib_and_example\LPLD_OSKinetis_V3\project\Car_B_main_2017_8_23\iar\FLASH\List\0526.lst
#    Object file  =  
#        G:\study\car\program\lib_and_example\LPLD_OSKinetis_V3\project\Car_B_main_2017_8_23\iar\FLASH\Obj\0526.o
#
###############################################################################

G:\study\car\program\lib_and_example\LPLD_OSKinetis_V3\project\Car_B_main_2017_8_23\app\0526.c
      1          
      2          /**
      3           2017.08.21创建
      4           */
      5          #include "common.h"

   \                                 In section .text, align 2, keep-with-next
   \   static __interwork __softfp void NVIC_EnableIRQ(IRQn_Type)
   \                     NVIC_EnableIRQ: (+1)
   \   00000000   0x2101             MOVS     R1,#+1
   \   00000002   0xF010 0x021F      ANDS     R2,R0,#0x1F
   \   00000006   0x4091             LSLS     R1,R1,R2
   \   00000008   0x.... 0x....      LDR.W    R2,??DataTable4  ;; 0xe000e100
   \   0000000C   0xB240             SXTB     R0,R0            ;; SignExt  R0,R0,#+24,#+24
   \   0000000E   0x0940             LSRS     R0,R0,#+5
   \   00000010   0xF842 0x1020      STR      R1,[R2, R0, LSL #+2]
   \   00000014   0x4770             BX       LR               ;; return

   \                                 In section .text, align 2, keep-with-next
   \   static __interwork __softfp void NVIC_DisableIRQ(IRQn_Type)
   \                     NVIC_DisableIRQ: (+1)
   \   00000000   0x2101             MOVS     R1,#+1
   \   00000002   0xF010 0x021F      ANDS     R2,R0,#0x1F
   \   00000006   0x4091             LSLS     R1,R1,R2
   \   00000008   0x.... 0x....      LDR.W    R2,??DataTable4_1  ;; 0xe000e180
   \   0000000C   0xB240             SXTB     R0,R0            ;; SignExt  R0,R0,#+24,#+24
   \   0000000E   0x0940             LSRS     R0,R0,#+5
   \   00000010   0xF842 0x1020      STR      R1,[R2, R0, LSL #+2]
   \   00000014   0x4770             BX       LR               ;; return
      6          #include "camera_test.h"  
      7          #include "timer.h"
      8          #include "infrared.h"
      9          #include "oled.h"
     10          #include "botton.h"
     11          #include "Freecars.h"
     12          #include "barrier.h"
     13          #include "myflash.h"
     14          

   \                                 In section .bss, align 1
     15          uint8 code_switch;   
   \                     code_switch:
   \   00000000                      DS8 1
     16          
     17          void nvic_init(void);
     18          void boma_init_gpio(void);
     19          

   \                                 In section .text, align 2, keep-with-next
     20          void main (void)
     21          {
   \                     main: (+1)
   \   00000000   0xB580             PUSH     {R7,LR}
     22            DisableInterrupts;
   \   00000002   0xB672             CPSID    I
     23            nvic_init();//中断优先级配置
   \   00000004   0x.... 0x....      BL       nvic_init
     24            camera_init();//摄像头相关初始化
   \   00000008   0x.... 0x....      BL       camera_init
     25            //infrared_init();//红外计数
     26            pit_init();//10ms定时中断
   \   0000000C   0x.... 0x....      BL       pit_init
     27            QD_init();//编码器,FTM2
   \   00000010   0x.... 0x....      BL       QD_init
     28            Servo_Init();  //初始化舵机,FTM1
   \   00000014   0x.... 0x....      BL       Servo_Init
     29            DianG_Init(); //电机 FTM0
   \   00000018   0x.... 0x....      BL       DianG_Init
     30            PID_Init();   //转向和速度PID初始化
   \   0000001C   0x.... 0x....      BL       PID_Init
     31            barrier_init();  //避障
   \   00000020   0x.... 0x....      BL       barrier_init
     32            boma_init_gpio();//拨码开关初始化
   \   00000024   0x.... 0x....      BL       boma_init_gpio
     33            //flash部分
     34            LPLD_Flash_Init();
   \   00000028   0x.... 0x....      BL       LPLD_Flash_Init
     35            parameter_flash();
   \   0000002C   0x.... 0x....      BL       parameter_flash
     36            /*--------------OLED部分初始化-------------------*/
     37            led_gpio_int();//端口
   \   00000030   0x.... 0x....      BL       led_gpio_int
     38            LED_Init();//屏幕
   \   00000034   0x.... 0x....      BL       LED_Init
     39            LED_Fill(0);
   \   00000038   0x2000             MOVS     R0,#+0
   \   0000003A   0x.... 0x....      BL       LED_Fill
     40            /*--------------按键-------------------*/
     41            botton_dial_switch_gpio_init(); //按键端口初始化
   \   0000003E   0x.... 0x....      BL       botton_dial_switch_gpio_init
     42            Key_Process();//按键过程
   \   00000042   0x.... 0x....      BL       Key_Process
     43            
     44            enable_irq(PORTD_IRQn);//障碍中断
   \   00000046   0x205A             MOVS     R0,#+90
   \   00000048   0x.... 0x....      BL       NVIC_EnableIRQ
     45            enable_irq(PORTE_IRQn);//障碍中断
   \   0000004C   0x205B             MOVS     R0,#+91
   \   0000004E   0x.... 0x....      BL       NVIC_EnableIRQ
     46            enable_irq(PIT0_IRQn);//优先级配置后记得使能中断,定时中断
   \   00000052   0x2044             MOVS     R0,#+68
   \   00000054   0x.... 0x....      BL       NVIC_EnableIRQ
     47            enable_irq(PORTB_IRQn);//采图中断
   \   00000058   0x2058             MOVS     R0,#+88
   \   0000005A   0x.... 0x....      BL       NVIC_EnableIRQ
     48            //enable_irq(PORTA_IRQn);//计数中断
     49            
     50            EnableInterrupts;
   \   0000005E   0xB662             CPSIE    I
     51            start();     //发车
   \   00000060   0x.... 0x....      BL       start
   \   00000064   0xE028             B.N      ??main_0
     52            while(1)
     53            {
     54              if( PTC8_I == 0 && PTC9_I == 0 && PTC10_I == 0 && PTC11_I == 0 )
     55                code_switch=0;            
     56              else if( PTC8_I == 0 && PTC9_I == 0 && PTC10_I == 0 && PTC11_I == 1 )
     57                code_switch=1;                                 
     58              else if( PTC8_I == 0 && PTC9_I == 0 && PTC10_I == 1 && PTC11_I == 0 )
     59                code_switch=2;                
     60              else if( PTC8_I == 0 && PTC9_I == 0 && PTC10_I == 1 && PTC11_I == 1 )
     61                code_switch=3;               
     62              else if( PTC8_I == 0 && PTC9_I == 1 && PTC10_I == 0 && PTC11_I == 0 )
     63                code_switch=4;             
     64              else if( PTC8_I == 0 && PTC9_I == 1 && PTC10_I == 0 && PTC11_I == 1 )
     65                code_switch=5;            
     66                      
     67              else if( PTC8_I == 1 && PTC9_I == 1 && PTC10_I == 1 && PTC11_I == 1 )
     68                code_switch=16;  //竞赛 
     69              
     70              if(code_switch==0)
     71              {
     72                LED_P6x8Str(8, 2,(unsigned char*)"real_pointx"); 
   \                     ??main_1: (+1)
   \   00000066   0x.... 0x....      LDR.W    R2,??DataTable4_2
   \   0000006A   0x2102             MOVS     R1,#+2
   \   0000006C   0x2008             MOVS     R0,#+8
   \   0000006E   0x.... 0x....      BL       LED_P6x8Str
     73                LED_PrintValueFP(70,2,real_pointx,3); 
   \   00000072   0x2303             MOVS     R3,#+3
   \   00000074   0x.... 0x....      LDR.W    R0,??DataTable4_3
   \   00000078   0x7802             LDRB     R2,[R0, #+0]
   \   0000007A   0x2102             MOVS     R1,#+2
   \   0000007C   0x2046             MOVS     R0,#+70
   \   0000007E   0x.... 0x....      BL       LED_PrintValueFP
     74                LED_P6x8Str(8, 3,(unsigned char*)"real_pointy"); 
   \   00000082   0x.... 0x....      LDR.W    R2,??DataTable4_4
   \   00000086   0x2103             MOVS     R1,#+3
   \   00000088   0x2008             MOVS     R0,#+8
   \   0000008A   0x.... 0x....      BL       LED_P6x8Str
     75                LED_PrintValueFP(70,3,real_pointy,3); 
   \   0000008E   0x2303             MOVS     R3,#+3
   \   00000090   0x.... 0x....      LDR.W    R0,??DataTable4_5
   \   00000094   0x7802             LDRB     R2,[R0, #+0]
   \   00000096   0x2103             MOVS     R1,#+3
   \   00000098   0x2046             MOVS     R0,#+70
   \   0000009A   0x.... 0x....      BL       LED_PrintValueFP
     76                LED_P6x8Str(8, 4,(unsigned char*)"NOpoint"); 
   \   0000009E   0x.... 0x....      LDR.W    R2,??DataTable4_6
   \   000000A2   0x2104             MOVS     R1,#+4
   \   000000A4   0x2008             MOVS     R0,#+8
   \   000000A6   0x.... 0x....      BL       LED_P6x8Str
     77                LED_PrintValueFP(70,4,NOpoint,1); 
   \   000000AA   0x2301             MOVS     R3,#+1
   \   000000AC   0x....             LDR.N    R0,??DataTable4_7
   \   000000AE   0x7802             LDRB     R2,[R0, #+0]
   \   000000B0   0x2104             MOVS     R1,#+4
   \   000000B2   0x2046             MOVS     R0,#+70
   \   000000B4   0x.... 0x....      BL       LED_PrintValueFP
     78              }
   \                     ??main_0: (+1)
   \   000000B8   0x....             LDR.N    R0,??DataTable4_8  ;; 0x43fe1220
   \   000000BA   0x6800             LDR      R0,[R0, #+0]
   \   000000BC   0x2800             CMP      R0,#+0
   \   000000BE   0xD10F             BNE.N    ??main_2
   \   000000C0   0x....             LDR.N    R0,??DataTable4_9  ;; 0x43fe1224
   \   000000C2   0x6800             LDR      R0,[R0, #+0]
   \   000000C4   0x2800             CMP      R0,#+0
   \   000000C6   0xD10B             BNE.N    ??main_2
   \   000000C8   0x....             LDR.N    R0,??DataTable4_10  ;; 0x43fe1228
   \   000000CA   0x6800             LDR      R0,[R0, #+0]
   \   000000CC   0x2800             CMP      R0,#+0
   \   000000CE   0xD107             BNE.N    ??main_2
   \   000000D0   0x....             LDR.N    R0,??DataTable4_11  ;; 0x43fe122c
   \   000000D2   0x6800             LDR      R0,[R0, #+0]
   \   000000D4   0x2800             CMP      R0,#+0
   \   000000D6   0xD103             BNE.N    ??main_2
   \   000000D8   0x2000             MOVS     R0,#+0
   \   000000DA   0x....             LDR.N    R1,??DataTable4_12
   \   000000DC   0x7008             STRB     R0,[R1, #+0]
   \   000000DE   0xE076             B.N      ??main_3
   \                     ??main_2: (+1)
   \   000000E0   0x....             LDR.N    R0,??DataTable4_8  ;; 0x43fe1220
   \   000000E2   0x6800             LDR      R0,[R0, #+0]
   \   000000E4   0x2800             CMP      R0,#+0
   \   000000E6   0xD10F             BNE.N    ??main_4
   \   000000E8   0x....             LDR.N    R0,??DataTable4_9  ;; 0x43fe1224
   \   000000EA   0x6800             LDR      R0,[R0, #+0]
   \   000000EC   0x2800             CMP      R0,#+0
   \   000000EE   0xD10B             BNE.N    ??main_4
   \   000000F0   0x....             LDR.N    R0,??DataTable4_10  ;; 0x43fe1228
   \   000000F2   0x6800             LDR      R0,[R0, #+0]
   \   000000F4   0x2800             CMP      R0,#+0
   \   000000F6   0xD107             BNE.N    ??main_4
   \   000000F8   0x....             LDR.N    R0,??DataTable4_11  ;; 0x43fe122c
   \   000000FA   0x6800             LDR      R0,[R0, #+0]
   \   000000FC   0x2801             CMP      R0,#+1
   \   000000FE   0xD103             BNE.N    ??main_4
   \   00000100   0x2001             MOVS     R0,#+1
   \   00000102   0x....             LDR.N    R1,??DataTable4_12
   \   00000104   0x7008             STRB     R0,[R1, #+0]
   \   00000106   0xE062             B.N      ??main_3
   \                     ??main_4: (+1)
   \   00000108   0x....             LDR.N    R0,??DataTable4_8  ;; 0x43fe1220
   \   0000010A   0x6800             LDR      R0,[R0, #+0]
   \   0000010C   0x2800             CMP      R0,#+0
   \   0000010E   0xD10F             BNE.N    ??main_5
   \   00000110   0x....             LDR.N    R0,??DataTable4_9  ;; 0x43fe1224
   \   00000112   0x6800             LDR      R0,[R0, #+0]
   \   00000114   0x2800             CMP      R0,#+0
   \   00000116   0xD10B             BNE.N    ??main_5
   \   00000118   0x....             LDR.N    R0,??DataTable4_10  ;; 0x43fe1228
   \   0000011A   0x6800             LDR      R0,[R0, #+0]
   \   0000011C   0x2801             CMP      R0,#+1
   \   0000011E   0xD107             BNE.N    ??main_5
   \   00000120   0x....             LDR.N    R0,??DataTable4_11  ;; 0x43fe122c
   \   00000122   0x6800             LDR      R0,[R0, #+0]
   \   00000124   0x2800             CMP      R0,#+0
   \   00000126   0xD103             BNE.N    ??main_5
   \   00000128   0x2002             MOVS     R0,#+2
   \   0000012A   0x....             LDR.N    R1,??DataTable4_12
   \   0000012C   0x7008             STRB     R0,[R1, #+0]
   \   0000012E   0xE04E             B.N      ??main_3
   \                     ??main_5: (+1)
   \   00000130   0x....             LDR.N    R0,??DataTable4_8  ;; 0x43fe1220
   \   00000132   0x6800             LDR      R0,[R0, #+0]
   \   00000134   0x2800             CMP      R0,#+0
   \   00000136   0xD10F             BNE.N    ??main_6
   \   00000138   0x....             LDR.N    R0,??DataTable4_9  ;; 0x43fe1224
   \   0000013A   0x6800             LDR      R0,[R0, #+0]
   \   0000013C   0x2800             CMP      R0,#+0
   \   0000013E   0xD10B             BNE.N    ??main_6
   \   00000140   0x....             LDR.N    R0,??DataTable4_10  ;; 0x43fe1228
   \   00000142   0x6800             LDR      R0,[R0, #+0]
   \   00000144   0x2801             CMP      R0,#+1
   \   00000146   0xD107             BNE.N    ??main_6
   \   00000148   0x....             LDR.N    R0,??DataTable4_11  ;; 0x43fe122c
   \   0000014A   0x6800             LDR      R0,[R0, #+0]
   \   0000014C   0x2801             CMP      R0,#+1
   \   0000014E   0xD103             BNE.N    ??main_6
   \   00000150   0x2003             MOVS     R0,#+3
   \   00000152   0x....             LDR.N    R1,??DataTable4_12
   \   00000154   0x7008             STRB     R0,[R1, #+0]
   \   00000156   0xE03A             B.N      ??main_3
   \                     ??main_6: (+1)
   \   00000158   0x....             LDR.N    R0,??DataTable4_8  ;; 0x43fe1220
   \   0000015A   0x6800             LDR      R0,[R0, #+0]
   \   0000015C   0x2800             CMP      R0,#+0
   \   0000015E   0xD10F             BNE.N    ??main_7
   \   00000160   0x....             LDR.N    R0,??DataTable4_9  ;; 0x43fe1224
   \   00000162   0x6800             LDR      R0,[R0, #+0]
   \   00000164   0x2801             CMP      R0,#+1
   \   00000166   0xD10B             BNE.N    ??main_7
   \   00000168   0x....             LDR.N    R0,??DataTable4_10  ;; 0x43fe1228
   \   0000016A   0x6800             LDR      R0,[R0, #+0]
   \   0000016C   0x2800             CMP      R0,#+0
   \   0000016E   0xD107             BNE.N    ??main_7
   \   00000170   0x....             LDR.N    R0,??DataTable4_11  ;; 0x43fe122c
   \   00000172   0x6800             LDR      R0,[R0, #+0]
   \   00000174   0x2800             CMP      R0,#+0
   \   00000176   0xD103             BNE.N    ??main_7
   \   00000178   0x2004             MOVS     R0,#+4
   \   0000017A   0x....             LDR.N    R1,??DataTable4_12
   \   0000017C   0x7008             STRB     R0,[R1, #+0]
   \   0000017E   0xE026             B.N      ??main_3
   \                     ??main_7: (+1)
   \   00000180   0x....             LDR.N    R0,??DataTable4_8  ;; 0x43fe1220
   \   00000182   0x6800             LDR      R0,[R0, #+0]
   \   00000184   0x2800             CMP      R0,#+0
   \   00000186   0xD10F             BNE.N    ??main_8
   \   00000188   0x....             LDR.N    R0,??DataTable4_9  ;; 0x43fe1224
   \   0000018A   0x6800             LDR      R0,[R0, #+0]
   \   0000018C   0x2801             CMP      R0,#+1
   \   0000018E   0xD10B             BNE.N    ??main_8
   \   00000190   0x....             LDR.N    R0,??DataTable4_10  ;; 0x43fe1228
   \   00000192   0x6800             LDR      R0,[R0, #+0]
   \   00000194   0x2800             CMP      R0,#+0
   \   00000196   0xD107             BNE.N    ??main_8
   \   00000198   0x....             LDR.N    R0,??DataTable4_11  ;; 0x43fe122c
   \   0000019A   0x6800             LDR      R0,[R0, #+0]
   \   0000019C   0x2801             CMP      R0,#+1
   \   0000019E   0xD103             BNE.N    ??main_8
   \   000001A0   0x2005             MOVS     R0,#+5
   \   000001A2   0x....             LDR.N    R1,??DataTable4_12
   \   000001A4   0x7008             STRB     R0,[R1, #+0]
   \   000001A6   0xE012             B.N      ??main_3
   \                     ??main_8: (+1)
   \   000001A8   0x....             LDR.N    R0,??DataTable4_8  ;; 0x43fe1220
   \   000001AA   0x6800             LDR      R0,[R0, #+0]
   \   000001AC   0x2801             CMP      R0,#+1
   \   000001AE   0xD10E             BNE.N    ??main_3
   \   000001B0   0x....             LDR.N    R0,??DataTable4_9  ;; 0x43fe1224
   \   000001B2   0x6800             LDR      R0,[R0, #+0]
   \   000001B4   0x2801             CMP      R0,#+1
   \   000001B6   0xD10A             BNE.N    ??main_3
   \   000001B8   0x....             LDR.N    R0,??DataTable4_10  ;; 0x43fe1228
   \   000001BA   0x6800             LDR      R0,[R0, #+0]
   \   000001BC   0x2801             CMP      R0,#+1
   \   000001BE   0xD106             BNE.N    ??main_3
   \   000001C0   0x....             LDR.N    R0,??DataTable4_11  ;; 0x43fe122c
   \   000001C2   0x6800             LDR      R0,[R0, #+0]
   \   000001C4   0x2801             CMP      R0,#+1
   \   000001C6   0xD102             BNE.N    ??main_3
   \   000001C8   0x2010             MOVS     R0,#+16
   \   000001CA   0x....             LDR.N    R1,??DataTable4_12
   \   000001CC   0x7008             STRB     R0,[R1, #+0]
   \                     ??main_3: (+1)
   \   000001CE   0x....             LDR.N    R0,??DataTable4_12
   \   000001D0   0x7800             LDRB     R0,[R0, #+0]
   \   000001D2   0x2800             CMP      R0,#+0
   \   000001D4   0xF43F 0xAF47      BEQ.W    ??main_1
     79              else if(code_switch==1) //偏航调整
   \   000001D8   0x....             LDR.N    R0,??DataTable4_12
   \   000001DA   0x7800             LDRB     R0,[R0, #+0]
   \   000001DC   0x2801             CMP      R0,#+1
   \   000001DE   0xD102             BNE.N    ??main_9
     80                pianhang_config();
   \   000001E0   0x.... 0x....      BL       pianhang_config
   \   000001E4   0xE768             B.N      ??main_0
     81              else if(code_switch==2) //传图
   \                     ??main_9: (+1)
   \   000001E6   0x....             LDR.N    R0,??DataTable4_12
   \   000001E8   0x7800             LDRB     R0,[R0, #+0]
   \   000001EA   0x2802             CMP      R0,#+2
   \   000001EC   0xD108             BNE.N    ??main_10
     82              {
     83                disable_irq(PIT0_IRQn);
   \   000001EE   0x2044             MOVS     R0,#+68
   \   000001F0   0x.... 0x....      BL       NVIC_DisableIRQ
     84                picture_send();
   \   000001F4   0x.... 0x....      BL       picture_send
     85                enable_irq(PIT0_IRQn);
   \   000001F8   0x2044             MOVS     R0,#+68
   \   000001FA   0x.... 0x....      BL       NVIC_EnableIRQ
   \   000001FE   0xE75B             B.N      ??main_0
     86              }
     87              else if(code_switch==3) //飞思卡尔上位机PID调整
   \                     ??main_10: (+1)
   \   00000200   0x....             LDR.N    R0,??DataTable4_12
   \   00000202   0x7800             LDRB     R0,[R0, #+0]
   \   00000204   0x2803             CMP      R0,#+3
   \   00000206   0xF47F 0xAF57      BNE.W    ??main_0
     88              {
     89                push(0,(uint16)speed);
   \   0000020A   0x....             LDR.N    R0,??DataTable4_13
   \   0000020C   0x8800             LDRH     R0,[R0, #+0]
   \   0000020E   0x0001             MOVS     R1,R0
   \   00000210   0xB289             UXTH     R1,R1            ;; ZeroExt  R1,R1,#+16,#+16
   \   00000212   0x2000             MOVS     R0,#+0
   \   00000214   0x.... 0x....      BL       `push`
     90                push(1,(uint16)SetSpeed);
   \   00000218   0x....             LDR.N    R0,??DataTable4_14
   \   0000021A   0x8800             LDRH     R0,[R0, #+0]
   \   0000021C   0x0001             MOVS     R1,R0
   \   0000021E   0xB289             UXTH     R1,R1            ;; ZeroExt  R1,R1,#+16,#+16
   \   00000220   0x2001             MOVS     R0,#+1
   \   00000222   0x.... 0x....      BL       `push`
     91                sendDataToScope();
   \   00000226   0x.... 0x....      BL       sendDataToScope
   \   0000022A   0xE745             B.N      ??main_0
     92              }
     93              
     94            } 
     95          }
     96          

   \                                 In section .text, align 2, keep-with-next
     97          void nvic_init(void)  
     98          {
   \                     nvic_init: (+1)
   \   00000000   0xB580             PUSH     {R7,LR}
     99            static NVIC_InitTypeDef nvic_init_struct0;
    100            nvic_init_struct0.NVIC_IRQChannel=PIT0_IRQn;//   10ms定时
   \   00000002   0x2044             MOVS     R0,#+68
   \   00000004   0x....             LDR.N    R1,??DataTable4_15
   \   00000006   0x7008             STRB     R0,[R1, #+0]
    101            nvic_init_struct0.NVIC_IRQChannelGroupPriority=NVIC_PriorityGroup_2 ;//NVIC 中断分组
   \   00000008   0x2005             MOVS     R0,#+5
   \   0000000A   0x....             LDR.N    R1,??DataTable4_15
   \   0000000C   0x6048             STR      R0,[R1, #+4]
    102            nvic_init_struct0.NVIC_IRQChannelPreemptionPriority=1;//抢占优先级
   \   0000000E   0x2001             MOVS     R0,#+1
   \   00000010   0x....             LDR.N    R1,??DataTable4_15
   \   00000012   0x6088             STR      R0,[R1, #+8]
    103            nvic_init_struct0.NVIC_IRQChannelSubPriority=0;//NVIC响应式优先级
   \   00000014   0x2000             MOVS     R0,#+0
   \   00000016   0x....             LDR.N    R1,??DataTable4_15
   \   00000018   0x60C8             STR      R0,[R1, #+12]
    104            LPLD_NVIC_Init(nvic_init_struct0);
   \   0000001A   0x....             LDR.N    R1,??DataTable4_15
   \   0000001C   0xB084             SUB      SP,SP,#+16
   \   0000001E   0x4668             MOV      R0,SP
   \   00000020   0x2214             MOVS     R2,#+20
   \   00000022   0x.... 0x....      BL       __aeabi_memcpy4
   \   00000026   0xBC0F             POP      {R0-R3}
   \   00000028   0x.... 0x....      BL       LPLD_NVIC_Init
    105            
    106            static NVIC_InitTypeDef nvic_init_struct1;
    107            nvic_init_struct1.NVIC_IRQChannel=PORTB_IRQn;//      摄像头图像采集，优先级最高
   \   0000002C   0x2058             MOVS     R0,#+88
   \   0000002E   0x....             LDR.N    R1,??DataTable4_16
   \   00000030   0x7008             STRB     R0,[R1, #+0]
    108            nvic_init_struct1.NVIC_IRQChannelGroupPriority=NVIC_PriorityGroup_2;//NVIC 中断分组
   \   00000032   0x2005             MOVS     R0,#+5
   \   00000034   0x....             LDR.N    R1,??DataTable4_16
   \   00000036   0x6048             STR      R0,[R1, #+4]
    109            nvic_init_struct1.NVIC_IRQChannelPreemptionPriority=0;//NVIC抢占式优先级
   \   00000038   0x2000             MOVS     R0,#+0
   \   0000003A   0x....             LDR.N    R1,??DataTable4_16
   \   0000003C   0x6088             STR      R0,[R1, #+8]
    110            nvic_init_struct1.NVIC_IRQChannelSubPriority=0;//NVIC响应式优先级
   \   0000003E   0x2000             MOVS     R0,#+0
   \   00000040   0x....             LDR.N    R1,??DataTable4_16
   \   00000042   0x60C8             STR      R0,[R1, #+12]
    111            LPLD_NVIC_Init(nvic_init_struct1);
   \   00000044   0x....             LDR.N    R1,??DataTable4_16
   \   00000046   0xB084             SUB      SP,SP,#+16
   \   00000048   0x4668             MOV      R0,SP
   \   0000004A   0x2214             MOVS     R2,#+20
   \   0000004C   0x.... 0x....      BL       __aeabi_memcpy4
   \   00000050   0xBC0F             POP      {R0-R3}
   \   00000052   0x.... 0x....      BL       LPLD_NVIC_Init
    112          
    113            static NVIC_InitTypeDef  nvic_init_struct2;
    114            nvic_init_struct2.NVIC_IRQChannel=PORTD_IRQn;//      障碍中断
   \   00000056   0x205A             MOVS     R0,#+90
   \   00000058   0x....             LDR.N    R1,??DataTable4_17
   \   0000005A   0x7008             STRB     R0,[R1, #+0]
    115            nvic_init_struct2.NVIC_IRQChannelGroupPriority=NVIC_PriorityGroup_2;//NVIC 中断分组
   \   0000005C   0x2005             MOVS     R0,#+5
   \   0000005E   0x....             LDR.N    R1,??DataTable4_17
   \   00000060   0x6048             STR      R0,[R1, #+4]
    116            nvic_init_struct2.NVIC_IRQChannelPreemptionPriority=1;//抢占优先级
   \   00000062   0x2001             MOVS     R0,#+1
   \   00000064   0x....             LDR.N    R1,??DataTable4_17
   \   00000066   0x6088             STR      R0,[R1, #+8]
    117            nvic_init_struct2.NVIC_IRQChannelSubPriority=2;//NVIC响应式优先级
   \   00000068   0x2002             MOVS     R0,#+2
   \   0000006A   0x....             LDR.N    R1,??DataTable4_17
   \   0000006C   0x60C8             STR      R0,[R1, #+12]
    118            LPLD_NVIC_Init(nvic_init_struct2);
   \   0000006E   0x....             LDR.N    R1,??DataTable4_17
   \   00000070   0xB084             SUB      SP,SP,#+16
   \   00000072   0x4668             MOV      R0,SP
   \   00000074   0x2214             MOVS     R2,#+20
   \   00000076   0x.... 0x....      BL       __aeabi_memcpy4
   \   0000007A   0xBC0F             POP      {R0-R3}
   \   0000007C   0x.... 0x....      BL       LPLD_NVIC_Init
    119           
    120            static NVIC_InitTypeDef nvic_init_struct3;
    121            nvic_init_struct3.NVIC_IRQChannel=PORTE_IRQn;//  障碍中断
   \   00000080   0x205B             MOVS     R0,#+91
   \   00000082   0x....             LDR.N    R1,??DataTable4_18
   \   00000084   0x7008             STRB     R0,[R1, #+0]
    122            nvic_init_struct3.NVIC_IRQChannelGroupPriority=NVIC_PriorityGroup_2 ;//NVIC 中断分组
   \   00000086   0x2005             MOVS     R0,#+5
   \   00000088   0x....             LDR.N    R1,??DataTable4_18
   \   0000008A   0x6048             STR      R0,[R1, #+4]
    123            nvic_init_struct3.NVIC_IRQChannelPreemptionPriority=1;//抢占优先级
   \   0000008C   0x2001             MOVS     R0,#+1
   \   0000008E   0x....             LDR.N    R1,??DataTable4_18
   \   00000090   0x6088             STR      R0,[R1, #+8]
    124            nvic_init_struct3.NVIC_IRQChannelSubPriority=3;//NVIC响应式优先级
   \   00000092   0x2003             MOVS     R0,#+3
   \   00000094   0x....             LDR.N    R1,??DataTable4_18
   \   00000096   0x60C8             STR      R0,[R1, #+12]
    125            LPLD_NVIC_Init(nvic_init_struct3);
   \   00000098   0x....             LDR.N    R1,??DataTable4_18
   \   0000009A   0xB084             SUB      SP,SP,#+16
   \   0000009C   0x4668             MOV      R0,SP
   \   0000009E   0x2214             MOVS     R2,#+20
   \   000000A0   0x.... 0x....      BL       __aeabi_memcpy4
   \   000000A4   0xBC0F             POP      {R0-R3}
   \   000000A6   0x.... 0x....      BL       LPLD_NVIC_Init
    126            
    127            static NVIC_InitTypeDef nvic_init_struct4;
    128            nvic_init_struct4.NVIC_IRQChannel=PORTA_IRQn ;//  信标计数
   \   000000AA   0x2057             MOVS     R0,#+87
   \   000000AC   0x....             LDR.N    R1,??DataTable4_19
   \   000000AE   0x7008             STRB     R0,[R1, #+0]
    129            nvic_init_struct4.NVIC_IRQChannelGroupPriority=NVIC_PriorityGroup_2 ;//NVIC 中断分组
   \   000000B0   0x2005             MOVS     R0,#+5
   \   000000B2   0x....             LDR.N    R1,??DataTable4_19
   \   000000B4   0x6048             STR      R0,[R1, #+4]
    130            nvic_init_struct4.NVIC_IRQChannelPreemptionPriority=1;//抢占优先级
   \   000000B6   0x2001             MOVS     R0,#+1
   \   000000B8   0x....             LDR.N    R1,??DataTable4_19
   \   000000BA   0x6088             STR      R0,[R1, #+8]
    131            nvic_init_struct4.NVIC_IRQChannelSubPriority=1;//NVIC响应式优先级
   \   000000BC   0x2001             MOVS     R0,#+1
   \   000000BE   0x....             LDR.N    R1,??DataTable4_19
   \   000000C0   0x60C8             STR      R0,[R1, #+12]
    132            LPLD_NVIC_Init(nvic_init_struct4);
   \   000000C2   0x....             LDR.N    R1,??DataTable4_19
   \   000000C4   0xB084             SUB      SP,SP,#+16
   \   000000C6   0x4668             MOV      R0,SP
   \   000000C8   0x2214             MOVS     R2,#+20
   \   000000CA   0x.... 0x....      BL       __aeabi_memcpy4
   \   000000CE   0xBC0F             POP      {R0-R3}
   \   000000D0   0x.... 0x....      BL       LPLD_NVIC_Init
    133            
    134            static NVIC_InitTypeDef nvic_init_struct5;
    135            nvic_init_struct5.NVIC_IRQChannel=UART4_RX_TX_IRQn ;//  通信中断
   \   000000D4   0x2035             MOVS     R0,#+53
   \   000000D6   0x....             LDR.N    R1,??DataTable4_20
   \   000000D8   0x7008             STRB     R0,[R1, #+0]
    136            nvic_init_struct5.NVIC_IRQChannelGroupPriority=NVIC_PriorityGroup_2 ;//NVIC 中断分组
   \   000000DA   0x2005             MOVS     R0,#+5
   \   000000DC   0x....             LDR.N    R1,??DataTable4_20
   \   000000DE   0x6048             STR      R0,[R1, #+4]
    137            nvic_init_struct5.NVIC_IRQChannelPreemptionPriority=0;//抢占优先级
   \   000000E0   0x2000             MOVS     R0,#+0
   \   000000E2   0x....             LDR.N    R1,??DataTable4_20
   \   000000E4   0x6088             STR      R0,[R1, #+8]
    138            nvic_init_struct5.NVIC_IRQChannelSubPriority=2;//NVIC响应式优先级
   \   000000E6   0x2002             MOVS     R0,#+2
   \   000000E8   0x....             LDR.N    R1,??DataTable4_20
   \   000000EA   0x60C8             STR      R0,[R1, #+12]
    139            LPLD_NVIC_Init(nvic_init_struct5);
   \   000000EC   0x....             LDR.N    R1,??DataTable4_20
   \   000000EE   0xB084             SUB      SP,SP,#+16
   \   000000F0   0x4668             MOV      R0,SP
   \   000000F2   0x2214             MOVS     R2,#+20
   \   000000F4   0x.... 0x....      BL       __aeabi_memcpy4
   \   000000F8   0xBC0F             POP      {R0-R3}
   \   000000FA   0x.... 0x....      BL       LPLD_NVIC_Init
    140            
    141            static NVIC_InitTypeDef nvic_init_struct6;    
    142            nvic_init_struct6.NVIC_IRQChannel=UART3_RX_TX_IRQn ;//  通信中断
   \   000000FE   0x2033             MOVS     R0,#+51
   \   00000100   0x....             LDR.N    R1,??DataTable4_21
   \   00000102   0x7008             STRB     R0,[R1, #+0]
    143            nvic_init_struct6.NVIC_IRQChannelGroupPriority=NVIC_PriorityGroup_2 ;//NVIC 中断分组
   \   00000104   0x2005             MOVS     R0,#+5
   \   00000106   0x....             LDR.N    R1,??DataTable4_21
   \   00000108   0x6048             STR      R0,[R1, #+4]
    144            nvic_init_struct6.NVIC_IRQChannelPreemptionPriority=0;//抢占优先级
   \   0000010A   0x2000             MOVS     R0,#+0
   \   0000010C   0x....             LDR.N    R1,??DataTable4_21
   \   0000010E   0x6088             STR      R0,[R1, #+8]
    145            nvic_init_struct6.NVIC_IRQChannelSubPriority=1;//NVIC响应式优先级
   \   00000110   0x2001             MOVS     R0,#+1
   \   00000112   0x....             LDR.N    R1,??DataTable4_21
   \   00000114   0x60C8             STR      R0,[R1, #+12]
    146            LPLD_NVIC_Init(nvic_init_struct6);
   \   00000116   0x....             LDR.N    R1,??DataTable4_21
   \   00000118   0xB084             SUB      SP,SP,#+16
   \   0000011A   0x4668             MOV      R0,SP
   \   0000011C   0x2214             MOVS     R2,#+20
   \   0000011E   0x.... 0x....      BL       __aeabi_memcpy4
   \   00000122   0xBC0F             POP      {R0-R3}
   \   00000124   0x.... 0x....      BL       LPLD_NVIC_Init
    147          }
   \   00000128   0xBD01             POP      {R0,PC}          ;; return

   \                                 In section .bss, align 4
   \                     ??nvic_init_struct0:
   \   00000000                      DS8 20

   \                                 In section .bss, align 4
   \                     ??nvic_init_struct1:
   \   00000000                      DS8 20

   \                                 In section .bss, align 4
   \                     ??nvic_init_struct2:
   \   00000000                      DS8 20

   \                                 In section .bss, align 4
   \                     ??nvic_init_struct3:
   \   00000000                      DS8 20

   \                                 In section .bss, align 4
   \                     ??nvic_init_struct4:
   \   00000000                      DS8 20

   \                                 In section .bss, align 4
   \                     ??nvic_init_struct5:
   \   00000000                      DS8 20

   \                                 In section .bss, align 4
   \                     ??nvic_init_struct6:
   \   00000000                      DS8 20
    148          

   \                                 In section .text, align 2, keep-with-next
    149          void boma_init_gpio(void)
    150          {
   \                     boma_init_gpio: (+1)
   \   00000000   0xB580             PUSH     {R7,LR}
    151            static GPIO_InitTypeDef boma1_io_struct;
    152            boma1_io_struct.GPIO_PTx=PTC;
   \   00000002   0x....             LDR.N    R0,??DataTable4_22  ;; 0x400ff080
   \   00000004   0x....             LDR.N    R1,??DataTable4_23
   \   00000006   0x6008             STR      R0,[R1, #+0]
    153            boma1_io_struct.GPIO_Pins= GPIO_Pin8|GPIO_Pin9|GPIO_Pin10|GPIO_Pin11;
   \   00000008   0xF44F 0x6070      MOV      R0,#+3840
   \   0000000C   0x....             LDR.N    R1,??DataTable4_23
   \   0000000E   0x6048             STR      R0,[R1, #+4]
    154            boma1_io_struct.GPIO_Dir=DIR_INPUT;
   \   00000010   0x2000             MOVS     R0,#+0
   \   00000012   0x....             LDR.N    R1,??DataTable4_23
   \   00000014   0x7308             STRB     R0,[R1, #+12]
    155            boma1_io_struct.GPIO_PinControl=INPUT_PULL_UP;
   \   00000016   0x2003             MOVS     R0,#+3
   \   00000018   0x....             LDR.N    R1,??DataTable4_23
   \   0000001A   0x6088             STR      R0,[R1, #+8]
    156            LPLD_GPIO_Init(boma1_io_struct);
   \   0000001C   0x....             LDR.N    R1,??DataTable4_23
   \   0000001E   0xB084             SUB      SP,SP,#+16
   \   00000020   0x4668             MOV      R0,SP
   \   00000022   0x2214             MOVS     R2,#+20
   \   00000024   0x.... 0x....      BL       __aeabi_memcpy4
   \   00000028   0xBC0F             POP      {R0-R3}
   \   0000002A   0x.... 0x....      BL       LPLD_GPIO_Init
    157            
    158          }
   \   0000002E   0xBD01             POP      {R0,PC}          ;; return

   \                                 In section .bss, align 4
   \                     ??boma1_io_struct:
   \   00000000                      DS8 20

   \                                 In section .text, align 4, keep-with-next
   \                     ??DataTable4:
   \   00000000   0xE000E100         DC32     0xe000e100

   \                                 In section .text, align 4, keep-with-next
   \                     ??DataTable4_1:
   \   00000000   0xE000E180         DC32     0xe000e180

   \                                 In section .text, align 4, keep-with-next
   \                     ??DataTable4_2:
   \   00000000   0x........         DC32     ?_0

   \                                 In section .text, align 4, keep-with-next
   \                     ??DataTable4_3:
   \   00000000   0x........         DC32     real_pointx

   \                                 In section .text, align 4, keep-with-next
   \                     ??DataTable4_4:
   \   00000000   0x........         DC32     ?_1

   \                                 In section .text, align 4, keep-with-next
   \                     ??DataTable4_5:
   \   00000000   0x........         DC32     real_pointy

   \                                 In section .text, align 4, keep-with-next
   \                     ??DataTable4_6:
   \   00000000   0x........         DC32     ?_2

   \                                 In section .text, align 4, keep-with-next
   \                     ??DataTable4_7:
   \   00000000   0x........         DC32     NOpoint

   \                                 In section .text, align 4, keep-with-next
   \                     ??DataTable4_8:
   \   00000000   0x43FE1220         DC32     0x43fe1220

   \                                 In section .text, align 4, keep-with-next
   \                     ??DataTable4_9:
   \   00000000   0x43FE1224         DC32     0x43fe1224

   \                                 In section .text, align 4, keep-with-next
   \                     ??DataTable4_10:
   \   00000000   0x43FE1228         DC32     0x43fe1228

   \                                 In section .text, align 4, keep-with-next
   \                     ??DataTable4_11:
   \   00000000   0x43FE122C         DC32     0x43fe122c

   \                                 In section .text, align 4, keep-with-next
   \                     ??DataTable4_12:
   \   00000000   0x........         DC32     code_switch

   \                                 In section .text, align 4, keep-with-next
   \                     ??DataTable4_13:
   \   00000000   0x........         DC32     speed

   \                                 In section .text, align 4, keep-with-next
   \                     ??DataTable4_14:
   \   00000000   0x........         DC32     SetSpeed

   \                                 In section .text, align 4, keep-with-next
   \                     ??DataTable4_15:
   \   00000000   0x........         DC32     ??nvic_init_struct0

   \                                 In section .text, align 4, keep-with-next
   \                     ??DataTable4_16:
   \   00000000   0x........         DC32     ??nvic_init_struct1

   \                                 In section .text, align 4, keep-with-next
   \                     ??DataTable4_17:
   \   00000000   0x........         DC32     ??nvic_init_struct2

   \                                 In section .text, align 4, keep-with-next
   \                     ??DataTable4_18:
   \   00000000   0x........         DC32     ??nvic_init_struct3

   \                                 In section .text, align 4, keep-with-next
   \                     ??DataTable4_19:
   \   00000000   0x........         DC32     ??nvic_init_struct4

   \                                 In section .text, align 4, keep-with-next
   \                     ??DataTable4_20:
   \   00000000   0x........         DC32     ??nvic_init_struct5

   \                                 In section .text, align 4, keep-with-next
   \                     ??DataTable4_21:
   \   00000000   0x........         DC32     ??nvic_init_struct6

   \                                 In section .text, align 4, keep-with-next
   \                     ??DataTable4_22:
   \   00000000   0x400FF080         DC32     0x400ff080

   \                                 In section .text, align 4, keep-with-next
   \                     ??DataTable4_23:
   \   00000000   0x........         DC32     ??boma1_io_struct

   \                                 In section .rodata, align 4
   \                     ?_0:
   \   00000000   0x72 0x65          DC8 "real_pointx"
   \              0x61 0x6C    
   \              0x5F 0x70    
   \              0x6F 0x69    
   \              0x6E 0x74    
   \              0x78 0x00    

   \                                 In section .rodata, align 4
   \                     ?_1:
   \   00000000   0x72 0x65          DC8 "real_pointy"
   \              0x61 0x6C    
   \              0x5F 0x70    
   \              0x6F 0x69    
   \              0x6E 0x74    
   \              0x79 0x00    

   \                                 In section .rodata, align 4
   \                     ?_2:
   \   00000000   0x4E 0x4F          DC8 "NOpoint"
   \              0x70 0x6F    
   \              0x69 0x6E    
   \              0x74 0x00    
    159          
    160          

   Maximum stack usage in bytes:

   .cstack Function
   ------- --------
       0   NVIC_DisableIRQ
       0   NVIC_EnableIRQ
      24   boma_init_gpio
         8   -> LPLD_GPIO_Init
        24   -> __aeabi_memcpy4
       8   main
         8   -> DianG_Init
         8   -> Key_Process
         8   -> LED_Fill
         8   -> LED_Init
         8   -> LED_P6x8Str
         8   -> LED_PrintValueFP
         8   -> LPLD_Flash_Init
         8   -> NVIC_DisableIRQ
         8   -> NVIC_EnableIRQ
         8   -> PID_Init
         8   -> QD_init
         8   -> Servo_Init
         8   -> barrier_init
         8   -> boma_init_gpio
         8   -> botton_dial_switch_gpio_init
         8   -> camera_init
         8   -> led_gpio_int
         8   -> nvic_init
         8   -> parameter_flash
         8   -> pianhang_config
         8   -> picture_send
         8   -> pit_init
         8   -> push
         8   -> sendDataToScope
         8   -> start
      24   nvic_init
         8   -> LPLD_NVIC_Init
        24   -> __aeabi_memcpy4


   Section sizes:

   Bytes  Function/Label
   -----  --------------
       4  ??DataTable4
       4  ??DataTable4_1
       4  ??DataTable4_10
       4  ??DataTable4_11
       4  ??DataTable4_12
       4  ??DataTable4_13
       4  ??DataTable4_14
       4  ??DataTable4_15
       4  ??DataTable4_16
       4  ??DataTable4_17
       4  ??DataTable4_18
       4  ??DataTable4_19
       4  ??DataTable4_2
       4  ??DataTable4_20
       4  ??DataTable4_21
       4  ??DataTable4_22
       4  ??DataTable4_23
       4  ??DataTable4_3
       4  ??DataTable4_4
       4  ??DataTable4_5
       4  ??DataTable4_6
       4  ??DataTable4_7
       4  ??DataTable4_8
       4  ??DataTable4_9
      12  ?_0
      12  ?_1
       8  ?_2
      22  NVIC_DisableIRQ
      22  NVIC_EnableIRQ
      20  boma1_io_struct
      48  boma_init_gpio
       1  code_switch
     556  main
     298  nvic_init
      20  nvic_init_struct0
      20  nvic_init_struct1
      20  nvic_init_struct2
      20  nvic_init_struct3
      20  nvic_init_struct4
      20  nvic_init_struct5
      20  nvic_init_struct6

 
   161 bytes in section .bss
    32 bytes in section .rodata
 1 042 bytes in section .text
 
 1 042 bytes of CODE  memory
    32 bytes of CONST memory
   161 bytes of DATA  memory

Errors: none
Warnings: 3
