###############################################################################
#
# IAR ANSI C/C++ Compiler V7.50.1.10123/W32 for ARM       15/Jul/2017  09:26:49
# Copyright 1999-2015 IAR Systems AB.
#
#    Cpu mode     =  thumb
#    Endian       =  little
#    Source file  =  
#        F:\study\car\program\lib_and_example\LPLD_OSKinetis_V3\project\Car_C_sub7_15\app\anotherk60.c
#    Command line =  
#        F:\study\car\program\lib_and_example\LPLD_OSKinetis_V3\project\Car_C_sub7_15\app\anotherk60.c
#        -D LPLD_K60 -D USE_K60DZ10 -lCN
#        F:\study\car\program\lib_and_example\LPLD_OSKinetis_V3\project\Car_C_sub7_15\iar\FLASH\List
#        -lB
#        F:\study\car\program\lib_and_example\LPLD_OSKinetis_V3\project\Car_C_sub7_15\iar\FLASH\List
#        -o
#        F:\study\car\program\lib_and_example\LPLD_OSKinetis_V3\project\Car_C_sub7_15\iar\FLASH\Obj
#        --no_cse --no_unroll --no_inline --no_code_motion --no_tbaa
#        --no_clustering --no_scheduling --debug --endian=little
#        --cpu=Cortex-M4 -e --fpu=None --dlib_config "D:\Program Files
#        (x86)\IAR Systems\Embedded Workbench
#        7.3\arm\INC\c\DLib_Config_Normal.h" -I
#        F:\study\car\program\lib_and_example\LPLD_OSKinetis_V3\project\Car_C_sub7_15\iar\..\app\
#        -I
#        F:\study\car\program\lib_and_example\LPLD_OSKinetis_V3\project\Car_C_sub7_15\iar\..\..\..\lib\CPU\
#        -I
#        F:\study\car\program\lib_and_example\LPLD_OSKinetis_V3\project\Car_C_sub7_15\iar\..\..\..\lib\common\
#        -I
#        F:\study\car\program\lib_and_example\LPLD_OSKinetis_V3\project\Car_C_sub7_15\iar\..\..\..\lib\LPLD\
#        -I
#        F:\study\car\program\lib_and_example\LPLD_OSKinetis_V3\project\Car_C_sub7_15\iar\..\..\..\lib\LPLD\HW\
#        -I
#        F:\study\car\program\lib_and_example\LPLD_OSKinetis_V3\project\Car_C_sub7_15\iar\..\..\..\lib\LPLD\DEV\
#        -I
#        F:\study\car\program\lib_and_example\LPLD_OSKinetis_V3\project\Car_C_sub7_15\iar\..\..\..\lib\LPLD\FUNC\
#        -I
#        F:\study\car\program\lib_and_example\LPLD_OSKinetis_V3\project\Car_C_sub7_15\iar\..\..\..\lib\uCOS-II\Ports\
#        -I
#        F:\study\car\program\lib_and_example\LPLD_OSKinetis_V3\project\Car_C_sub7_15\iar\..\..\..\lib\uCOS-II\Source\
#        -I
#        F:\study\car\program\lib_and_example\LPLD_OSKinetis_V3\project\Car_C_sub7_15\iar\..\..\..\lib\FatFs\
#        -I
#        F:\study\car\program\lib_and_example\LPLD_OSKinetis_V3\project\Car_C_sub7_15\iar\..\..\..\lib\FatFs\option\
#        -I
#        F:\study\car\program\lib_and_example\LPLD_OSKinetis_V3\project\Car_C_sub7_15\iar\..\..\..\lib\USB\common\
#        -I
#        F:\study\car\program\lib_and_example\LPLD_OSKinetis_V3\project\Car_C_sub7_15\iar\..\..\..\lib\USB\driver\
#        -I
#        F:\study\car\program\lib_and_example\LPLD_OSKinetis_V3\project\Car_C_sub7_15\iar\..\..\..\lib\USB\descriptor\
#        -I
#        F:\study\car\program\lib_and_example\LPLD_OSKinetis_V3\project\Car_C_sub7_15\iar\..\..\..\lib\USB\class\
#        -Ol -I "D:\Program Files (x86)\IAR Systems\Embedded Workbench
#        7.3\arm\CMSIS\Include\" -D ARM_MATH_CM4
#    List file    =  
#        F:\study\car\program\lib_and_example\LPLD_OSKinetis_V3\project\Car_C_sub7_15\iar\FLASH\List\anotherk60.lst
#    Object file  =  
#        F:\study\car\program\lib_and_example\LPLD_OSKinetis_V3\project\Car_C_sub7_15\iar\FLASH\Obj\anotherk60.o
#
###############################################################################

F:\study\car\program\lib_and_example\LPLD_OSKinetis_V3\project\Car_C_sub7_15\app\anotherk60.c
      1          /*
      2            信标组从单片机程序
      3            避障
      4            红外计数
      5           */
      6          #include "common.h"

   \                                 In section .text, align 2, keep-with-next
   \   static __interwork __softfp void NVIC_EnableIRQ(IRQn_Type)
   \                     NVIC_EnableIRQ: (+1)
   \   00000000   0x2101             MOVS     R1,#+1
   \   00000002   0xF010 0x021F      ANDS     R2,R0,#0x1F
   \   00000006   0x4091             LSLS     R1,R1,R2
   \   00000008   0x....             LDR.N    R2,??DataTable3  ;; 0xe000e100
   \   0000000A   0xB240             SXTB     R0,R0            ;; SignExt  R0,R0,#+24,#+24
   \   0000000C   0x0940             LSRS     R0,R0,#+5
   \   0000000E   0xF842 0x1020      STR      R1,[R2, R0, LSL #+2]
   \   00000012   0x4770             BX       LR               ;; return
      7          #include "camera.h"
      8          #include "timer.h"
      9          #include "obstacle.h" 
     10          #include "oled.h"
     11          
     12          extern uint8 NOpoint;
     13          extern uint8 real_pointx,real_pointy;
     14          
     15          void nvic_init(void) ;
     16          void infrared_pwm(void);
     17          

   \                                 In section .text, align 2, keep-with-next
     18          void main (void)
     19          {
   \                     main: (+1)
   \   00000000   0xB580             PUSH     {R7,LR}
     20            DisableInterrupts;
   \   00000002   0xB672             CPSID    I
     21            camera_init();
   \   00000004   0x.... 0x....      BL       camera_init
     22            infrared_pwm();
   \   00000008   0x.... 0x....      BL       infrared_pwm
     23            led_gpio_int();
   \   0000000C   0x.... 0x....      BL       led_gpio_int
     24            LED_Init();
   \   00000010   0x.... 0x....      BL       LED_Init
     25            ob_gpio_init();
   \   00000014   0x.... 0x....      BL       ob_gpio_init
     26            pit_init();
   \   00000018   0x.... 0x....      BL       pit_init
     27            nvic_init();
   \   0000001C   0x.... 0x....      BL       nvic_init
     28            enable_irq(PORTE_IRQn);
   \   00000020   0x205B             MOVS     R0,#+91
   \   00000022   0x.... 0x....      BL       NVIC_EnableIRQ
     29            enable_irq(PIT0_IRQn);
   \   00000026   0x2044             MOVS     R0,#+68
   \   00000028   0x.... 0x....      BL       NVIC_EnableIRQ
     30            EnableInterrupts;
   \   0000002C   0xB662             CPSIE    I
     31            while(1)
     32            {
     33              //picture2pc();
     34              Key_delay();
   \                     ??main_0: (+1)
   \   0000002E   0x.... 0x....      BL       Key_delay
     35              LED_P6x8Str(0, 0,  "NOpoint");
   \   00000032   0x....             LDR.N    R2,??DataTable3_1
   \   00000034   0x2100             MOVS     R1,#+0
   \   00000036   0x2000             MOVS     R0,#+0
   \   00000038   0x.... 0x....      BL       LED_P6x8Str
     36              LED_PrintValueFP(50,0, NOpoint, 1);
   \   0000003C   0x2301             MOVS     R3,#+1
   \   0000003E   0x....             LDR.N    R0,??DataTable3_2
   \   00000040   0x7802             LDRB     R2,[R0, #+0]
   \   00000042   0x2100             MOVS     R1,#+0
   \   00000044   0x2032             MOVS     R0,#+50
   \   00000046   0x.... 0x....      BL       LED_PrintValueFP
     37              
     38              LED_P6x8Str(0, 2,  "real_pointx");
   \   0000004A   0x....             LDR.N    R2,??DataTable3_3
   \   0000004C   0x2102             MOVS     R1,#+2
   \   0000004E   0x2000             MOVS     R0,#+0
   \   00000050   0x.... 0x....      BL       LED_P6x8Str
     39              LED_PrintValueFP(80,2,real_pointx,3);
   \   00000054   0x2303             MOVS     R3,#+3
   \   00000056   0x....             LDR.N    R0,??DataTable3_4
   \   00000058   0x7802             LDRB     R2,[R0, #+0]
   \   0000005A   0x2102             MOVS     R1,#+2
   \   0000005C   0x2050             MOVS     R0,#+80
   \   0000005E   0x.... 0x....      BL       LED_PrintValueFP
     40              
     41              LED_P6x8Str(0, 4,  "real_pointy");
   \   00000062   0x....             LDR.N    R2,??DataTable3_5
   \   00000064   0x2104             MOVS     R1,#+4
   \   00000066   0x2000             MOVS     R0,#+0
   \   00000068   0x.... 0x....      BL       LED_P6x8Str
     42              LED_PrintValueFP(80,4,real_pointy,3);
   \   0000006C   0x2303             MOVS     R3,#+3
   \   0000006E   0x....             LDR.N    R0,??DataTable3_6
   \   00000070   0x7802             LDRB     R2,[R0, #+0]
   \   00000072   0x2104             MOVS     R1,#+4
   \   00000074   0x2050             MOVS     R0,#+80
   \   00000076   0x.... 0x....      BL       LED_PrintValueFP
   \   0000007A   0xE7D8             B.N      ??main_0
     43              
     44            } 
     45          }
     46          

   \                                 In section .text, align 2, keep-with-next
     47          void nvic_init(void)  
     48          {
   \                     nvic_init: (+1)
   \   00000000   0xB580             PUSH     {R7,LR}
     49             static NVIC_InitTypeDef nvic_init_struct0;
     50             
     51            nvic_init_struct0.NVIC_IRQChannel=PIT0_IRQn;//中断IRQn_Type号   
   \   00000002   0x2044             MOVS     R0,#+68
   \   00000004   0x....             LDR.N    R1,??DataTable3_7
   \   00000006   0x7008             STRB     R0,[R1, #+0]
     52            nvic_init_struct0.NVIC_IRQChannelGroupPriority=NVIC_PriorityGroup_2 ;//NVIC 中断分组
   \   00000008   0x2005             MOVS     R0,#+5
   \   0000000A   0x....             LDR.N    R1,??DataTable3_7
   \   0000000C   0x6048             STR      R0,[R1, #+4]
     53            nvic_init_struct0.NVIC_IRQChannelPreemptionPriority=1;//抢占优先级
   \   0000000E   0x2001             MOVS     R0,#+1
   \   00000010   0x....             LDR.N    R1,??DataTable3_7
   \   00000012   0x6088             STR      R0,[R1, #+8]
     54            nvic_init_struct0.NVIC_IRQChannelSubPriority=1;//NVIC响应式优先级
   \   00000014   0x2001             MOVS     R0,#+1
   \   00000016   0x....             LDR.N    R1,??DataTable3_7
   \   00000018   0x60C8             STR      R0,[R1, #+12]
     55            LPLD_NVIC_Init(nvic_init_struct0);
   \   0000001A   0x....             LDR.N    R1,??DataTable3_7
   \   0000001C   0xB084             SUB      SP,SP,#+16
   \   0000001E   0x4668             MOV      R0,SP
   \   00000020   0x2214             MOVS     R2,#+20
   \   00000022   0x.... 0x....      BL       __aeabi_memcpy4
   \   00000026   0xBC0F             POP      {R0-R3}
   \   00000028   0x.... 0x....      BL       LPLD_NVIC_Init
     56            
     57            static NVIC_InitTypeDef nvic_init_struct1;
     58            nvic_init_struct1.NVIC_IRQChannel=PORTE_IRQn;//中断IRQn_Type号        摄像头图像
   \   0000002C   0x205B             MOVS     R0,#+91
   \   0000002E   0x....             LDR.N    R1,??DataTable3_8
   \   00000030   0x7008             STRB     R0,[R1, #+0]
     59            nvic_init_struct1.NVIC_IRQChannelGroupPriority=NVIC_PriorityGroup_2;//NVIC 中断分组
   \   00000032   0x2005             MOVS     R0,#+5
   \   00000034   0x....             LDR.N    R1,??DataTable3_8
   \   00000036   0x6048             STR      R0,[R1, #+4]
     60            nvic_init_struct1.NVIC_IRQChannelPreemptionPriority=0;//NVIC抢占式优先级
   \   00000038   0x2000             MOVS     R0,#+0
   \   0000003A   0x....             LDR.N    R1,??DataTable3_8
   \   0000003C   0x6088             STR      R0,[R1, #+8]
     61            nvic_init_struct1.NVIC_IRQChannelSubPriority=0;//NVIC响应式优先级
   \   0000003E   0x2000             MOVS     R0,#+0
   \   00000040   0x....             LDR.N    R1,??DataTable3_8
   \   00000042   0x60C8             STR      R0,[R1, #+12]
     62            LPLD_NVIC_Init(nvic_init_struct1);
   \   00000044   0x....             LDR.N    R1,??DataTable3_8
   \   00000046   0xB084             SUB      SP,SP,#+16
   \   00000048   0x4668             MOV      R0,SP
   \   0000004A   0x2214             MOVS     R2,#+20
   \   0000004C   0x.... 0x....      BL       __aeabi_memcpy4
   \   00000050   0xBC0F             POP      {R0-R3}
   \   00000052   0x.... 0x....      BL       LPLD_NVIC_Init
     63            
     64          }
   \   00000056   0xBD01             POP      {R0,PC}          ;; return

   \                                 In section .bss, align 4
   \                     ??nvic_init_struct0:
   \   00000000                      DS8 20

   \                                 In section .bss, align 4
   \                     ??nvic_init_struct1:
   \   00000000                      DS8 20

   \                                 In section .text, align 2, keep-with-next
     65          void infrared_pwm(void)
     66          {
   \                     infrared_pwm: (+1)
   \   00000000   0xB5E0             PUSH     {R5-R7,LR}
     67            static FTM_InitTypeDef ftm_init_struct;
     68            ftm_init_struct.FTM_Ftmx = FTM0;	           //使能FTM0通道
   \   00000002   0x....             LDR.N    R0,??DataTable3_9  ;; 0x40038000
   \   00000004   0x....             LDR.N    R1,??DataTable3_10
   \   00000006   0x6008             STR      R0,[R1, #+0]
     69            ftm_init_struct.FTM_Mode = FTM_MODE_PWM;	 //使能PWM模式
   \   00000008   0x2001             MOVS     R0,#+1
   \   0000000A   0x....             LDR.N    R1,??DataTable3_10
   \   0000000C   0x7108             STRB     R0,[R1, #+4]
     70            ftm_init_struct.FTM_PwmFreq = 100;         //PWM频率50Hz
   \   0000000E   0x2064             MOVS     R0,#+100
   \   00000010   0x....             LDR.N    R1,??DataTable3_10
   \   00000012   0x6088             STR      R0,[R1, #+8]
     71            LPLD_FTM_Init(ftm_init_struct);
   \   00000014   0x....             LDR.N    R1,??DataTable3_10
   \   00000016   0xB084             SUB      SP,SP,#+16
   \   00000018   0x4668             MOV      R0,SP
   \   0000001A   0x221C             MOVS     R2,#+28
   \   0000001C   0x.... 0x....      BL       __aeabi_memcpy4
   \   00000020   0xBC0F             POP      {R0-R3}
   \   00000022   0x.... 0x....      BL       LPLD_FTM_Init
     72            LPLD_FTM_PWM_Enable(FTM0,FTM_Ch5,9000,PTD5,ALIGN_LEFT);
   \   00000026   0x2028             MOVS     R0,#+40
   \   00000028   0x9000             STR      R0,[SP, #+0]
   \   0000002A   0x2361             MOVS     R3,#+97
   \   0000002C   0xF242 0x3228      MOVW     R2,#+9000
   \   00000030   0x2105             MOVS     R1,#+5
   \   00000032   0x....             LDR.N    R0,??DataTable3_9  ;; 0x40038000
   \   00000034   0x.... 0x....      BL       LPLD_FTM_PWM_Enable
     73            LPLD_FTM_PWM_Enable(FTM0,FTM_Ch6,9000,PTD6,ALIGN_LEFT);//使能PWM 
   \   00000038   0x2028             MOVS     R0,#+40
   \   0000003A   0x9000             STR      R0,[SP, #+0]
   \   0000003C   0x2362             MOVS     R3,#+98
   \   0000003E   0xF242 0x3228      MOVW     R2,#+9000
   \   00000042   0x2106             MOVS     R1,#+6
   \   00000044   0x....             LDR.N    R0,??DataTable3_9  ;; 0x40038000
   \   00000046   0x.... 0x....      BL       LPLD_FTM_PWM_Enable
     74            LPLD_FTM_PWM_Enable(FTM0,FTM_Ch7,9000,PTD7,ALIGN_LEFT);
   \   0000004A   0x2028             MOVS     R0,#+40
   \   0000004C   0x9000             STR      R0,[SP, #+0]
   \   0000004E   0x2363             MOVS     R3,#+99
   \   00000050   0xF242 0x3228      MOVW     R2,#+9000
   \   00000054   0x2107             MOVS     R1,#+7
   \   00000056   0x....             LDR.N    R0,??DataTable3_9  ;; 0x40038000
   \   00000058   0x.... 0x....      BL       LPLD_FTM_PWM_Enable
     75          }
   \   0000005C   0xBD07             POP      {R0-R2,PC}       ;; return

   \                                 In section .bss, align 4
   \                     ??ftm_init_struct:
   \   00000000                      DS8 28

   \                                 In section .text, align 4, keep-with-next
   \                     ??DataTable3:
   \   00000000   0xE000E100         DC32     0xe000e100

   \                                 In section .text, align 4, keep-with-next
   \                     ??DataTable3_1:
   \   00000000   0x........         DC32     ?_0

   \                                 In section .text, align 4, keep-with-next
   \                     ??DataTable3_2:
   \   00000000   0x........         DC32     NOpoint

   \                                 In section .text, align 4, keep-with-next
   \                     ??DataTable3_3:
   \   00000000   0x........         DC32     ?_1

   \                                 In section .text, align 4, keep-with-next
   \                     ??DataTable3_4:
   \   00000000   0x........         DC32     real_pointx

   \                                 In section .text, align 4, keep-with-next
   \                     ??DataTable3_5:
   \   00000000   0x........         DC32     ?_2

   \                                 In section .text, align 4, keep-with-next
   \                     ??DataTable3_6:
   \   00000000   0x........         DC32     real_pointy

   \                                 In section .text, align 4, keep-with-next
   \                     ??DataTable3_7:
   \   00000000   0x........         DC32     ??nvic_init_struct0

   \                                 In section .text, align 4, keep-with-next
   \                     ??DataTable3_8:
   \   00000000   0x........         DC32     ??nvic_init_struct1

   \                                 In section .text, align 4, keep-with-next
   \                     ??DataTable3_9:
   \   00000000   0x40038000         DC32     0x40038000

   \                                 In section .text, align 4, keep-with-next
   \                     ??DataTable3_10:
   \   00000000   0x........         DC32     ??ftm_init_struct

   \                                 In section .rodata, align 4
   \                     ?_0:
   \   00000000   0x4E 0x4F          DC8 "NOpoint"
   \              0x70 0x6F    
   \              0x69 0x6E    
   \              0x74 0x00    

   \                                 In section .rodata, align 4
   \                     ?_1:
   \   00000000   0x72 0x65          DC8 "real_pointx"
   \              0x61 0x6C    
   \              0x5F 0x70    
   \              0x6F 0x69    
   \              0x6E 0x74    
   \              0x78 0x00    

   \                                 In section .rodata, align 4
   \                     ?_2:
   \   00000000   0x72 0x65          DC8 "real_pointy"
   \              0x61 0x6C    
   \              0x5F 0x70    
   \              0x6F 0x69    
   \              0x6E 0x74    
   \              0x79 0x00    
     76          

   Maximum stack usage in bytes:

   .cstack Function
   ------- --------
       0   NVIC_EnableIRQ
      32   infrared_pwm
        16   -> LPLD_FTM_Init
        16   -> LPLD_FTM_PWM_Enable
        32   -> __aeabi_memcpy4
       8   main
         8   -> Key_delay
         8   -> LED_Init
         8   -> LED_P6x8Str
         8   -> LED_PrintValueFP
         8   -> NVIC_EnableIRQ
         8   -> camera_init
         8   -> infrared_pwm
         8   -> led_gpio_int
         8   -> nvic_init
         8   -> ob_gpio_init
         8   -> pit_init
      24   nvic_init
         8   -> LPLD_NVIC_Init
        24   -> __aeabi_memcpy4


   Section sizes:

   Bytes  Function/Label
   -----  --------------
       4  ??DataTable3
       4  ??DataTable3_1
       4  ??DataTable3_10
       4  ??DataTable3_2
       4  ??DataTable3_3
       4  ??DataTable3_4
       4  ??DataTable3_5
       4  ??DataTable3_6
       4  ??DataTable3_7
       4  ??DataTable3_8
       4  ??DataTable3_9
       8  ?_0
      12  ?_1
      12  ?_2
      20  NVIC_EnableIRQ
      28  ftm_init_struct
      94  infrared_pwm
     124  main
      88  nvic_init
      20  nvic_init_struct0
      20  nvic_init_struct1

 
  68 bytes in section .bss
  32 bytes in section .rodata
 370 bytes in section .text
 
 370 bytes of CODE  memory
  32 bytes of CONST memory
  68 bytes of DATA  memory

Errors: none
Warnings: none
