###############################################################################
#
# IAR ANSI C/C++ Compiler V7.50.1.10123/W32 for ARM       21/Aug/2017  09:52:51
# Copyright 1999-2015 IAR Systems AB.
#
#    Cpu mode     =  thumb
#    Endian       =  little
#    Source file  =  
#        G:\study\car\program\lib_and_example\LPLD_OSKinetis_V3\project\Car_C_sub_2017_7_15\app\camera.c
#    Command line =  
#        G:\study\car\program\lib_and_example\LPLD_OSKinetis_V3\project\Car_C_sub_2017_7_15\app\camera.c
#        -D LPLD_K60 -D USE_K60DZ10 -lCN
#        G:\study\car\program\lib_and_example\LPLD_OSKinetis_V3\project\Car_C_sub_2017_7_15\iar\FLASH\List
#        -lB
#        G:\study\car\program\lib_and_example\LPLD_OSKinetis_V3\project\Car_C_sub_2017_7_15\iar\FLASH\List
#        -o
#        G:\study\car\program\lib_and_example\LPLD_OSKinetis_V3\project\Car_C_sub_2017_7_15\iar\FLASH\Obj
#        --no_cse --no_unroll --no_inline --no_code_motion --no_tbaa
#        --no_clustering --no_scheduling --debug --endian=little
#        --cpu=Cortex-M4 -e --fpu=None --dlib_config "E:\IAR Systems\Embedded
#        Workbench 7.3\arm\INC\c\DLib_Config_Normal.h" -I
#        G:\study\car\program\lib_and_example\LPLD_OSKinetis_V3\project\Car_C_sub_2017_7_15\iar\..\app\
#        -I
#        G:\study\car\program\lib_and_example\LPLD_OSKinetis_V3\project\Car_C_sub_2017_7_15\iar\..\..\..\lib\CPU\
#        -I
#        G:\study\car\program\lib_and_example\LPLD_OSKinetis_V3\project\Car_C_sub_2017_7_15\iar\..\..\..\lib\common\
#        -I
#        G:\study\car\program\lib_and_example\LPLD_OSKinetis_V3\project\Car_C_sub_2017_7_15\iar\..\..\..\lib\LPLD\
#        -I
#        G:\study\car\program\lib_and_example\LPLD_OSKinetis_V3\project\Car_C_sub_2017_7_15\iar\..\..\..\lib\LPLD\HW\
#        -I
#        G:\study\car\program\lib_and_example\LPLD_OSKinetis_V3\project\Car_C_sub_2017_7_15\iar\..\..\..\lib\LPLD\DEV\
#        -I
#        G:\study\car\program\lib_and_example\LPLD_OSKinetis_V3\project\Car_C_sub_2017_7_15\iar\..\..\..\lib\LPLD\FUNC\
#        -I
#        G:\study\car\program\lib_and_example\LPLD_OSKinetis_V3\project\Car_C_sub_2017_7_15\iar\..\..\..\lib\uCOS-II\Ports\
#        -I
#        G:\study\car\program\lib_and_example\LPLD_OSKinetis_V3\project\Car_C_sub_2017_7_15\iar\..\..\..\lib\uCOS-II\Source\
#        -I
#        G:\study\car\program\lib_and_example\LPLD_OSKinetis_V3\project\Car_C_sub_2017_7_15\iar\..\..\..\lib\FatFs\
#        -I
#        G:\study\car\program\lib_and_example\LPLD_OSKinetis_V3\project\Car_C_sub_2017_7_15\iar\..\..\..\lib\FatFs\option\
#        -I
#        G:\study\car\program\lib_and_example\LPLD_OSKinetis_V3\project\Car_C_sub_2017_7_15\iar\..\..\..\lib\USB\common\
#        -I
#        G:\study\car\program\lib_and_example\LPLD_OSKinetis_V3\project\Car_C_sub_2017_7_15\iar\..\..\..\lib\USB\driver\
#        -I
#        G:\study\car\program\lib_and_example\LPLD_OSKinetis_V3\project\Car_C_sub_2017_7_15\iar\..\..\..\lib\USB\descriptor\
#        -I
#        G:\study\car\program\lib_and_example\LPLD_OSKinetis_V3\project\Car_C_sub_2017_7_15\iar\..\..\..\lib\USB\class\
#        -Ol -I "E:\IAR Systems\Embedded Workbench 7.3\arm\CMSIS\Include\" -D
#        ARM_MATH_CM4
#    List file    =  
#        G:\study\car\program\lib_and_example\LPLD_OSKinetis_V3\project\Car_C_sub_2017_7_15\iar\FLASH\List\camera.lst
#    Object file  =  
#        G:\study\car\program\lib_and_example\LPLD_OSKinetis_V3\project\Car_C_sub_2017_7_15\iar\FLASH\Obj\camera.o
#
###############################################################################

G:\study\car\program\lib_and_example\LPLD_OSKinetis_V3\project\Car_C_sub_2017_7_15\app\camera.c
      1          
      2          #include "camera.h"

   \                                 In section .text, align 2, keep-with-next
   \   static __interwork __softfp void NVIC_EnableIRQ(IRQn_Type)
   \                     NVIC_EnableIRQ: (+1)
   \   00000000   0x2101             MOVS     R1,#+1
   \   00000002   0xF010 0x021F      ANDS     R2,R0,#0x1F
   \   00000006   0x4091             LSLS     R1,R1,R2
   \   00000008   0x.... 0x....      LDR.W    R2,??DataTable6  ;; 0xe000e100
   \   0000000C   0xB240             SXTB     R0,R0            ;; SignExt  R0,R0,#+24,#+24
   \   0000000E   0x0940             LSRS     R0,R0,#+5
   \   00000010   0xF842 0x1020      STR      R1,[R2, R0, LSL #+2]
   \   00000014   0x4770             BX       LR               ;; return

   \                                 In section .text, align 2, keep-with-next
   \   static __interwork __softfp void NVIC_DisableIRQ(IRQn_Type)
   \                     NVIC_DisableIRQ: (+1)
   \   00000000   0x2101             MOVS     R1,#+1
   \   00000002   0xF010 0x021F      ANDS     R2,R0,#0x1F
   \   00000006   0x4091             LSLS     R1,R1,R2
   \   00000008   0x.... 0x....      LDR.W    R2,??DataTable6_1  ;; 0xe000e180
   \   0000000C   0xB240             SXTB     R0,R0            ;; SignExt  R0,R0,#+24,#+24
   \   0000000E   0x0940             LSRS     R0,R0,#+5
   \   00000010   0xF842 0x1020      STR      R1,[R2, R0, LSL #+2]
   \   00000014   0x4770             BX       LR               ;; return
      3          #include "common.h"
      4          
      5          #define COLUMN 180       //列
      6          #define ROW    240      //行
      7          #define ROWbegin    80      //开始采集行
      8          #define ROWend    200      //结束采集行
      9          #define ROWnum    120      //采集行数
     10          

   \                                 In section .bss, align 4
     11          unsigned char Image1[ROW][COLUMN];
   \                     Image1:
   \   00000000                      DS8 43200

   \                                 In section .bss, align 4
     12          unsigned char Image2[ROW][COLUMN];
   \                     Image2:
   \   00000000                      DS8 43200

   \                                 In section .bss, align 1
     13          uint8  end_flag=0; 
   \                     end_flag:
   \   00000000                      DS8 1

   \                                 In section .bss, align 1
     14          uint8 start_flag=0;
   \                     start_flag:
   \   00000000                      DS8 1

   \                                 In section .bss, align 1
     15          uint8 row=0;
   \                     row:
   \   00000000                      DS8 1

   \                                 In section .bss, align 1
     16          uint8 lock=0;
   \                     lock:
   \   00000000                      DS8 1

   \                                 In section .data, align 1
     17          uint8 WhichBuffer = 1;
   \                     WhichBuffer:
   \   00000000   0x01               DC8 1

   \                                 In section .data, align 1
     18          uint8 setvalue=110;//阈值
   \                     setvalue:
   \   00000000   0x6E               DC8 110

   \                                 In section .bss, align 1
     19          uint8 real_pointx,real_pointy,NOpoint,rowAdr;
   \                     real_pointx:
   \   00000000                      DS8 1

   \                                 In section .bss, align 1
   \                     real_pointy:
   \   00000000                      DS8 1

   \                                 In section .bss, align 1
   \                     NOpoint:
   \   00000000                      DS8 1

   \                                 In section .bss, align 1
   \                     rowAdr:
   \   00000000                      DS8 1

   \                                 In section .bss, align 4
     20          float sumtuan,testsum[5],testsum_average;
   \                     sumtuan:
   \   00000000                      DS8 4

   \                                 In section .bss, align 4
   \                     testsum:
   \   00000000                      DS8 20

   \                                 In section .bss, align 4
   \                     testsum_average:
   \   00000000                      DS8 4
     21          //int prok;
     22          

   \                                 In section .text, align 2, keep-with-next
     23          void camera_init(void)
     24          {
   \                     camera_init: (+1)
   \   00000000   0xB500             PUSH     {LR}
   \   00000002   0xB087             SUB      SP,SP,#+28
     25            static GPIO_InitTypeDef dmaReq_port_struct;
     26            dmaReq_port_struct.GPIO_PTx = PTE;
   \   00000004   0x.... 0x....      LDR.W    R0,??DataTable6_2  ;; 0x400ff100
   \   00000008   0x.... 0x....      LDR.W    R1,??DataTable6_3
   \   0000000C   0x6008             STR      R0,[R1, #+0]
     27            dmaReq_port_struct.GPIO_Pins = GPIO_Pin11;
   \   0000000E   0xF44F 0x6000      MOV      R0,#+2048
   \   00000012   0x.... 0x....      LDR.W    R1,??DataTable6_3
   \   00000016   0x6048             STR      R0,[R1, #+4]
     28            dmaReq_port_struct.GPIO_Dir = DIR_INPUT;
   \   00000018   0x2000             MOVS     R0,#+0
   \   0000001A   0x.... 0x....      LDR.W    R1,??DataTable6_3
   \   0000001E   0x7308             STRB     R0,[R1, #+12]
     29            dmaReq_port_struct.GPIO_PinControl =IRQC_DMAFA | INPUT_PULL_UP;//下降沿产生DMA请求,输入上拉
   \   00000020   0x.... 0x....      LDR.W    R0,??DataTable6_4  ;; 0x20003
   \   00000024   0x.... 0x....      LDR.W    R1,??DataTable6_3
   \   00000028   0x6088             STR      R0,[R1, #+8]
     30            LPLD_GPIO_Init(dmaReq_port_struct);
   \   0000002A   0x.... 0x....      LDR.W    R1,??DataTable6_3
   \   0000002E   0xB084             SUB      SP,SP,#+16
   \   00000030   0x4668             MOV      R0,SP
   \   00000032   0x2214             MOVS     R2,#+20
   \   00000034   0x.... 0x....      BL       __aeabi_memcpy4
   \   00000038   0xBC0F             POP      {R0-R3}
   \   0000003A   0x.... 0x....      BL       LPLD_GPIO_Init
     31            
     32            static GPIO_InitTypeDef href_port_struct;  //行中断接受端口
     33            href_port_struct.GPIO_PTx = PTE;    
   \   0000003E   0x.... 0x....      LDR.W    R0,??DataTable6_2  ;; 0x400ff100
   \   00000042   0x.... 0x....      LDR.W    R1,??DataTable6_5
   \   00000046   0x6008             STR      R0,[R1, #+0]
     34            href_port_struct.GPIO_Pins = GPIO_Pin10;   
   \   00000048   0xF44F 0x6080      MOV      R0,#+1024
   \   0000004C   0x.... 0x....      LDR.W    R1,??DataTable6_5
   \   00000050   0x6048             STR      R0,[R1, #+4]
     35            href_port_struct.GPIO_Dir = DIR_INPUT;        //输入
   \   00000052   0x2000             MOVS     R0,#+0
   \   00000054   0x.... 0x....      LDR.W    R1,??DataTable6_5
   \   00000058   0x7308             STRB     R0,[R1, #+12]
     36            href_port_struct.GPIO_PinControl = IRQC_RI|INPUT_PULL_UP|INPUT_PF_EN;  //内部上拉|下降沿中断
   \   0000005A   0x.... 0x....      LDR.W    R0,??DataTable6_6  ;; 0x90013
   \   0000005E   0x.... 0x....      LDR.W    R1,??DataTable6_5
   \   00000062   0x6088             STR      R0,[R1, #+8]
     37            href_port_struct.GPIO_Isr = porte_isr;        //中断函数
   \   00000064   0x.... 0x....      ADR.W    R0,porte_isr
   \   00000068   0x.... 0x....      LDR.W    R1,??DataTable6_5
   \   0000006C   0x6108             STR      R0,[R1, #+16]
     38            LPLD_GPIO_Init(href_port_struct);
   \   0000006E   0x.... 0x....      LDR.W    R1,??DataTable6_5
   \   00000072   0xB084             SUB      SP,SP,#+16
   \   00000074   0x4668             MOV      R0,SP
   \   00000076   0x2214             MOVS     R2,#+20
   \   00000078   0x.... 0x....      BL       __aeabi_memcpy4
   \   0000007C   0xBC0F             POP      {R0-R3}
   \   0000007E   0x.... 0x....      BL       LPLD_GPIO_Init
     39            LPLD_GPIO_EnableIrq(href_port_struct);
   \   00000082   0x.... 0x....      LDR.W    R1,??DataTable6_5
   \   00000086   0xB084             SUB      SP,SP,#+16
   \   00000088   0x4668             MOV      R0,SP
   \   0000008A   0x2214             MOVS     R2,#+20
   \   0000008C   0x.... 0x....      BL       __aeabi_memcpy4
   \   00000090   0xBC0F             POP      {R0-R3}
   \   00000092   0x.... 0x....      BL       LPLD_GPIO_EnableIrq
     40            
     41            static GPIO_InitTypeDef vsync_port_struct;  //场中断接受端口
     42            vsync_port_struct.GPIO_PTx = PTE;    
   \   00000096   0x.... 0x....      LDR.W    R0,??DataTable6_2  ;; 0x400ff100
   \   0000009A   0x.... 0x....      LDR.W    R1,??DataTable6_7
   \   0000009E   0x6008             STR      R0,[R1, #+0]
     43            vsync_port_struct.GPIO_Pins = GPIO_Pin12;   
   \   000000A0   0xF44F 0x5080      MOV      R0,#+4096
   \   000000A4   0x.... 0x....      LDR.W    R1,??DataTable6_7
   \   000000A8   0x6048             STR      R0,[R1, #+4]
     44            vsync_port_struct.GPIO_Dir = DIR_INPUT;        //输入
   \   000000AA   0x2000             MOVS     R0,#+0
   \   000000AC   0x.... 0x....      LDR.W    R1,??DataTable6_7
   \   000000B0   0x7308             STRB     R0,[R1, #+12]
     45            vsync_port_struct.GPIO_PinControl = IRQC_RI|INPUT_PULL_UP|INPUT_PF_EN;    //内部上拉|下降沿中断
   \   000000B2   0x.... 0x....      LDR.W    R0,??DataTable6_6  ;; 0x90013
   \   000000B6   0x.... 0x....      LDR.W    R1,??DataTable6_7
   \   000000BA   0x6088             STR      R0,[R1, #+8]
     46            vsync_port_struct.GPIO_Isr = porte_isr;        //中断函数
   \   000000BC   0x.... 0x....      ADR.W    R0,porte_isr
   \   000000C0   0x.... 0x....      LDR.W    R1,??DataTable6_7
   \   000000C4   0x6108             STR      R0,[R1, #+16]
     47            LPLD_GPIO_Init(vsync_port_struct);
   \   000000C6   0x.... 0x....      LDR.W    R1,??DataTable6_7
   \   000000CA   0xB084             SUB      SP,SP,#+16
   \   000000CC   0x4668             MOV      R0,SP
   \   000000CE   0x2214             MOVS     R2,#+20
   \   000000D0   0x.... 0x....      BL       __aeabi_memcpy4
   \   000000D4   0xBC0F             POP      {R0-R3}
   \   000000D6   0x.... 0x....      BL       LPLD_GPIO_Init
     48            LPLD_GPIO_EnableIrq(vsync_port_struct);
   \   000000DA   0x.... 0x....      LDR.W    R1,??DataTable6_7
   \   000000DE   0xB084             SUB      SP,SP,#+16
   \   000000E0   0x4668             MOV      R0,SP
   \   000000E2   0x2214             MOVS     R2,#+20
   \   000000E4   0x.... 0x....      BL       __aeabi_memcpy4
   \   000000E8   0xBC0F             POP      {R0-R3}
   \   000000EA   0x.... 0x....      BL       LPLD_GPIO_EnableIrq
     49            
     50            //摄像头到单片机数据口初始化：PTE0~PTE7
     51            static GPIO_InitTypeDef data_port_struct;
     52            data_port_struct.GPIO_PTx = PTE;
   \   000000EE   0x.... 0x....      LDR.W    R0,??DataTable6_2  ;; 0x400ff100
   \   000000F2   0x.... 0x....      LDR.W    R1,??DataTable6_8
   \   000000F6   0x6008             STR      R0,[R1, #+0]
     53            data_port_struct.GPIO_Dir = DIR_INPUT;
   \   000000F8   0x2000             MOVS     R0,#+0
   \   000000FA   0x.... 0x....      LDR.W    R1,??DataTable6_8
   \   000000FE   0x7308             STRB     R0,[R1, #+12]
     54            data_port_struct.GPIO_Pins = GPIO_Pin0_7;
   \   00000100   0x20FF             MOVS     R0,#+255
   \   00000102   0x.... 0x....      LDR.W    R1,??DataTable6_8
   \   00000106   0x6048             STR      R0,[R1, #+4]
     55            data_port_struct.GPIO_PinControl = IRQC_DIS|INPUT_PULL_DIS;
   \   00000108   0x2000             MOVS     R0,#+0
   \   0000010A   0x.... 0x....      LDR.W    R1,??DataTable6_8
   \   0000010E   0x6088             STR      R0,[R1, #+8]
     56            LPLD_GPIO_Init(data_port_struct);
   \   00000110   0x.... 0x....      LDR.W    R1,??DataTable6_8
   \   00000114   0xB084             SUB      SP,SP,#+16
   \   00000116   0x4668             MOV      R0,SP
   \   00000118   0x2214             MOVS     R2,#+20
   \   0000011A   0x.... 0x....      BL       __aeabi_memcpy4
   \   0000011E   0xBC0F             POP      {R0-R3}
   \   00000120   0x.... 0x....      BL       LPLD_GPIO_Init
     57            
     58            //DMA参数配置
     59            static DMA_InitTypeDef  dma_init_struct;
     60            dma_init_struct.DMA_CHx = DMA_CH0;    //CH0通道
   \   00000124   0x2000             MOVS     R0,#+0
   \   00000126   0x.... 0x....      LDR.W    R1,??DataTable6_9
   \   0000012A   0x7008             STRB     R0,[R1, #+0]
     61            dma_init_struct.DMA_Req = PORTE_DMAREQ;     //PORTB22为请求源
   \   0000012C   0x2035             MOVS     R0,#+53
   \   0000012E   0x.... 0x....      LDR.W    R1,??DataTable6_9
   \   00000132   0x7048             STRB     R0,[R1, #+1]
     62            dma_init_struct.DMA_MajorLoopCnt = COLUMN;   //主循环计数值：行采集点数，宽度
   \   00000134   0x20B4             MOVS     R0,#+180
   \   00000136   0x.... 0x....      LDR.W    R1,??DataTable6_9
   \   0000013A   0x8088             STRH     R0,[R1, #+4]
     63            dma_init_struct.DMA_MinorByteCnt = 1; //次循环字节计数：每次传输1字节
   \   0000013C   0x2001             MOVS     R0,#+1
   \   0000013E   0x.... 0x....      LDR.W    R1,??DataTable6_9
   \   00000142   0x6088             STR      R0,[R1, #+8]
     64            dma_init_struct.DMA_SourceAddr = (uint32)&PTE->PDIR; //源地址：PTC0-PTC7,Port Data Input Register
   \   00000144   0x.... 0x....      LDR.W    R0,??DataTable6_10  ;; 0x400ff110
   \   00000148   0x.... 0x....      LDR.W    R1,??DataTable6_9
   \   0000014C   0x60C8             STR      R0,[R1, #+12]
     65            dma_init_struct.DMA_DestAddr = (uint32)Image1;      //目的地址：存放图像的数组
   \   0000014E   0x.... 0x....      LDR.W    R0,??DataTable6_11
   \   00000152   0x.... 0x....      LDR.W    R1,??DataTable6_9
   \   00000156   0x6188             STR      R0,[R1, #+24]
     66            dma_init_struct.DMA_DestAddrOffset = 1;       //目的地址偏移：每次读入增加1
   \   00000158   0x2001             MOVS     R0,#+1
   \   0000015A   0x.... 0x....      LDR.W    R1,??DataTable6_9
   \   0000015E   0x83C8             STRH     R0,[R1, #+30]
     67            dma_init_struct.DMA_AutoDisableReq = TRUE;    //自动禁用请求，使能后通道请求将在主循环结束后禁用
   \   00000160   0x2001             MOVS     R0,#+1
   \   00000162   0x.... 0x....      LDR.W    R1,??DataTable6_9
   \   00000166   0xF881 0x0024      STRB     R0,[R1, #+36]
     68            LPLD_DMA_Init(dma_init_struct);//初始化但未使能
   \   0000016A   0x.... 0x....      LDR.W    R1,??DataTable6_9
   \   0000016E   0xB084             SUB      SP,SP,#+16
   \   00000170   0x4668             MOV      R0,SP
   \   00000172   0x222C             MOVS     R2,#+44
   \   00000174   0x.... 0x....      BL       __aeabi_memcpy4
   \   00000178   0xBC0F             POP      {R0-R3}
   \   0000017A   0x.... 0x....      BL       LPLD_DMA_Init
     69            
     70            static UART_InitTypeDef uart4_init_struct;
     71            uart4_init_struct.UART_Uartx = UART4; //UART4 用于与电脑通信           
   \   0000017E   0x.... 0x....      LDR.W    R0,??DataTable6_12  ;; 0x400ea000
   \   00000182   0x.... 0x....      LDR.W    R1,??DataTable6_13
   \   00000186   0x6008             STR      R0,[R1, #+0]
     72            uart4_init_struct.UART_BaudRate = 115200;
   \   00000188   0xF45F 0x30E1      MOVS     R0,#+115200
   \   0000018C   0x.... 0x....      LDR.W    R1,??DataTable6_13
   \   00000190   0x6048             STR      R0,[R1, #+4]
     73            uart4_init_struct.UART_TxPin = PTE24;//发送引脚为PTE24
   \   00000192   0x2094             MOVS     R0,#+148
   \   00000194   0x.... 0x....      LDR.W    R1,??DataTable6_13
   \   00000198   0x7208             STRB     R0,[R1, #+8]
     74            uart4_init_struct.UART_RxPin = PTE25;//接收引脚为PTE25
   \   0000019A   0x2095             MOVS     R0,#+149
   \   0000019C   0x.... 0x....      LDR.W    R1,??DataTable6_13
   \   000001A0   0x7248             STRB     R0,[R1, #+9]
     75            uart4_init_struct.UART_RxIntEnable=TRUE;//使能接受中断
   \   000001A2   0x2001             MOVS     R0,#+1
   \   000001A4   0x.... 0x....      LDR.W    R1,??DataTable6_13
   \   000001A8   0x7288             STRB     R0,[R1, #+10]
     76            LPLD_UART_EnableIrq(uart4_init_struct);//中断使能
   \   000001AA   0x.... 0x....      LDR.W    R1,??DataTable6_13
   \   000001AE   0xB084             SUB      SP,SP,#+16
   \   000001B0   0x4668             MOV      R0,SP
   \   000001B2   0x221C             MOVS     R2,#+28
   \   000001B4   0x.... 0x....      BL       __aeabi_memcpy4
   \   000001B8   0xBC0F             POP      {R0-R3}
   \   000001BA   0x.... 0x....      BL       LPLD_UART_EnableIrq
     77            LPLD_UART_Init(uart4_init_struct); //初始化UART
   \   000001BE   0x.... 0x....      LDR.W    R1,??DataTable6_13
   \   000001C2   0xB084             SUB      SP,SP,#+16
   \   000001C4   0x4668             MOV      R0,SP
   \   000001C6   0x221C             MOVS     R2,#+28
   \   000001C8   0x.... 0x....      BL       __aeabi_memcpy4
   \   000001CC   0xBC0F             POP      {R0-R3}
   \   000001CE   0x.... 0x....      BL       LPLD_UART_Init
     78            
     79            static UART_InitTypeDef uart0_init_struct;
     80            uart0_init_struct.UART_Uartx = UART0; //UART0用于设置摄像头
   \   000001D2   0x.... 0x....      LDR.W    R0,??DataTable6_14  ;; 0x4006a000
   \   000001D6   0x.... 0x....      LDR.W    R1,??DataTable6_15
   \   000001DA   0x6008             STR      R0,[R1, #+0]
     81            uart0_init_struct.UART_BaudRate = 115200; 
   \   000001DC   0xF45F 0x30E1      MOVS     R0,#+115200
   \   000001E0   0x.... 0x....      LDR.W    R1,??DataTable6_15
   \   000001E4   0x6048             STR      R0,[R1, #+4]
     82            uart0_init_struct.UART_RxPin = PTB16;  //接收引脚为PTB16
   \   000001E6   0x2030             MOVS     R0,#+48
   \   000001E8   0x.... 0x....      LDR.W    R1,??DataTable6_15
   \   000001EC   0x7248             STRB     R0,[R1, #+9]
     83            uart0_init_struct.UART_TxPin = PTB17;  //发送引脚为PTB17
   \   000001EE   0x2031             MOVS     R0,#+49
   \   000001F0   0x.... 0x....      LDR.W    R1,??DataTable6_15
   \   000001F4   0x7208             STRB     R0,[R1, #+8]
     84            LPLD_UART_Init(uart0_init_struct); //初始化UART
   \   000001F6   0x.... 0x....      LDR.W    R1,??DataTable6_15
   \   000001FA   0xB084             SUB      SP,SP,#+16
   \   000001FC   0x4668             MOV      R0,SP
   \   000001FE   0x221C             MOVS     R2,#+28
   \   00000200   0x.... 0x....      BL       __aeabi_memcpy4
   \   00000204   0xBC0F             POP      {R0-R3}
   \   00000206   0x.... 0x....      BL       LPLD_UART_Init
     85            
     86            MT9V032_CFG_init();//MT9V032设置
   \   0000020A   0x.... 0x....      BL       MT9V032_CFG_init
     87          }
   \   0000020E   0xB007             ADD      SP,SP,#+28
   \   00000210   0xBD00             POP      {PC}             ;; return

   \                                 In section .bss, align 4
   \                     ??dmaReq_port_struct:
   \   00000000                      DS8 20

   \                                 In section .bss, align 4
   \                     ??href_port_struct:
   \   00000000                      DS8 20

   \                                 In section .bss, align 4
   \                     ??vsync_port_struct:
   \   00000000                      DS8 20

   \                                 In section .bss, align 4
   \                     ??data_port_struct:
   \   00000000                      DS8 20

   \                                 In section .bss, align 4
   \                     ??dma_init_struct:
   \   00000000                      DS8 44

   \                                 In section .bss, align 4
   \                     ??uart4_init_struct:
   \   00000000                      DS8 28

   \                                 In section .bss, align 4
   \                     ??uart0_init_struct:
   \   00000000                      DS8 28
     88          

   \                                 In section .text, align 2, keep-with-next
     89          void MT9V032_CFG_init(void)
     90          {
   \                     MT9V032_CFG_init: (+1)
   \   00000000   0xB51C             PUSH     {R2-R4,LR}
     91            uint16 i,light_time;
     92            uint8 MT9V032_CFG[8];//定义数据包
     93            my_delay(9999999);//延时以保证摄像头上面的51完成上电初始化
   \   00000002   0x.... 0x....      LDR.W    R0,??DataTable6_16  ;; 0x98967f
   \   00000006   0x.... 0x....      BL       my_delay
     94            MT9V032_CFG[0] = 0xFF; //数据包帧头         
   \   0000000A   0x20FF             MOVS     R0,#+255
   \   0000000C   0xF88D 0x0000      STRB     R0,[SP, #+0]
     95            MT9V032_CFG[1] = 0x00; //命令位  
   \   00000010   0x2000             MOVS     R0,#+0
   \   00000012   0xF88D 0x0001      STRB     R0,[SP, #+1]
     96            switch(ROW) //分辨率选择位，不过列超过188后K60无法采集
     97            {
     98            case 480:MT9V032_CFG[2] = 8;break; //对应的分辨率为 480行）*188（列）
     99            case 240:MT9V032_CFG[2] = 9;break;//对应的分辨率为 240行）*188（列）
   \   00000016   0x2009             MOVS     R0,#+9
   \   00000018   0xF88D 0x0002      STRB     R0,[SP, #+2]
    100            case 120:MT9V032_CFG[2] = 10;break;//对应的分辨率为 120行）*188（列）
    101            default :MT9V032_CFG[2] = 10;break;
    102            }   
    103            MT9V032_CFG[3] = 100;  //fps一秒钟拍摄图像帧数设置，设置图像帧率.行数不同可设置的范围也不同,范围限制  120行的时候是1-200,240行的时候是1-132,480行的时候是1-66                  
   \   0000001C   0x2064             MOVS     R0,#+100
   \   0000001E   0xF88D 0x0003      STRB     R0,[SP, #+3]
    104            //曝光时间越大图像越亮     由于最大曝光时间受到fps与分辨率的共同影响，这里不给出具体范围，可以直接把曝光设置为1000，摄像头上的51收到之后会根据分辨率及FPS计算最大曝光时间，然后把
    105            //曝光时间设置为最大曝光时间，并且会返回当前设置的最大曝光时间，这样就可以知道最大可以设置的曝光时间是多少了，然后觉得图像过亮，就可以在这个最大曝光值的基础上相应减少。
    106            light_time = 120; //可调
   \   00000022   0x2178             MOVS     R1,#+120
    107            MT9V032_CFG[4] = light_time>>8;          //曝光时间高八位   
   \   00000024   0x0008             MOVS     R0,R1
   \   00000026   0xB280             UXTH     R0,R0            ;; ZeroExt  R0,R0,#+16,#+16
   \   00000028   0x0A00             LSRS     R0,R0,#+8
   \   0000002A   0xF88D 0x0004      STRB     R0,[SP, #+4]
    108            MT9V032_CFG[5] = (uint8)light_time;      //曝光时间低八位  
   \   0000002E   0xF88D 0x1005      STRB     R1,[SP, #+5]
    109            MT9V032_CFG[6] = 0;    //设置自动曝光，0表示关闭
   \   00000032   0x2000             MOVS     R0,#+0
   \   00000034   0xF88D 0x0006      STRB     R0,[SP, #+6]
    110            MT9V032_CFG[7] = 0x5A;  //帧尾 
   \   00000038   0x205A             MOVS     R0,#+90
   \   0000003A   0xF88D 0x0007      STRB     R0,[SP, #+7]
    111            for(i=0;i<8;i++)
   \   0000003E   0x2400             MOVS     R4,#+0
   \   00000040   0xE009             B.N      ??MT9V032_CFG_init_0
    112            {
    113              LPLD_UART_PutChar(UART0,MT9V032_CFG[i]);
   \                     ??MT9V032_CFG_init_1: (+1)
   \   00000042   0x4668             MOV      R0,SP
   \   00000044   0xB2A4             UXTH     R4,R4            ;; ZeroExt  R4,R4,#+16,#+16
   \   00000046   0x5620             LDRSB    R0,[R4, R0]
   \   00000048   0x0001             MOVS     R1,R0
   \   0000004A   0xB249             SXTB     R1,R1            ;; SignExt  R1,R1,#+24,#+24
   \   0000004C   0x.... 0x....      LDR.W    R0,??DataTable6_14  ;; 0x4006a000
   \   00000050   0x.... 0x....      BL       LPLD_UART_PutChar
    114            }
   \   00000054   0x1C64             ADDS     R4,R4,#+1
   \                     ??MT9V032_CFG_init_0: (+1)
   \   00000056   0xB2A4             UXTH     R4,R4            ;; ZeroExt  R4,R4,#+16,#+16
   \   00000058   0x2C08             CMP      R4,#+8
   \   0000005A   0xDBF2             BLT.N    ??MT9V032_CFG_init_1
    115            my_delay(9999999);
   \   0000005C   0x.... 0x....      LDR.W    R0,??DataTable6_16  ;; 0x98967f
   \   00000060   0x.... 0x....      BL       my_delay
    116          }
   \   00000064   0xBD13             POP      {R0,R1,R4,PC}    ;; return
    117          

   \                                 In section .text, align 2, keep-with-next
    118          void my_delay(long t)
    119          {
    120              while(t--);
   \                     my_delay: (+1)
   \                     ??my_delay_0: (+1)
   \   00000000   0x0001             MOVS     R1,R0
   \   00000002   0x1E48             SUBS     R0,R1,#+1
   \   00000004   0x2900             CMP      R1,#+0
   \   00000006   0xD1FB             BNE.N    ??my_delay_0
    121          }
   \   00000008   0x4770             BX       LR               ;; return
    122          

   \                                 In section .text, align 4, keep-with-next
    123          void porte_isr()
    124          {  
    125            if(LPLD_GPIO_IsPinxExt(PORTE, GPIO_Pin12)) // 场中断          
   \                     porte_isr: (+1)
   \   00000000   0x.... 0x....      LDR.W    R0,??DataTable6_17  ;; 0x4004d0a0
   \   00000004   0x6800             LDR      R0,[R0, #+0]
   \   00000006   0x04C0             LSLS     R0,R0,#+19
   \   00000008   0xD52A             BPL.N    ??porte_isr_0
    126            {     
    127              LPLD_GPIO_ClearIntFlag(PORTE);
   \   0000000A   0xF05F 0x30FF      MOVS     R0,#-1
   \   0000000E   0x.... 0x....      LDR.W    R1,??DataTable6_17  ;; 0x4004d0a0
   \   00000012   0x6008             STR      R0,[R1, #+0]
    128              if( (WhichBuffer==1&&lock!=1) || (WhichBuffer==2&&lock!=2) )//将要传图1且图1没有在处理，或者将要传图2且图2没有在处理
   \   00000014   0x.... 0x....      LDR.W    R0,??DataTable6_18
   \   00000018   0x7800             LDRB     R0,[R0, #+0]
   \   0000001A   0x2801             CMP      R0,#+1
   \   0000001C   0xD104             BNE.N    ??porte_isr_1
   \   0000001E   0x.... 0x....      LDR.W    R0,??DataTable6_19
   \   00000022   0x7800             LDRB     R0,[R0, #+0]
   \   00000024   0x2801             CMP      R0,#+1
   \   00000026   0xD109             BNE.N    ??porte_isr_2
   \                     ??porte_isr_1: (+1)
   \   00000028   0x.... 0x....      LDR.W    R0,??DataTable6_18
   \   0000002C   0x7800             LDRB     R0,[R0, #+0]
   \   0000002E   0x2802             CMP      R0,#+2
   \   00000030   0xD109             BNE.N    ??porte_isr_3
   \   00000032   0x.... 0x....      LDR.W    R0,??DataTable6_19
   \   00000036   0x7800             LDRB     R0,[R0, #+0]
   \   00000038   0x2802             CMP      R0,#+2
   \   0000003A   0xD004             BEQ.N    ??porte_isr_3
    129                start_flag=1; //丢弃不完整的第一帧图像，DMA启动标志，采集开始
   \                     ??porte_isr_2: (+1)
   \   0000003C   0x2001             MOVS     R0,#+1
   \   0000003E   0x.... 0x....      LDR.W    R1,??DataTable6_20
   \   00000042   0x7008             STRB     R0,[R1, #+0]
   \   00000044   0xE003             B.N      ??porte_isr_4
    130              else
    131                start_flag=0;  //忙，不传图
   \                     ??porte_isr_3: (+1)
   \   00000046   0x2000             MOVS     R0,#+0
   \   00000048   0x.... 0x....      LDR.W    R1,??DataTable6_20
   \   0000004C   0x7008             STRB     R0,[R1, #+0]
    132              rowAdr=0;
   \                     ??porte_isr_4: (+1)
   \   0000004E   0x2000             MOVS     R0,#+0
   \   00000050   0x.... 0x....      LDR.W    R1,??DataTable6_21
   \   00000054   0x7008             STRB     R0,[R1, #+0]
    133              row=0;
   \   00000056   0x2000             MOVS     R0,#+0
   \   00000058   0x.... 0x....      LDR.W    R1,??DataTable6_22
   \   0000005C   0x7008             STRB     R0,[R1, #+0]
   \   0000005E   0xE069             B.N      ??porte_isr_5
    134            } 
    135            else if(LPLD_GPIO_IsPinxExt(PORTE, GPIO_Pin10)&&start_flag==1) //行中断，逐行采集                                                 
   \                     ??porte_isr_0: (+1)
   \   00000060   0x.... 0x....      LDR.W    R0,??DataTable6_17  ;; 0x4004d0a0
   \   00000064   0x6800             LDR      R0,[R0, #+0]
   \   00000066   0x0540             LSLS     R0,R0,#+21
   \   00000068   0xD564             BPL.N    ??porte_isr_5
   \   0000006A   0x.... 0x....      LDR.W    R0,??DataTable6_20
   \   0000006E   0x7800             LDRB     R0,[R0, #+0]
   \   00000070   0x2801             CMP      R0,#+1
   \   00000072   0xD15F             BNE.N    ??porte_isr_5
    136            {
    137              LPLD_GPIO_ClearIntFlag(PORTE);
   \   00000074   0xF05F 0x30FF      MOVS     R0,#-1
   \   00000078   0x.... 0x....      LDR.W    R1,??DataTable6_17  ;; 0x4004d0a0
   \   0000007C   0x6008             STR      R0,[R1, #+0]
    138              row++;
   \   0000007E   0x.... 0x....      LDR.W    R0,??DataTable6_22
   \   00000082   0x7800             LDRB     R0,[R0, #+0]
   \   00000084   0x1C40             ADDS     R0,R0,#+1
   \   00000086   0x.... 0x....      LDR.W    R1,??DataTable6_22
   \   0000008A   0x7008             STRB     R0,[R1, #+0]
    139              if(row>=ROWbegin && row<ROWend)
   \   0000008C   0x.... 0x....      LDR.W    R0,??DataTable6_22
   \   00000090   0x7800             LDRB     R0,[R0, #+0]
   \   00000092   0x3850             SUBS     R0,R0,#+80
   \   00000094   0x2878             CMP      R0,#+120
   \   00000096   0xD22A             BCS.N    ??porte_isr_6
    140              {
    141                if(WhichBuffer==1)
   \   00000098   0x.... 0x....      LDR.W    R0,??DataTable6_18
   \   0000009C   0x7800             LDRB     R0,[R0, #+0]
   \   0000009E   0x2801             CMP      R0,#+1
   \   000000A0   0xD10B             BNE.N    ??porte_isr_7
    142                  LPLD_DMA_LoadDstAddr(DMA_CH0,(Image1[rowAdr]));//加载或更换目的地址
   \   000000A2   0x.... 0x....      LDR.W    R0,??DataTable6_11
   \   000000A6   0x.... 0x....      LDR.W    R1,??DataTable6_21
   \   000000AA   0x7809             LDRB     R1,[R1, #+0]
   \   000000AC   0x22B4             MOVS     R2,#+180
   \   000000AE   0xFB02 0x0001      MLA      R0,R2,R1,R0
   \   000000B2   0x.... 0x....      LDR.W    R1,??DataTable6_23  ;; 0x40009010
   \   000000B6   0x6008             STR      R0,[R1, #+0]
   \   000000B8   0xE00A             B.N      ??porte_isr_8
    143                else
    144                  LPLD_DMA_LoadDstAddr(DMA_CH0,(Image2[rowAdr]));
   \                     ??porte_isr_7: (+1)
   \   000000BA   0x.... 0x....      LDR.W    R0,??DataTable6_24
   \   000000BE   0x.... 0x....      LDR.W    R1,??DataTable6_21
   \   000000C2   0x7809             LDRB     R1,[R1, #+0]
   \   000000C4   0x22B4             MOVS     R2,#+180
   \   000000C6   0xFB02 0x0001      MLA      R0,R2,R1,R0
   \   000000CA   0x.... 0x....      LDR.W    R1,??DataTable6_23  ;; 0x40009010
   \   000000CE   0x6008             STR      R0,[R1, #+0]
    145                LPLD_DMA_EnableReq(DMA_CH0);//初始化中设定主循环结束屏蔽请求源，故每一行都需重新使能请求源
   \                     ??porte_isr_8: (+1)
   \   000000D0   0x.... 0x....      LDR.W    R0,??DataTable6_25  ;; 0x4000800c
   \   000000D4   0x6800             LDR      R0,[R0, #+0]
   \   000000D6   0xF050 0x0001      ORRS     R0,R0,#0x1
   \   000000DA   0x.... 0x....      LDR.W    R1,??DataTable6_25  ;; 0x4000800c
   \   000000DE   0x6008             STR      R0,[R1, #+0]
    146                rowAdr++; 
   \   000000E0   0x.... 0x....      LDR.W    R0,??DataTable6_21
   \   000000E4   0x7800             LDRB     R0,[R0, #+0]
   \   000000E6   0x1C40             ADDS     R0,R0,#+1
   \   000000E8   0x.... 0x....      LDR.W    R1,??DataTable6_21
   \   000000EC   0x7008             STRB     R0,[R1, #+0]
    147              }
    148              if(row>=ROWend)
   \                     ??porte_isr_6: (+1)
   \   000000EE   0x.... 0x....      LDR.W    R0,??DataTable6_22
   \   000000F2   0x7800             LDRB     R0,[R0, #+0]
   \   000000F4   0x28C8             CMP      R0,#+200
   \   000000F6   0xDB1D             BLT.N    ??porte_isr_5
    149              {
    150                LPLD_DMA_DisableReq(DMA_CH0);//采集结束，屏蔽DMA请求源
   \   000000F8   0x.... 0x....      LDR.W    R0,??DataTable6_25  ;; 0x4000800c
   \   000000FC   0x6800             LDR      R0,[R0, #+0]
   \   000000FE   0x0840             LSRS     R0,R0,#+1
   \   00000100   0x0040             LSLS     R0,R0,#+1
   \   00000102   0x.... 0x....      LDR.W    R1,??DataTable6_25  ;; 0x4000800c
   \   00000106   0x6008             STR      R0,[R1, #+0]
    151                if(WhichBuffer==1)
   \   00000108   0x.... 0x....      LDR.W    R0,??DataTable6_18
   \   0000010C   0x7800             LDRB     R0,[R0, #+0]
   \   0000010E   0x2801             CMP      R0,#+1
   \   00000110   0xD104             BNE.N    ??porte_isr_9
    152                  WhichBuffer=2;  //切换传图，图1图2依次传输
   \   00000112   0x2002             MOVS     R0,#+2
   \   00000114   0x.... 0x....      LDR.W    R1,??DataTable6_18
   \   00000118   0x7008             STRB     R0,[R1, #+0]
   \   0000011A   0xE003             B.N      ??porte_isr_10
    153                else
    154                  WhichBuffer=1;
   \                     ??porte_isr_9: (+1)
   \   0000011C   0x2001             MOVS     R0,#+1
   \   0000011E   0x.... 0x....      LDR.W    R1,??DataTable6_18
   \   00000122   0x7008             STRB     R0,[R1, #+0]
    155                end_flag=1;
   \                     ??porte_isr_10: (+1)
   \   00000124   0x2001             MOVS     R0,#+1
   \   00000126   0x.... 0x....      LDR.W    R1,??DataTable6_26
   \   0000012A   0x7008             STRB     R0,[R1, #+0]
    156                start_flag=0;
   \   0000012C   0x2000             MOVS     R0,#+0
   \   0000012E   0x.... 0x....      LDR.W    R1,??DataTable6_20
   \   00000132   0x7008             STRB     R0,[R1, #+0]
    157              }
    158            }
    159          }
   \                     ??porte_isr_5: (+1)
   \   00000134   0x4770             BX       LR               ;; return
    160          

   \                                 In section .text, align 2, keep-with-next
    161          void Calculate_Middle_Point(void)
    162          {
   \                     Calculate_Middle_Point: (+1)
   \   00000000   0xE92D 0x43F8      PUSH     {R3-R9,LR}
    163            int i,j,k=0,minj=COLUMN,maxj=0,mini=ROWend,maxi=ROWbegin,prok=0;
   \   00000004   0x2000             MOVS     R0,#+0
   \   00000006   0x21B4             MOVS     R1,#+180
   \   00000008   0x2200             MOVS     R2,#+0
   \   0000000A   0x23C8             MOVS     R3,#+200
   \   0000000C   0xF05F 0x0C50      MOVS     R12,#+80
   \   00000010   0x2400             MOVS     R4,#+0
    164           
    165            int pointy,pointx;
    166            if(WhichBuffer == 2)//正在传图2
   \   00000012   0x.... 0x....      LDR.W    R7,??DataTable6_18
   \   00000016   0x783F             LDRB     R7,[R7, #+0]
   \   00000018   0x2F02             CMP      R7,#+2
   \   0000001A   0xF040 0x8089      BNE.W    ??Calculate_Middle_Point_0
    167            {
    168              lock=1;//锁图1，处理图1
   \   0000001E   0x2701             MOVS     R7,#+1
   \   00000020   0x.... 0x....      LDR.W    LR,??DataTable6_19
   \   00000024   0xF88E 0x7000      STRB     R7,[LR, #+0]
    169              for(i=0;i<ROWnum;i++)
   \   00000028   0x2700             MOVS     R7,#+0
   \   0000002A   0xE029             B.N      ??Calculate_Middle_Point_1
    170              {
    171                for(j=0;j<COLUMN;j++)
    172                {
    173                  if(Image1[i][j]>=setvalue)
   \                     ??Calculate_Middle_Point_2: (+1)
   \   0000002C   0x.... 0x....      LDR.W    LR,??DataTable6_11
   \   00000030   0xF05F 0x09B4      MOVS     R9,#+180
   \   00000034   0xFB09 0xEE07      MLA      LR,R9,R7,LR
   \   00000038   0xF818 0xE00E      LDRB     LR,[R8, LR]
   \   0000003C   0x.... 0x....      LDR.W    R9,??DataTable6_27
   \   00000040   0xF899 0x9000      LDRB     R9,[R9, #+0]
   \   00000044   0x45CE             CMP      LR,R9
   \   00000046   0xD30C             BCC.N    ??Calculate_Middle_Point_3
    174                  {
    175                    k++;
   \   00000048   0x1C40             ADDS     R0,R0,#+1
    176                    if(j<=minj)
   \   0000004A   0x4541             CMP      R1,R8
   \   0000004C   0xDB00             BLT.N    ??Calculate_Middle_Point_4
    177                      minj=j;
   \   0000004E   0x4641             MOV      R1,R8
    178                    if(j>=maxj)
   \                     ??Calculate_Middle_Point_4: (+1)
   \   00000050   0x4590             CMP      R8,R2
   \   00000052   0xDB00             BLT.N    ??Calculate_Middle_Point_5
    179                      maxj=j;
   \   00000054   0x4642             MOV      R2,R8
    180                    if(mini>i)
   \                     ??Calculate_Middle_Point_5: (+1)
   \   00000056   0x429F             CMP      R7,R3
   \   00000058   0xDA00             BGE.N    ??Calculate_Middle_Point_6
    181                      mini=i;
   \   0000005A   0x003B             MOVS     R3,R7
    182                    if(maxi<i)
   \                     ??Calculate_Middle_Point_6: (+1)
   \   0000005C   0x45BC             CMP      R12,R7
   \   0000005E   0xDA00             BGE.N    ??Calculate_Middle_Point_3
    183                      maxi=i;
   \   00000060   0x46BC             MOV      R12,R7
    184                  }
    185                }
   \                     ??Calculate_Middle_Point_3: (+1)
   \   00000062   0xF118 0x0801      ADDS     R8,R8,#+1
   \                     ??Calculate_Middle_Point_7: (+1)
   \   00000066   0xF1B8 0x0FB4      CMP      R8,#+180
   \   0000006A   0xDBDF             BLT.N    ??Calculate_Middle_Point_2
    186                if(k>prok)
   \   0000006C   0x4284             CMP      R4,R0
   \   0000006E   0xDA05             BGE.N    ??Calculate_Middle_Point_8
    187                {
    188                  prok=k;
   \   00000070   0x0004             MOVS     R4,R0
    189                  pointy=i;
   \   00000072   0x003D             MOVS     R5,R7
    190                  pointx=(minj+maxj)/2;
   \   00000074   0x1850             ADDS     R0,R2,R1
   \   00000076   0x2602             MOVS     R6,#+2
   \   00000078   0xFB90 0xF6F6      SDIV     R6,R0,R6
    191                }
    192                k=0;
   \                     ??Calculate_Middle_Point_8: (+1)
   \   0000007C   0x2000             MOVS     R0,#+0
   \   0000007E   0x1C7F             ADDS     R7,R7,#+1
   \                     ??Calculate_Middle_Point_1: (+1)
   \   00000080   0x2F78             CMP      R7,#+120
   \   00000082   0xDA02             BGE.N    ??Calculate_Middle_Point_9
   \   00000084   0xF05F 0x0800      MOVS     R8,#+0
   \   00000088   0xE7ED             B.N      ??Calculate_Middle_Point_7
    193          
    194              }
    195                  /**********计算块区比例**********/
    196              if (prok>0)
   \                     ??Calculate_Middle_Point_9: (+1)
   \   0000008A   0x2C01             CMP      R4,#+1
   \   0000008C   0xF2C0 0x80DC      BLT.W    ??Calculate_Middle_Point_10
    197              {
    198                for (i=pointy-prok/2>0 ? pointy-prok/2 : 0;i<=pointy+prok/2;i++)
   \   00000090   0x2002             MOVS     R0,#+2
   \   00000092   0xFB94 0xF0F0      SDIV     R0,R4,R0
   \   00000096   0x1A28             SUBS     R0,R5,R0
   \   00000098   0x2801             CMP      R0,#+1
   \   0000009A   0xDB04             BLT.N    ??Calculate_Middle_Point_11
   \   0000009C   0x2002             MOVS     R0,#+2
   \   0000009E   0xFB94 0xF0F0      SDIV     R0,R4,R0
   \   000000A2   0x1A2F             SUBS     R7,R5,R0
   \   000000A4   0xE01C             B.N      ??Calculate_Middle_Point_12
   \                     ??Calculate_Middle_Point_11: (+1)
   \   000000A6   0x2700             MOVS     R7,#+0
   \   000000A8   0xE01A             B.N      ??Calculate_Middle_Point_12
    199                  for (j=pointx-prok/2>0 ? pointx-prok/2 : 0;j<=pointx+prok/2;j++)
    200                  {
    201                     if(Image1[i][j]>=setvalue)
   \                     ??Calculate_Middle_Point_13: (+1)
   \   000000AA   0x....             LDR.N    R0,??DataTable6_11
   \   000000AC   0x21B4             MOVS     R1,#+180
   \   000000AE   0xFB01 0x0007      MLA      R0,R1,R7,R0
   \   000000B2   0xF818 0x0000      LDRB     R0,[R8, R0]
   \   000000B6   0x....             LDR.N    R1,??DataTable6_27
   \   000000B8   0x7809             LDRB     R1,[R1, #+0]
   \   000000BA   0x4288             CMP      R0,R1
   \   000000BC   0xD307             BCC.N    ??Calculate_Middle_Point_14
    202                      sumtuan=sumtuan+1;
   \   000000BE   0x....             LDR.N    R0,??DataTable6_28
   \   000000C0   0x6801             LDR      R1,[R0, #+0]
   \   000000C2   0xF05F 0x507E      MOVS     R0,#+1065353216
   \   000000C6   0x.... 0x....      BL       __aeabi_fadd
   \   000000CA   0x....             LDR.N    R1,??DataTable6_28
   \   000000CC   0x6008             STR      R0,[R1, #+0]
    203                  }
   \                     ??Calculate_Middle_Point_14: (+1)
   \   000000CE   0xF118 0x0801      ADDS     R8,R8,#+1
   \                     ??Calculate_Middle_Point_15: (+1)
   \   000000D2   0x2002             MOVS     R0,#+2
   \   000000D4   0xFB94 0xF0F0      SDIV     R0,R4,R0
   \   000000D8   0x1980             ADDS     R0,R0,R6
   \   000000DA   0x4540             CMP      R0,R8
   \   000000DC   0xDAE5             BGE.N    ??Calculate_Middle_Point_13
   \   000000DE   0x1C7F             ADDS     R7,R7,#+1
   \                     ??Calculate_Middle_Point_12: (+1)
   \   000000E0   0x2002             MOVS     R0,#+2
   \   000000E2   0xFB94 0xF0F0      SDIV     R0,R4,R0
   \   000000E6   0x1940             ADDS     R0,R0,R5
   \   000000E8   0x42B8             CMP      R0,R7
   \   000000EA   0xDB0E             BLT.N    ??Calculate_Middle_Point_16
   \   000000EC   0x2002             MOVS     R0,#+2
   \   000000EE   0xFB94 0xF0F0      SDIV     R0,R4,R0
   \   000000F2   0x1A30             SUBS     R0,R6,R0
   \   000000F4   0x2801             CMP      R0,#+1
   \   000000F6   0xDB05             BLT.N    ??Calculate_Middle_Point_17
   \   000000F8   0x2002             MOVS     R0,#+2
   \   000000FA   0xFB94 0xF0F0      SDIV     R0,R4,R0
   \   000000FE   0xEBB6 0x0800      SUBS     R8,R6,R0
   \   00000102   0xE7E6             B.N      ??Calculate_Middle_Point_15
   \                     ??Calculate_Middle_Point_17: (+1)
   \   00000104   0xF05F 0x0800      MOVS     R8,#+0
   \   00000108   0xE7E3             B.N      ??Calculate_Middle_Point_15
    204               sumtuan=sumtuan/prok/prok;
   \                     ??Calculate_Middle_Point_16: (+1)
   \   0000010A   0x0020             MOVS     R0,R4
   \   0000010C   0x.... 0x....      BL       __aeabi_i2f
   \   00000110   0x0001             MOVS     R1,R0
   \   00000112   0x....             LDR.N    R0,??DataTable6_28
   \   00000114   0x6800             LDR      R0,[R0, #+0]
   \   00000116   0x.... 0x....      BL       __aeabi_fdiv
   \   0000011A   0x0007             MOVS     R7,R0
   \   0000011C   0x0020             MOVS     R0,R4
   \   0000011E   0x.... 0x....      BL       __aeabi_i2f
   \   00000122   0x0001             MOVS     R1,R0
   \   00000124   0x0038             MOVS     R0,R7
   \   00000126   0x.... 0x....      BL       __aeabi_fdiv
   \   0000012A   0x....             LDR.N    R1,??DataTable6_28
   \   0000012C   0x6008             STR      R0,[R1, #+0]
   \   0000012E   0xE08B             B.N      ??Calculate_Middle_Point_10
    205              }
    206            }
    207            else if(WhichBuffer == 1)//正在传图1
   \                     ??Calculate_Middle_Point_0: (+1)
   \   00000130   0x....             LDR.N    R7,??DataTable6_18
   \   00000132   0x783F             LDRB     R7,[R7, #+0]
   \   00000134   0x2F01             CMP      R7,#+1
   \   00000136   0xF040 0x8087      BNE.W    ??Calculate_Middle_Point_10
    208            {
    209              lock=2;//锁图2，处理图2
   \   0000013A   0x2702             MOVS     R7,#+2
   \   0000013C   0x.... 0x....      LDR.W    LR,??DataTable6_19
   \   00000140   0xF88E 0x7000      STRB     R7,[LR, #+0]
    210              for(i=0;i<ROWnum;i++)
   \   00000144   0x2700             MOVS     R7,#+0
   \   00000146   0xE029             B.N      ??Calculate_Middle_Point_18
    211              {
    212                for(j=0;j<COLUMN;j++)
    213                {
    214                  if(Image2[i][j]>=setvalue)
   \                     ??Calculate_Middle_Point_19: (+1)
   \   00000148   0x.... 0x....      LDR.W    LR,??DataTable6_24
   \   0000014C   0xF05F 0x09B4      MOVS     R9,#+180
   \   00000150   0xFB09 0xEE07      MLA      LR,R9,R7,LR
   \   00000154   0xF818 0xE00E      LDRB     LR,[R8, LR]
   \   00000158   0x.... 0x....      LDR.W    R9,??DataTable6_27
   \   0000015C   0xF899 0x9000      LDRB     R9,[R9, #+0]
   \   00000160   0x45CE             CMP      LR,R9
   \   00000162   0xD30C             BCC.N    ??Calculate_Middle_Point_20
    215                  {
    216                    k++;
   \   00000164   0x1C40             ADDS     R0,R0,#+1
    217                    if(j<=minj)
   \   00000166   0x4541             CMP      R1,R8
   \   00000168   0xDB00             BLT.N    ??Calculate_Middle_Point_21
    218                      minj=j;
   \   0000016A   0x4641             MOV      R1,R8
    219                    if(j>=maxj)
   \                     ??Calculate_Middle_Point_21: (+1)
   \   0000016C   0x4590             CMP      R8,R2
   \   0000016E   0xDB00             BLT.N    ??Calculate_Middle_Point_22
    220                      maxj=j;
   \   00000170   0x4642             MOV      R2,R8
    221                    if(mini>i)
   \                     ??Calculate_Middle_Point_22: (+1)
   \   00000172   0x429F             CMP      R7,R3
   \   00000174   0xDA00             BGE.N    ??Calculate_Middle_Point_23
    222                      mini=i;
   \   00000176   0x003B             MOVS     R3,R7
    223                    if(maxi<i)
   \                     ??Calculate_Middle_Point_23: (+1)
   \   00000178   0x45BC             CMP      R12,R7
   \   0000017A   0xDA00             BGE.N    ??Calculate_Middle_Point_20
    224                      maxi=i;
   \   0000017C   0x46BC             MOV      R12,R7
    225                  }
    226                }
   \                     ??Calculate_Middle_Point_20: (+1)
   \   0000017E   0xF118 0x0801      ADDS     R8,R8,#+1
   \                     ??Calculate_Middle_Point_24: (+1)
   \   00000182   0xF1B8 0x0FB4      CMP      R8,#+180
   \   00000186   0xDBDF             BLT.N    ??Calculate_Middle_Point_19
    227                if(k>prok)
   \   00000188   0x4284             CMP      R4,R0
   \   0000018A   0xDA05             BGE.N    ??Calculate_Middle_Point_25
    228                {
    229                  prok=k;
   \   0000018C   0x0004             MOVS     R4,R0
    230                  pointy=i;
   \   0000018E   0x003D             MOVS     R5,R7
    231                  pointx=(minj+maxj)/2;
   \   00000190   0x1850             ADDS     R0,R2,R1
   \   00000192   0x2602             MOVS     R6,#+2
   \   00000194   0xFB90 0xF6F6      SDIV     R6,R0,R6
    232                }
    233                k=0;     
   \                     ??Calculate_Middle_Point_25: (+1)
   \   00000198   0x2000             MOVS     R0,#+0
   \   0000019A   0x1C7F             ADDS     R7,R7,#+1
   \                     ??Calculate_Middle_Point_18: (+1)
   \   0000019C   0x2F78             CMP      R7,#+120
   \   0000019E   0xDA02             BGE.N    ??Calculate_Middle_Point_26
   \   000001A0   0xF05F 0x0800      MOVS     R8,#+0
   \   000001A4   0xE7ED             B.N      ??Calculate_Middle_Point_24
    234              }
    235              /**********计算块区比例**********/
    236              if (prok>0)
   \                     ??Calculate_Middle_Point_26: (+1)
   \   000001A6   0x2C01             CMP      R4,#+1
   \   000001A8   0xDB4E             BLT.N    ??Calculate_Middle_Point_10
    237              {
    238                for (i=pointy-prok/2>0 ? pointy-prok/2 : 0;i<=pointy+prok/2;i++)
   \   000001AA   0x2002             MOVS     R0,#+2
   \   000001AC   0xFB94 0xF0F0      SDIV     R0,R4,R0
   \   000001B0   0x1A28             SUBS     R0,R5,R0
   \   000001B2   0x2801             CMP      R0,#+1
   \   000001B4   0xDB04             BLT.N    ??Calculate_Middle_Point_27
   \   000001B6   0x2002             MOVS     R0,#+2
   \   000001B8   0xFB94 0xF0F0      SDIV     R0,R4,R0
   \   000001BC   0x1A2F             SUBS     R7,R5,R0
   \   000001BE   0xE01C             B.N      ??Calculate_Middle_Point_28
   \                     ??Calculate_Middle_Point_27: (+1)
   \   000001C0   0x2700             MOVS     R7,#+0
   \   000001C2   0xE01A             B.N      ??Calculate_Middle_Point_28
    239                  for (j=pointx-prok/2>0 ? pointx-prok/2 : 0;j<=pointx+prok/2;j++)
    240                  {
    241                    if (Image2[i][j]>=setvalue)
   \                     ??Calculate_Middle_Point_29: (+1)
   \   000001C4   0x....             LDR.N    R0,??DataTable6_24
   \   000001C6   0x21B4             MOVS     R1,#+180
   \   000001C8   0xFB01 0x0007      MLA      R0,R1,R7,R0
   \   000001CC   0xF818 0x0000      LDRB     R0,[R8, R0]
   \   000001D0   0x....             LDR.N    R1,??DataTable6_27
   \   000001D2   0x7809             LDRB     R1,[R1, #+0]
   \   000001D4   0x4288             CMP      R0,R1
   \   000001D6   0xD307             BCC.N    ??Calculate_Middle_Point_30
    242                      sumtuan=sumtuan+1;
   \   000001D8   0x....             LDR.N    R0,??DataTable6_28
   \   000001DA   0x6800             LDR      R0,[R0, #+0]
   \   000001DC   0xF05F 0x517E      MOVS     R1,#+1065353216
   \   000001E0   0x.... 0x....      BL       __aeabi_fadd
   \   000001E4   0x....             LDR.N    R1,??DataTable6_28
   \   000001E6   0x6008             STR      R0,[R1, #+0]
    243                  }
   \                     ??Calculate_Middle_Point_30: (+1)
   \   000001E8   0xF118 0x0801      ADDS     R8,R8,#+1
   \                     ??Calculate_Middle_Point_31: (+1)
   \   000001EC   0x2002             MOVS     R0,#+2
   \   000001EE   0xFB94 0xF0F0      SDIV     R0,R4,R0
   \   000001F2   0x1980             ADDS     R0,R0,R6
   \   000001F4   0x4540             CMP      R0,R8
   \   000001F6   0xDAE5             BGE.N    ??Calculate_Middle_Point_29
   \   000001F8   0x1C7F             ADDS     R7,R7,#+1
   \                     ??Calculate_Middle_Point_28: (+1)
   \   000001FA   0x2002             MOVS     R0,#+2
   \   000001FC   0xFB94 0xF0F0      SDIV     R0,R4,R0
   \   00000200   0x1940             ADDS     R0,R0,R5
   \   00000202   0x42B8             CMP      R0,R7
   \   00000204   0xDB0E             BLT.N    ??Calculate_Middle_Point_32
   \   00000206   0x2002             MOVS     R0,#+2
   \   00000208   0xFB94 0xF0F0      SDIV     R0,R4,R0
   \   0000020C   0x1A30             SUBS     R0,R6,R0
   \   0000020E   0x2801             CMP      R0,#+1
   \   00000210   0xDB05             BLT.N    ??Calculate_Middle_Point_33
   \   00000212   0x2002             MOVS     R0,#+2
   \   00000214   0xFB94 0xF0F0      SDIV     R0,R4,R0
   \   00000218   0xEBB6 0x0800      SUBS     R8,R6,R0
   \   0000021C   0xE7E6             B.N      ??Calculate_Middle_Point_31
   \                     ??Calculate_Middle_Point_33: (+1)
   \   0000021E   0xF05F 0x0800      MOVS     R8,#+0
   \   00000222   0xE7E3             B.N      ??Calculate_Middle_Point_31
    244                sumtuan=sumtuan/prok/prok;
   \                     ??Calculate_Middle_Point_32: (+1)
   \   00000224   0x0020             MOVS     R0,R4
   \   00000226   0x.... 0x....      BL       __aeabi_i2f
   \   0000022A   0x0001             MOVS     R1,R0
   \   0000022C   0x....             LDR.N    R0,??DataTable6_28
   \   0000022E   0x6800             LDR      R0,[R0, #+0]
   \   00000230   0x.... 0x....      BL       __aeabi_fdiv
   \   00000234   0x0007             MOVS     R7,R0
   \   00000236   0x0020             MOVS     R0,R4
   \   00000238   0x.... 0x....      BL       __aeabi_i2f
   \   0000023C   0x0001             MOVS     R1,R0
   \   0000023E   0x0038             MOVS     R0,R7
   \   00000240   0x.... 0x....      BL       __aeabi_fdiv
   \   00000244   0x....             LDR.N    R1,??DataTable6_28
   \   00000246   0x6008             STR      R0,[R1, #+0]
    245              }
    246            } 
    247             lock=0; //解除图像锁定
   \                     ??Calculate_Middle_Point_10: (+1)
   \   00000248   0x2000             MOVS     R0,#+0
   \   0000024A   0x....             LDR.N    R1,??DataTable6_19
   \   0000024C   0x7008             STRB     R0,[R1, #+0]
    248             //如果没有亮点
    249              testsum[0]=testsum[1];
   \   0000024E   0x....             LDR.N    R0,??DataTable6_29
   \   00000250   0x6840             LDR      R0,[R0, #+4]
   \   00000252   0x....             LDR.N    R1,??DataTable6_29
   \   00000254   0x6008             STR      R0,[R1, #+0]
    250            testsum[1]=testsum[2];
   \   00000256   0x....             LDR.N    R0,??DataTable6_29
   \   00000258   0x6880             LDR      R0,[R0, #+8]
   \   0000025A   0x....             LDR.N    R1,??DataTable6_29
   \   0000025C   0x6048             STR      R0,[R1, #+4]
    251            testsum[2]=testsum[3];
   \   0000025E   0x....             LDR.N    R0,??DataTable6_29
   \   00000260   0x68C0             LDR      R0,[R0, #+12]
   \   00000262   0x....             LDR.N    R1,??DataTable6_29
   \   00000264   0x6088             STR      R0,[R1, #+8]
    252            testsum[3]=testsum[4];
   \   00000266   0x....             LDR.N    R0,??DataTable6_29
   \   00000268   0x6900             LDR      R0,[R0, #+16]
   \   0000026A   0x....             LDR.N    R1,??DataTable6_29
   \   0000026C   0x60C8             STR      R0,[R1, #+12]
    253            testsum[4]=sumtuan;
   \   0000026E   0x....             LDR.N    R0,??DataTable6_28
   \   00000270   0x6800             LDR      R0,[R0, #+0]
   \   00000272   0x....             LDR.N    R1,??DataTable6_29
   \   00000274   0x6108             STR      R0,[R1, #+16]
    254            testsum_average=(testsum[0]+testsum[1]+testsum[2]+testsum[3]+testsum[4])/5;//平均值滤波
   \   00000276   0x....             LDR.N    R0,??DataTable6_29
   \   00000278   0x6801             LDR      R1,[R0, #+0]
   \   0000027A   0x....             LDR.N    R0,??DataTable6_29
   \   0000027C   0x6840             LDR      R0,[R0, #+4]
   \   0000027E   0x.... 0x....      BL       __aeabi_fadd
   \   00000282   0x....             LDR.N    R1,??DataTable6_29
   \   00000284   0x6889             LDR      R1,[R1, #+8]
   \   00000286   0x.... 0x....      BL       __aeabi_fadd
   \   0000028A   0x....             LDR.N    R1,??DataTable6_29
   \   0000028C   0x68C9             LDR      R1,[R1, #+12]
   \   0000028E   0x.... 0x....      BL       __aeabi_fadd
   \   00000292   0x....             LDR.N    R1,??DataTable6_29
   \   00000294   0x6909             LDR      R1,[R1, #+16]
   \   00000296   0x.... 0x....      BL       __aeabi_fadd
   \   0000029A   0x....             LDR.N    R1,??DataTable6_30  ;; 0x40a00000
   \   0000029C   0x.... 0x....      BL       __aeabi_fdiv
   \   000002A0   0x....             LDR.N    R1,??DataTable6_31
   \   000002A2   0x6008             STR      R0,[R1, #+0]
    255            if (prok==0 || testsum_average<0.55)
   \   000002A4   0x2C00             CMP      R4,#+0
   \   000002A6   0xD005             BEQ.N    ??Calculate_Middle_Point_34
   \   000002A8   0x....             LDR.N    R0,??DataTable6_31
   \   000002AA   0x6800             LDR      R0,[R0, #+0]
   \   000002AC   0x....             LDR.N    R1,??DataTable6_32  ;; 0x3f0ccccd
   \   000002AE   0x.... 0x....      BL       __aeabi_cfcmple
   \   000002B2   0xD203             BCS.N    ??Calculate_Middle_Point_35
    256              NOpoint=1;
   \                     ??Calculate_Middle_Point_34: (+1)
   \   000002B4   0x2001             MOVS     R0,#+1
   \   000002B6   0x....             LDR.N    R1,??DataTable6_33
   \   000002B8   0x7008             STRB     R0,[R1, #+0]
   \   000002BA   0xE006             B.N      ??Calculate_Middle_Point_36
    257            else 
    258            {
    259              NOpoint=0;
   \                     ??Calculate_Middle_Point_35: (+1)
   \   000002BC   0x2000             MOVS     R0,#+0
   \   000002BE   0x....             LDR.N    R1,??DataTable6_33
   \   000002C0   0x7008             STRB     R0,[R1, #+0]
    260              real_pointy=pointy;//一场图像真正的中点！！！
   \   000002C2   0x....             LDR.N    R0,??DataTable6_34
   \   000002C4   0x7005             STRB     R5,[R0, #+0]
    261              real_pointx=pointx;//一场图像真正的中点！！！
   \   000002C6   0x....             LDR.N    R0,??DataTable6_35
   \   000002C8   0x7006             STRB     R6,[R0, #+0]
    262            }
    263          
    264            sumtuan=0;
   \                     ??Calculate_Middle_Point_36: (+1)
   \   000002CA   0x2000             MOVS     R0,#+0
   \   000002CC   0x....             LDR.N    R1,??DataTable6_28
   \   000002CE   0x6008             STR      R0,[R1, #+0]
    265          }
   \   000002D0   0xE8BD 0x83F1      POP      {R0,R4-R9,PC}    ;; return
    266          
    267          

   \                                 In section .text, align 2, keep-with-next
    268          void picture2pc(void)
    269          {
   \                     picture2pc: (+1)
   \   00000000   0xB538             PUSH     {R3-R5,LR}
    270            int i,j;
    271             if(end_flag)
   \   00000002   0x....             LDR.N    R0,??DataTable6_26
   \   00000004   0x7800             LDRB     R0,[R0, #+0]
   \   00000006   0x2800             CMP      R0,#+0
   \   00000008   0xD02E             BEQ.N    ??picture2pc_0
    272            {
    273              disable_irq(PORTE_IRQn); 
   \   0000000A   0x205B             MOVS     R0,#+91
   \   0000000C   0x.... 0x....      BL       NVIC_DisableIRQ
    274              LPLD_UART_PutChar(UART4,0X01);
   \   00000010   0x2101             MOVS     R1,#+1
   \   00000012   0x....             LDR.N    R0,??DataTable6_12  ;; 0x400ea000
   \   00000014   0x.... 0x....      BL       LPLD_UART_PutChar
    275              LPLD_UART_PutChar(UART4,0XFE);
   \   00000018   0xF07F 0x0101      MVNS     R1,#+1
   \   0000001C   0x....             LDR.N    R0,??DataTable6_12  ;; 0x400ea000
   \   0000001E   0x.... 0x....      BL       LPLD_UART_PutChar
    276              
    277              for(i=0;i<ROWend-ROWbegin;i++)
   \   00000022   0x2400             MOVS     R4,#+0
   \   00000024   0xE00D             B.N      ??picture2pc_1
    278              {
    279                for(j=0;j<COLUMN;j++)
    280                {       
    281                  LPLD_UART_PutChar(UART4,Image1[i][j]);
   \                     ??picture2pc_2: (+1)
   \   00000026   0x....             LDR.N    R0,??DataTable6_11
   \   00000028   0x21B4             MOVS     R1,#+180
   \   0000002A   0xFB01 0x0004      MLA      R0,R1,R4,R0
   \   0000002E   0x5628             LDRSB    R0,[R5, R0]
   \   00000030   0x0001             MOVS     R1,R0
   \   00000032   0xB249             SXTB     R1,R1            ;; SignExt  R1,R1,#+24,#+24
   \   00000034   0x....             LDR.N    R0,??DataTable6_12  ;; 0x400ea000
   \   00000036   0x.... 0x....      BL       LPLD_UART_PutChar
    282                }
   \   0000003A   0x1C6D             ADDS     R5,R5,#+1
   \                     ??picture2pc_3: (+1)
   \   0000003C   0x2DB4             CMP      R5,#+180
   \   0000003E   0xDBF2             BLT.N    ??picture2pc_2
   \   00000040   0x1C64             ADDS     R4,R4,#+1
   \                     ??picture2pc_1: (+1)
   \   00000042   0x2C78             CMP      R4,#+120
   \   00000044   0xDA01             BGE.N    ??picture2pc_4
   \   00000046   0x2500             MOVS     R5,#+0
   \   00000048   0xE7F8             B.N      ??picture2pc_3
    283              }
    284              LPLD_UART_PutChar(UART4,0XFE);
   \                     ??picture2pc_4: (+1)
   \   0000004A   0xF07F 0x0101      MVNS     R1,#+1
   \   0000004E   0x....             LDR.N    R0,??DataTable6_12  ;; 0x400ea000
   \   00000050   0x.... 0x....      BL       LPLD_UART_PutChar
    285              LPLD_UART_PutChar(UART4,0X01);
   \   00000054   0x2101             MOVS     R1,#+1
   \   00000056   0x....             LDR.N    R0,??DataTable6_12  ;; 0x400ea000
   \   00000058   0x.... 0x....      BL       LPLD_UART_PutChar
    286              enable_irq(PORTE_IRQn);
   \   0000005C   0x205B             MOVS     R0,#+91
   \   0000005E   0x.... 0x....      BL       NVIC_EnableIRQ
    287              end_flag=0;
   \   00000062   0x2000             MOVS     R0,#+0
   \   00000064   0x....             LDR.N    R1,??DataTable6_26
   \   00000066   0x7008             STRB     R0,[R1, #+0]
    288            }
    289            
    290          }
   \                     ??picture2pc_0: (+1)
   \   00000068   0xBD31             POP      {R0,R4,R5,PC}    ;; return

   \                                 In section .text, align 4, keep-with-next
   \                     ??DataTable6:
   \   00000000   0xE000E100         DC32     0xe000e100

   \                                 In section .text, align 4, keep-with-next
   \                     ??DataTable6_1:
   \   00000000   0xE000E180         DC32     0xe000e180

   \                                 In section .text, align 4, keep-with-next
   \                     ??DataTable6_2:
   \   00000000   0x400FF100         DC32     0x400ff100

   \                                 In section .text, align 4, keep-with-next
   \                     ??DataTable6_3:
   \   00000000   0x........         DC32     ??dmaReq_port_struct

   \                                 In section .text, align 4, keep-with-next
   \                     ??DataTable6_4:
   \   00000000   0x00020003         DC32     0x20003

   \                                 In section .text, align 4, keep-with-next
   \                     ??DataTable6_5:
   \   00000000   0x........         DC32     ??href_port_struct

   \                                 In section .text, align 4, keep-with-next
   \                     ??DataTable6_6:
   \   00000000   0x00090013         DC32     0x90013

   \                                 In section .text, align 4, keep-with-next
   \                     ??DataTable6_7:
   \   00000000   0x........         DC32     ??vsync_port_struct

   \                                 In section .text, align 4, keep-with-next
   \                     ??DataTable6_8:
   \   00000000   0x........         DC32     ??data_port_struct

   \                                 In section .text, align 4, keep-with-next
   \                     ??DataTable6_9:
   \   00000000   0x........         DC32     ??dma_init_struct

   \                                 In section .text, align 4, keep-with-next
   \                     ??DataTable6_10:
   \   00000000   0x400FF110         DC32     0x400ff110

   \                                 In section .text, align 4, keep-with-next
   \                     ??DataTable6_11:
   \   00000000   0x........         DC32     Image1

   \                                 In section .text, align 4, keep-with-next
   \                     ??DataTable6_12:
   \   00000000   0x400EA000         DC32     0x400ea000

   \                                 In section .text, align 4, keep-with-next
   \                     ??DataTable6_13:
   \   00000000   0x........         DC32     ??uart4_init_struct

   \                                 In section .text, align 4, keep-with-next
   \                     ??DataTable6_14:
   \   00000000   0x4006A000         DC32     0x4006a000

   \                                 In section .text, align 4, keep-with-next
   \                     ??DataTable6_15:
   \   00000000   0x........         DC32     ??uart0_init_struct

   \                                 In section .text, align 4, keep-with-next
   \                     ??DataTable6_16:
   \   00000000   0x0098967F         DC32     0x98967f

   \                                 In section .text, align 4, keep-with-next
   \                     ??DataTable6_17:
   \   00000000   0x4004D0A0         DC32     0x4004d0a0

   \                                 In section .text, align 4, keep-with-next
   \                     ??DataTable6_18:
   \   00000000   0x........         DC32     WhichBuffer

   \                                 In section .text, align 4, keep-with-next
   \                     ??DataTable6_19:
   \   00000000   0x........         DC32     lock

   \                                 In section .text, align 4, keep-with-next
   \                     ??DataTable6_20:
   \   00000000   0x........         DC32     start_flag

   \                                 In section .text, align 4, keep-with-next
   \                     ??DataTable6_21:
   \   00000000   0x........         DC32     rowAdr

   \                                 In section .text, align 4, keep-with-next
   \                     ??DataTable6_22:
   \   00000000   0x........         DC32     row

   \                                 In section .text, align 4, keep-with-next
   \                     ??DataTable6_23:
   \   00000000   0x40009010         DC32     0x40009010

   \                                 In section .text, align 4, keep-with-next
   \                     ??DataTable6_24:
   \   00000000   0x........         DC32     Image2

   \                                 In section .text, align 4, keep-with-next
   \                     ??DataTable6_25:
   \   00000000   0x4000800C         DC32     0x4000800c

   \                                 In section .text, align 4, keep-with-next
   \                     ??DataTable6_26:
   \   00000000   0x........         DC32     end_flag

   \                                 In section .text, align 4, keep-with-next
   \                     ??DataTable6_27:
   \   00000000   0x........         DC32     setvalue

   \                                 In section .text, align 4, keep-with-next
   \                     ??DataTable6_28:
   \   00000000   0x........         DC32     sumtuan

   \                                 In section .text, align 4, keep-with-next
   \                     ??DataTable6_29:
   \   00000000   0x........         DC32     testsum

   \                                 In section .text, align 4, keep-with-next
   \                     ??DataTable6_30:
   \   00000000   0x40A00000         DC32     0x40a00000

   \                                 In section .text, align 4, keep-with-next
   \                     ??DataTable6_31:
   \   00000000   0x........         DC32     testsum_average

   \                                 In section .text, align 4, keep-with-next
   \                     ??DataTable6_32:
   \   00000000   0x3F0CCCCD         DC32     0x3f0ccccd

   \                                 In section .text, align 4, keep-with-next
   \                     ??DataTable6_33:
   \   00000000   0x........         DC32     NOpoint

   \                                 In section .text, align 4, keep-with-next
   \                     ??DataTable6_34:
   \   00000000   0x........         DC32     real_pointy

   \                                 In section .text, align 4, keep-with-next
   \                     ??DataTable6_35:
   \   00000000   0x........         DC32     real_pointx

   Maximum stack usage in bytes:

   .cstack Function
   ------- --------
      32   Calculate_Middle_Point
        32   -> __aeabi_fadd
        32   -> __aeabi_fdiv
        32   -> __aeabi_i2f
        32 __aeabi_cfcmple
      16   MT9V032_CFG_init
        16   -> LPLD_UART_PutChar
        16   -> my_delay
       0   NVIC_DisableIRQ
       0   NVIC_EnableIRQ
      48   camera_init
        32   -> LPLD_DMA_Init
        32   -> LPLD_GPIO_EnableIrq
        32   -> LPLD_GPIO_Init
        32   -> LPLD_UART_EnableIrq
        32   -> LPLD_UART_Init
        32   -> MT9V032_CFG_init
        48   -> __aeabi_memcpy4
       0   my_delay
      16   picture2pc
        16   -> LPLD_UART_PutChar
        16   -> NVIC_DisableIRQ
        16   -> NVIC_EnableIRQ
       0   porte_isr


   Section sizes:

   Bytes  Function/Label
   -----  --------------
       4  ??DataTable6
       4  ??DataTable6_1
       4  ??DataTable6_10
       4  ??DataTable6_11
       4  ??DataTable6_12
       4  ??DataTable6_13
       4  ??DataTable6_14
       4  ??DataTable6_15
       4  ??DataTable6_16
       4  ??DataTable6_17
       4  ??DataTable6_18
       4  ??DataTable6_19
       4  ??DataTable6_2
       4  ??DataTable6_20
       4  ??DataTable6_21
       4  ??DataTable6_22
       4  ??DataTable6_23
       4  ??DataTable6_24
       4  ??DataTable6_25
       4  ??DataTable6_26
       4  ??DataTable6_27
       4  ??DataTable6_28
       4  ??DataTable6_29
       4  ??DataTable6_3
       4  ??DataTable6_30
       4  ??DataTable6_31
       4  ??DataTable6_32
       4  ??DataTable6_33
       4  ??DataTable6_34
       4  ??DataTable6_35
       4  ??DataTable6_4
       4  ??DataTable6_5
       4  ??DataTable6_6
       4  ??DataTable6_7
       4  ??DataTable6_8
       4  ??DataTable6_9
     724  Calculate_Middle_Point
   43200  Image1
   43200  Image2
     102  MT9V032_CFG_init
       1  NOpoint
      22  NVIC_DisableIRQ
      22  NVIC_EnableIRQ
       1  WhichBuffer
     530  camera_init
      20  data_port_struct
      20  dmaReq_port_struct
      44  dma_init_struct
       1  end_flag
      20  href_port_struct
       1  lock
      10  my_delay
     106  picture2pc
     310  porte_isr
       1  real_pointx
       1  real_pointy
       1  row
       1  rowAdr
       1  setvalue
       1  start_flag
       4  sumtuan
      20  testsum
       4  testsum_average
      28  uart0_init_struct
      28  uart4_init_struct
      20  vsync_port_struct

 
 86 616 bytes in section .bss
      2 bytes in section .data
  1 970 bytes in section .text
 
  1 970 bytes of CODE memory
 86 618 bytes of DATA memory

Errors: none
Warnings: none
