###############################################################################
#
# IAR ANSI C/C++ Compiler V7.50.1.10123/W32 for ARM       21/Aug/2017  09:52:53
# Copyright 1999-2015 IAR Systems AB.
#
#    Cpu mode     =  thumb
#    Endian       =  little
#    Source file  =  
#        G:\study\car\program\lib_and_example\LPLD_OSKinetis_V3\project\Car_C_sub_2017_7_15\app\obstacle.c
#    Command line =  
#        G:\study\car\program\lib_and_example\LPLD_OSKinetis_V3\project\Car_C_sub_2017_7_15\app\obstacle.c
#        -D LPLD_K60 -D USE_K60DZ10 -lCN
#        G:\study\car\program\lib_and_example\LPLD_OSKinetis_V3\project\Car_C_sub_2017_7_15\iar\FLASH\List
#        -lB
#        G:\study\car\program\lib_and_example\LPLD_OSKinetis_V3\project\Car_C_sub_2017_7_15\iar\FLASH\List
#        -o
#        G:\study\car\program\lib_and_example\LPLD_OSKinetis_V3\project\Car_C_sub_2017_7_15\iar\FLASH\Obj
#        --no_cse --no_unroll --no_inline --no_code_motion --no_tbaa
#        --no_clustering --no_scheduling --debug --endian=little
#        --cpu=Cortex-M4 -e --fpu=None --dlib_config "E:\IAR Systems\Embedded
#        Workbench 7.3\arm\INC\c\DLib_Config_Normal.h" -I
#        G:\study\car\program\lib_and_example\LPLD_OSKinetis_V3\project\Car_C_sub_2017_7_15\iar\..\app\
#        -I
#        G:\study\car\program\lib_and_example\LPLD_OSKinetis_V3\project\Car_C_sub_2017_7_15\iar\..\..\..\lib\CPU\
#        -I
#        G:\study\car\program\lib_and_example\LPLD_OSKinetis_V3\project\Car_C_sub_2017_7_15\iar\..\..\..\lib\common\
#        -I
#        G:\study\car\program\lib_and_example\LPLD_OSKinetis_V3\project\Car_C_sub_2017_7_15\iar\..\..\..\lib\LPLD\
#        -I
#        G:\study\car\program\lib_and_example\LPLD_OSKinetis_V3\project\Car_C_sub_2017_7_15\iar\..\..\..\lib\LPLD\HW\
#        -I
#        G:\study\car\program\lib_and_example\LPLD_OSKinetis_V3\project\Car_C_sub_2017_7_15\iar\..\..\..\lib\LPLD\DEV\
#        -I
#        G:\study\car\program\lib_and_example\LPLD_OSKinetis_V3\project\Car_C_sub_2017_7_15\iar\..\..\..\lib\LPLD\FUNC\
#        -I
#        G:\study\car\program\lib_and_example\LPLD_OSKinetis_V3\project\Car_C_sub_2017_7_15\iar\..\..\..\lib\uCOS-II\Ports\
#        -I
#        G:\study\car\program\lib_and_example\LPLD_OSKinetis_V3\project\Car_C_sub_2017_7_15\iar\..\..\..\lib\uCOS-II\Source\
#        -I
#        G:\study\car\program\lib_and_example\LPLD_OSKinetis_V3\project\Car_C_sub_2017_7_15\iar\..\..\..\lib\FatFs\
#        -I
#        G:\study\car\program\lib_and_example\LPLD_OSKinetis_V3\project\Car_C_sub_2017_7_15\iar\..\..\..\lib\FatFs\option\
#        -I
#        G:\study\car\program\lib_and_example\LPLD_OSKinetis_V3\project\Car_C_sub_2017_7_15\iar\..\..\..\lib\USB\common\
#        -I
#        G:\study\car\program\lib_and_example\LPLD_OSKinetis_V3\project\Car_C_sub_2017_7_15\iar\..\..\..\lib\USB\driver\
#        -I
#        G:\study\car\program\lib_and_example\LPLD_OSKinetis_V3\project\Car_C_sub_2017_7_15\iar\..\..\..\lib\USB\descriptor\
#        -I
#        G:\study\car\program\lib_and_example\LPLD_OSKinetis_V3\project\Car_C_sub_2017_7_15\iar\..\..\..\lib\USB\class\
#        -Ol -I "E:\IAR Systems\Embedded Workbench 7.3\arm\CMSIS\Include\" -D
#        ARM_MATH_CM4
#    List file    =  
#        G:\study\car\program\lib_and_example\LPLD_OSKinetis_V3\project\Car_C_sub_2017_7_15\iar\FLASH\List\obstacle.lst
#    Object file  =  
#        G:\study\car\program\lib_and_example\LPLD_OSKinetis_V3\project\Car_C_sub_2017_7_15\iar\FLASH\Obj\obstacle.o
#
###############################################################################

G:\study\car\program\lib_and_example\LPLD_OSKinetis_V3\project\Car_C_sub_2017_7_15\app\obstacle.c
      1          
      2          #include "obstacle.h"
      3          #include "common.h"

   \                                 In section .bss, align 4
      4          GPIO_InitTypeDef obinterrupt0_struct;
   \                     obinterrupt0_struct:
   \   00000000                      DS8 20

   \                                 In section .bss, align 4
      5          GPIO_InitTypeDef obinterrupt1_struct;
   \                     obinterrupt1_struct:
   \   00000000                      DS8 20

   \                                 In section .bss, align 4
      6          GPIO_InitTypeDef obinterrupt2_struct;
   \                     obinterrupt2_struct:
   \   00000000                      DS8 20

   \                                 In section .bss, align 4
      7          GPIO_InitTypeDef obinterrupt3_struct;
   \                     obinterrupt3_struct:
   \   00000000                      DS8 20
      8          //单纯主从引脚连接E26-AA16  E27-AA17 E28-AA18 A4-AA19 A5-AA12 A7-AA13可触发中断

   \                                 In section .text, align 2, keep-with-next
      9          void ob_gpio_init(void)
     10          {
   \                     ob_gpio_init: (+1)
   \   00000000   0xB580             PUSH     {R7,LR}
     11            /*---------------大打脚――――-------*/
     12            obinterrupt0_struct.GPIO_PTx = PTA;    //障碍在右，向左转角 
   \   00000002   0x....             LDR.N    R0,??DataTable0  ;; 0x400ff000
   \   00000004   0x....             LDR.N    R1,??DataTable0_1
   \   00000006   0x6008             STR      R0,[R1, #+0]
     13            obinterrupt0_struct.GPIO_Pins = GPIO_Pin12;   
   \   00000008   0xF44F 0x5080      MOV      R0,#+4096
   \   0000000C   0x....             LDR.N    R1,??DataTable0_1
   \   0000000E   0x6048             STR      R0,[R1, #+4]
     14            obinterrupt0_struct.GPIO_Dir = DIR_OUTPUT;        //输出
   \   00000010   0x2001             MOVS     R0,#+1
   \   00000012   0x....             LDR.N    R1,??DataTable0_1
   \   00000014   0x7308             STRB     R0,[R1, #+12]
     15            obinterrupt0_struct.GPIO_Output=OUTPUT_L ;
   \   00000016   0x2000             MOVS     R0,#+0
   \   00000018   0x....             LDR.N    R1,??DataTable0_1
   \   0000001A   0x7348             STRB     R0,[R1, #+13]
     16            obinterrupt0_struct.GPIO_PinControl = OUTPUT_SR_SLOW|OUTPUT_DSL;//INPUT_PULL_UP|IRQC_FA;     //内部上拉|下降沿中断
   \   0000001C   0x2004             MOVS     R0,#+4
   \   0000001E   0x....             LDR.N    R1,??DataTable0_1
   \   00000020   0x6088             STR      R0,[R1, #+8]
     17            LPLD_GPIO_Init(obinterrupt0_struct);
   \   00000022   0x....             LDR.N    R1,??DataTable0_1
   \   00000024   0xB084             SUB      SP,SP,#+16
   \   00000026   0x4668             MOV      R0,SP
   \   00000028   0x2214             MOVS     R2,#+20
   \   0000002A   0x.... 0x....      BL       __aeabi_memcpy4
   \   0000002E   0xBC0F             POP      {R0-R3}
   \   00000030   0x.... 0x....      BL       LPLD_GPIO_Init
     18            obinterrupt1_struct.GPIO_PTx = PTA;    //障碍在右，向左转角 
   \   00000034   0x....             LDR.N    R0,??DataTable0  ;; 0x400ff000
   \   00000036   0x....             LDR.N    R1,??DataTable0_2
   \   00000038   0x6008             STR      R0,[R1, #+0]
     19            obinterrupt1_struct.GPIO_Pins = GPIO_Pin13;   
   \   0000003A   0xF44F 0x5000      MOV      R0,#+8192
   \   0000003E   0x....             LDR.N    R1,??DataTable0_2
   \   00000040   0x6048             STR      R0,[R1, #+4]
     20            obinterrupt1_struct.GPIO_Dir = DIR_OUTPUT;        //输出
   \   00000042   0x2001             MOVS     R0,#+1
   \   00000044   0x....             LDR.N    R1,??DataTable0_2
   \   00000046   0x7308             STRB     R0,[R1, #+12]
     21            obinterrupt1_struct.GPIO_Output=OUTPUT_L ;
   \   00000048   0x2000             MOVS     R0,#+0
   \   0000004A   0x....             LDR.N    R1,??DataTable0_2
   \   0000004C   0x7348             STRB     R0,[R1, #+13]
     22            obinterrupt1_struct.GPIO_PinControl = OUTPUT_SR_SLOW|OUTPUT_DSL;//INPUT_PULL_UP|IRQC_FA;     //内部上拉|下降沿中断
   \   0000004E   0x2004             MOVS     R0,#+4
   \   00000050   0x....             LDR.N    R1,??DataTable0_2
   \   00000052   0x6088             STR      R0,[R1, #+8]
     23            LPLD_GPIO_Init(obinterrupt1_struct);
   \   00000054   0x....             LDR.N    R1,??DataTable0_2
   \   00000056   0xB084             SUB      SP,SP,#+16
   \   00000058   0x4668             MOV      R0,SP
   \   0000005A   0x2214             MOVS     R2,#+20
   \   0000005C   0x.... 0x....      BL       __aeabi_memcpy4
   \   00000060   0xBC0F             POP      {R0-R3}
   \   00000062   0x.... 0x....      BL       LPLD_GPIO_Init
     24            /*---------------小打脚――――-------*/
     25            obinterrupt2_struct.GPIO_PTx = PTA;    //障碍在右，向左转角 
   \   00000066   0x....             LDR.N    R0,??DataTable0  ;; 0x400ff000
   \   00000068   0x....             LDR.N    R1,??DataTable0_3
   \   0000006A   0x6008             STR      R0,[R1, #+0]
     26            obinterrupt2_struct.GPIO_Pins = GPIO_Pin19;   
   \   0000006C   0xF45F 0x2000      MOVS     R0,#+524288
   \   00000070   0x....             LDR.N    R1,??DataTable0_3
   \   00000072   0x6048             STR      R0,[R1, #+4]
     27            obinterrupt2_struct.GPIO_Dir = DIR_OUTPUT;        //输出
   \   00000074   0x2001             MOVS     R0,#+1
   \   00000076   0x....             LDR.N    R1,??DataTable0_3
   \   00000078   0x7308             STRB     R0,[R1, #+12]
     28            obinterrupt2_struct.GPIO_Output=OUTPUT_L ;
   \   0000007A   0x2000             MOVS     R0,#+0
   \   0000007C   0x....             LDR.N    R1,??DataTable0_3
   \   0000007E   0x7348             STRB     R0,[R1, #+13]
     29            obinterrupt2_struct.GPIO_PinControl = OUTPUT_SR_SLOW|OUTPUT_DSL;//INPUT_PULL_UP|IRQC_FA;     //内部上拉|下降沿中断
   \   00000080   0x2004             MOVS     R0,#+4
   \   00000082   0x....             LDR.N    R1,??DataTable0_3
   \   00000084   0x6088             STR      R0,[R1, #+8]
     30            LPLD_GPIO_Init(obinterrupt2_struct);
   \   00000086   0x....             LDR.N    R1,??DataTable0_3
   \   00000088   0xB084             SUB      SP,SP,#+16
   \   0000008A   0x4668             MOV      R0,SP
   \   0000008C   0x2214             MOVS     R2,#+20
   \   0000008E   0x.... 0x....      BL       __aeabi_memcpy4
   \   00000092   0xBC0F             POP      {R0-R3}
   \   00000094   0x.... 0x....      BL       LPLD_GPIO_Init
     31            
     32            obinterrupt3_struct.GPIO_PTx = PTA; //障碍在左，向右转角   
   \   00000098   0x....             LDR.N    R0,??DataTable0  ;; 0x400ff000
   \   0000009A   0x....             LDR.N    R1,??DataTable0_4
   \   0000009C   0x6008             STR      R0,[R1, #+0]
     33            obinterrupt3_struct.GPIO_Pins = GPIO_Pin17;   
   \   0000009E   0xF45F 0x3000      MOVS     R0,#+131072
   \   000000A2   0x....             LDR.N    R1,??DataTable0_4
   \   000000A4   0x6048             STR      R0,[R1, #+4]
     34            obinterrupt3_struct.GPIO_Dir = DIR_OUTPUT;        //输出
   \   000000A6   0x2001             MOVS     R0,#+1
   \   000000A8   0x....             LDR.N    R1,??DataTable0_4
   \   000000AA   0x7308             STRB     R0,[R1, #+12]
     35            obinterrupt3_struct.GPIO_Output=OUTPUT_L ;
   \   000000AC   0x2000             MOVS     R0,#+0
   \   000000AE   0x....             LDR.N    R1,??DataTable0_4
   \   000000B0   0x7348             STRB     R0,[R1, #+13]
     36            obinterrupt3_struct.GPIO_PinControl = OUTPUT_SR_SLOW|OUTPUT_DSL;//INPUT_PULL_UP|IRQC_FA;     //内部上拉|下降沿中断
   \   000000B2   0x2004             MOVS     R0,#+4
   \   000000B4   0x....             LDR.N    R1,??DataTable0_4
   \   000000B6   0x6088             STR      R0,[R1, #+8]
     37            LPLD_GPIO_Init(obinterrupt3_struct);
   \   000000B8   0x....             LDR.N    R1,??DataTable0_4
   \   000000BA   0xB084             SUB      SP,SP,#+16
   \   000000BC   0x4668             MOV      R0,SP
   \   000000BE   0x2214             MOVS     R2,#+20
   \   000000C0   0x.... 0x....      BL       __aeabi_memcpy4
   \   000000C4   0xBC0F             POP      {R0-R3}
   \   000000C6   0x.... 0x....      BL       LPLD_GPIO_Init
     38          }
   \   000000CA   0xBD01             POP      {R0,PC}          ;; return

   \                                 In section .text, align 2, keep-with-next
     39          void obstacle_output(void)
     40          {
     41            
     42            
     43            
     44          }
   \                     obstacle_output: (+1)
   \   00000000   0x4770             BX       LR               ;; return

   \                                 In section .text, align 4, keep-with-next
   \                     ??DataTable0:
   \   00000000   0x400FF000         DC32     0x400ff000

   \                                 In section .text, align 4, keep-with-next
   \                     ??DataTable0_1:
   \   00000000   0x........         DC32     obinterrupt0_struct

   \                                 In section .text, align 4, keep-with-next
   \                     ??DataTable0_2:
   \   00000000   0x........         DC32     obinterrupt1_struct

   \                                 In section .text, align 4, keep-with-next
   \                     ??DataTable0_3:
   \   00000000   0x........         DC32     obinterrupt2_struct

   \                                 In section .text, align 4, keep-with-next
   \                     ??DataTable0_4:
   \   00000000   0x........         DC32     obinterrupt3_struct

   Maximum stack usage in bytes:

   .cstack Function
   ------- --------
      24   ob_gpio_init
         8   -> LPLD_GPIO_Init
        24   -> __aeabi_memcpy4
       0   obstacle_output


   Section sizes:

   Bytes  Function/Label
   -----  --------------
       4  ??DataTable0
       4  ??DataTable0_1
       4  ??DataTable0_2
       4  ??DataTable0_3
       4  ??DataTable0_4
     204  ob_gpio_init
      20  obinterrupt0_struct
      20  obinterrupt1_struct
      20  obinterrupt2_struct
      20  obinterrupt3_struct
       2  obstacle_output

 
  80 bytes in section .bss
 226 bytes in section .text
 
 226 bytes of CODE memory
  80 bytes of DATA memory

Errors: none
Warnings: none
