###############################################################################
#
# IAR ANSI C/C++ Compiler V7.50.1.10123/W32 for ARM       21/Aug/2017  09:52:55
# Copyright 1999-2015 IAR Systems AB.
#
#    Cpu mode     =  thumb
#    Endian       =  little
#    Source file  =  
#        G:\study\car\program\lib_and_example\LPLD_OSKinetis_V3\project\Car_C_sub_2017_7_15\app\timer.c
#    Command line =  
#        G:\study\car\program\lib_and_example\LPLD_OSKinetis_V3\project\Car_C_sub_2017_7_15\app\timer.c
#        -D LPLD_K60 -D USE_K60DZ10 -lCN
#        G:\study\car\program\lib_and_example\LPLD_OSKinetis_V3\project\Car_C_sub_2017_7_15\iar\FLASH\List
#        -lB
#        G:\study\car\program\lib_and_example\LPLD_OSKinetis_V3\project\Car_C_sub_2017_7_15\iar\FLASH\List
#        -o
#        G:\study\car\program\lib_and_example\LPLD_OSKinetis_V3\project\Car_C_sub_2017_7_15\iar\FLASH\Obj
#        --no_cse --no_unroll --no_inline --no_code_motion --no_tbaa
#        --no_clustering --no_scheduling --debug --endian=little
#        --cpu=Cortex-M4 -e --fpu=None --dlib_config "E:\IAR Systems\Embedded
#        Workbench 7.3\arm\INC\c\DLib_Config_Normal.h" -I
#        G:\study\car\program\lib_and_example\LPLD_OSKinetis_V3\project\Car_C_sub_2017_7_15\iar\..\app\
#        -I
#        G:\study\car\program\lib_and_example\LPLD_OSKinetis_V3\project\Car_C_sub_2017_7_15\iar\..\..\..\lib\CPU\
#        -I
#        G:\study\car\program\lib_and_example\LPLD_OSKinetis_V3\project\Car_C_sub_2017_7_15\iar\..\..\..\lib\common\
#        -I
#        G:\study\car\program\lib_and_example\LPLD_OSKinetis_V3\project\Car_C_sub_2017_7_15\iar\..\..\..\lib\LPLD\
#        -I
#        G:\study\car\program\lib_and_example\LPLD_OSKinetis_V3\project\Car_C_sub_2017_7_15\iar\..\..\..\lib\LPLD\HW\
#        -I
#        G:\study\car\program\lib_and_example\LPLD_OSKinetis_V3\project\Car_C_sub_2017_7_15\iar\..\..\..\lib\LPLD\DEV\
#        -I
#        G:\study\car\program\lib_and_example\LPLD_OSKinetis_V3\project\Car_C_sub_2017_7_15\iar\..\..\..\lib\LPLD\FUNC\
#        -I
#        G:\study\car\program\lib_and_example\LPLD_OSKinetis_V3\project\Car_C_sub_2017_7_15\iar\..\..\..\lib\uCOS-II\Ports\
#        -I
#        G:\study\car\program\lib_and_example\LPLD_OSKinetis_V3\project\Car_C_sub_2017_7_15\iar\..\..\..\lib\uCOS-II\Source\
#        -I
#        G:\study\car\program\lib_and_example\LPLD_OSKinetis_V3\project\Car_C_sub_2017_7_15\iar\..\..\..\lib\FatFs\
#        -I
#        G:\study\car\program\lib_and_example\LPLD_OSKinetis_V3\project\Car_C_sub_2017_7_15\iar\..\..\..\lib\FatFs\option\
#        -I
#        G:\study\car\program\lib_and_example\LPLD_OSKinetis_V3\project\Car_C_sub_2017_7_15\iar\..\..\..\lib\USB\common\
#        -I
#        G:\study\car\program\lib_and_example\LPLD_OSKinetis_V3\project\Car_C_sub_2017_7_15\iar\..\..\..\lib\USB\driver\
#        -I
#        G:\study\car\program\lib_and_example\LPLD_OSKinetis_V3\project\Car_C_sub_2017_7_15\iar\..\..\..\lib\USB\descriptor\
#        -I
#        G:\study\car\program\lib_and_example\LPLD_OSKinetis_V3\project\Car_C_sub_2017_7_15\iar\..\..\..\lib\USB\class\
#        -Ol -I "E:\IAR Systems\Embedded Workbench 7.3\arm\CMSIS\Include\" -D
#        ARM_MATH_CM4
#    List file    =  
#        G:\study\car\program\lib_and_example\LPLD_OSKinetis_V3\project\Car_C_sub_2017_7_15\iar\FLASH\List\timer.lst
#    Object file  =  
#        G:\study\car\program\lib_and_example\LPLD_OSKinetis_V3\project\Car_C_sub_2017_7_15\iar\FLASH\Obj\timer.o
#
###############################################################################

G:\study\car\program\lib_and_example\LPLD_OSKinetis_V3\project\Car_C_sub_2017_7_15\app\timer.c
      1          
      2          #include "timer.h"
      3          #include "camera.h"
      4          #include "obstacle.h"

   \                                 In section .bss, align 2
      5          uint8 errleft[2], errright[2];
   \                     errleft:
   \   00000000                      DS8 2

   \                                 In section .bss, align 2
   \                     errright:
   \   00000000                      DS8 2
      6          extern uint8 NOpoint;
      7          extern uint8 real_pointx, real_pointy;
      8          

   \                                 In section .text, align 2, keep-with-next
      9          void pit_init( void )
     10          {
   \                     pit_init: (+1)
   \   00000000   0xB580             PUSH     {R7,LR}
     11              static PIT_InitTypeDef pit0_init_struct;
     12              pit0_init_struct.PIT_Pitx = PIT0;
   \   00000002   0x2000             MOVS     R0,#+0
   \   00000004   0x....             LDR.N    R1,??DataTable1
   \   00000006   0x7008             STRB     R0,[R1, #+0]
     13              pit0_init_struct.PIT_PeriodMs = 10;    //计算时间会到2ms，
   \   00000008   0x200A             MOVS     R0,#+10
   \   0000000A   0x....             LDR.N    R1,??DataTable1
   \   0000000C   0x6088             STR      R0,[R1, #+8]
     14              pit0_init_struct.PIT_Isr = pit0_isr;   //设置中断函数
   \   0000000E   0x.... 0x....      ADR.W    R0,pit0_isr
   \   00000012   0x....             LDR.N    R1,??DataTable1
   \   00000014   0x6108             STR      R0,[R1, #+16]
     15              LPLD_PIT_Init( pit0_init_struct );
   \   00000016   0x....             LDR.N    R1,??DataTable1
   \   00000018   0xB084             SUB      SP,SP,#+16
   \   0000001A   0x4668             MOV      R0,SP
   \   0000001C   0x2214             MOVS     R2,#+20
   \   0000001E   0x.... 0x....      BL       __aeabi_memcpy4
   \   00000022   0xBC0F             POP      {R0-R3}
   \   00000024   0x.... 0x....      BL       LPLD_PIT_Init
     16              LPLD_PIT_EnableIrq( pit0_init_struct );
   \   00000028   0x....             LDR.N    R1,??DataTable1
   \   0000002A   0xB084             SUB      SP,SP,#+16
   \   0000002C   0x4668             MOV      R0,SP
   \   0000002E   0x2214             MOVS     R2,#+20
   \   00000030   0x.... 0x....      BL       __aeabi_memcpy4
   \   00000034   0xBC0F             POP      {R0-R3}
   \   00000036   0x.... 0x....      BL       LPLD_PIT_EnableIrq
     17          }   
   \   0000003A   0xBD01             POP      {R0,PC}          ;; return

   \                                 In section .bss, align 4
   \                     ??pit0_init_struct:
   \   00000000                      DS8 20
     18          

   \                                 In section .text, align 4, keep-with-next
     19          void pit0_isr( void )
     20          {
   \                     pit0_isr: (+1)
   \   00000000   0xB580             PUSH     {R7,LR}
     21            static uint32 cnt1000ms;
     22            static uint8 barrier_flag=0;
     23            if(!barrier_flag)
   \   00000002   0x....             LDR.N    R0,??DataTable1_1
   \   00000004   0x7800             LDRB     R0,[R0, #+0]
   \   00000006   0x2800             CMP      R0,#+0
   \   00000008   0xD104             BNE.N    ??pit0_isr_0
     24            cnt1000ms++;
   \   0000000A   0x....             LDR.N    R0,??DataTable1_2
   \   0000000C   0x6800             LDR      R0,[R0, #+0]
   \   0000000E   0x1C40             ADDS     R0,R0,#+1
   \   00000010   0x....             LDR.N    R1,??DataTable1_2
   \   00000012   0x6008             STR      R0,[R1, #+0]
     25            if(cnt1000ms>=500)
   \                     ??pit0_isr_0: (+1)
   \   00000014   0x....             LDR.N    R0,??DataTable1_2
   \   00000016   0x6800             LDR      R0,[R0, #+0]
   \   00000018   0xF5B0 0x7FFA      CMP      R0,#+500
   \   0000001C   0xD307             BCC.N    ??pit0_isr_1
     26            {
     27              barrier_flag=1;
   \   0000001E   0x2001             MOVS     R0,#+1
   \   00000020   0x....             LDR.N    R1,??DataTable1_1
   \   00000022   0x7008             STRB     R0,[R1, #+0]
     28              ob_gpio_init();
   \   00000024   0x.... 0x....      BL       ob_gpio_init
     29              cnt1000ms=0;
   \   00000028   0x2000             MOVS     R0,#+0
   \   0000002A   0x....             LDR.N    R1,??DataTable1_2
   \   0000002C   0x6008             STR      R0,[R1, #+0]
     30            }
     31              Calculate_Middle_Point();
   \                     ??pit0_isr_1: (+1)
   \   0000002E   0x.... 0x....      BL       Calculate_Middle_Point
     32              //if(NOpoint==0&&real_pointy>51&&45<real_pointx&&real_pointx<130)
     33              /*-----------------小打脚-----------------------*/
     34              
     35              if( NOpoint == 0 && 51 < real_pointx && real_pointx < 141 && real_pointy < 25  )
   \   00000032   0x....             LDR.N    R0,??DataTable1_3
   \   00000034   0x7800             LDRB     R0,[R0, #+0]
   \   00000036   0x2800             CMP      R0,#+0
   \   00000038   0xD15E             BNE.N    ??pit0_isr_2
   \   0000003A   0x....             LDR.N    R0,??DataTable1_4
   \   0000003C   0x7800             LDRB     R0,[R0, #+0]
   \   0000003E   0x3834             SUBS     R0,R0,#+52
   \   00000040   0x2859             CMP      R0,#+89
   \   00000042   0xD259             BCS.N    ??pit0_isr_2
   \   00000044   0x....             LDR.N    R0,??DataTable1_5
   \   00000046   0x7800             LDRB     R0,[R0, #+0]
   \   00000048   0x2819             CMP      R0,#+25
   \   0000004A   0xDA55             BGE.N    ??pit0_isr_2
     36              {
     37                  //单纯主从引脚连接E26-AA16  E27-AA17 E28-AA18 A4-AA19 A5-AA12 A7-AA13可触发中断
     38                  if( real_pointx < 90 && errleft[1] != 1 &&errright[0] != 1 &&errright[1] != 1) //障碍在左
   \   0000004C   0x....             LDR.N    R0,??DataTable1_4
   \   0000004E   0x7800             LDRB     R0,[R0, #+0]
   \   00000050   0x285A             CMP      R0,#+90
   \   00000052   0xDA24             BGE.N    ??pit0_isr_3
   \   00000054   0x....             LDR.N    R0,??DataTable1_6
   \   00000056   0x7840             LDRB     R0,[R0, #+1]
   \   00000058   0x2801             CMP      R0,#+1
   \   0000005A   0xD020             BEQ.N    ??pit0_isr_3
   \   0000005C   0x....             LDR.N    R0,??DataTable1_7
   \   0000005E   0x7800             LDRB     R0,[R0, #+0]
   \   00000060   0x2801             CMP      R0,#+1
   \   00000062   0xD01C             BEQ.N    ??pit0_isr_3
   \   00000064   0x....             LDR.N    R0,??DataTable1_7
   \   00000066   0x7840             LDRB     R0,[R0, #+1]
   \   00000068   0x2801             CMP      R0,#+1
   \   0000006A   0xD018             BEQ.N    ??pit0_isr_3
     39                  {
     40                      PTA19_O = 1;  //A16输出高电平 ，与主单片机E26相连
   \   0000006C   0x2001             MOVS     R0,#+1
   \   0000006E   0x....             LDR.N    R1,??DataTable1_8  ;; 0x43fe004c
   \   00000070   0x6008             STR      R0,[R1, #+0]
     41                      PTA17_O = 0;
   \   00000072   0x2000             MOVS     R0,#+0
   \   00000074   0x....             LDR.N    R1,??DataTable1_9  ;; 0x43fe0044
   \   00000076   0x6008             STR      R0,[R1, #+0]
     42                      PTA12_O = 0;
   \   00000078   0x2000             MOVS     R0,#+0
   \   0000007A   0x....             LDR.N    R1,??DataTable1_10  ;; 0x43fe0030
   \   0000007C   0x6008             STR      R0,[R1, #+0]
     43                      PTA13_O = 0;
   \   0000007E   0x2000             MOVS     R0,#+0
   \   00000080   0x....             LDR.N    R1,??DataTable1_11  ;; 0x43fe0034
   \   00000082   0x6008             STR      R0,[R1, #+0]
     44                      errleft[0] = 1;
   \   00000084   0x2001             MOVS     R0,#+1
   \   00000086   0x....             LDR.N    R1,??DataTable1_6
   \   00000088   0x7008             STRB     R0,[R1, #+0]
     45                      errleft[1] = 0;
   \   0000008A   0x2000             MOVS     R0,#+0
   \   0000008C   0x....             LDR.N    R1,??DataTable1_6
   \   0000008E   0x7048             STRB     R0,[R1, #+1]
     46                      errright[0] = 0;
   \   00000090   0x2000             MOVS     R0,#+0
   \   00000092   0x....             LDR.N    R1,??DataTable1_7
   \   00000094   0x7008             STRB     R0,[R1, #+0]
     47                      errright[1] = 0;
   \   00000096   0x2000             MOVS     R0,#+0
   \   00000098   0x....             LDR.N    R1,??DataTable1_7
   \   0000009A   0x7048             STRB     R0,[R1, #+1]
   \   0000009C   0xE0A7             B.N      ??pit0_isr_4
     48                  }
     49                  else if(real_pointx > 90 && errleft[0] != 1 && errleft[1] != 1 &&errright[1] != 1)//障碍在右
   \                     ??pit0_isr_3: (+1)
   \   0000009E   0x....             LDR.N    R0,??DataTable1_4
   \   000000A0   0x7800             LDRB     R0,[R0, #+0]
   \   000000A2   0x285B             CMP      R0,#+91
   \   000000A4   0xF2C0 0x80A3      BLT.W    ??pit0_isr_4
   \   000000A8   0x....             LDR.N    R0,??DataTable1_6
   \   000000AA   0x7800             LDRB     R0,[R0, #+0]
   \   000000AC   0x2801             CMP      R0,#+1
   \   000000AE   0xF000 0x809E      BEQ.W    ??pit0_isr_4
   \   000000B2   0x....             LDR.N    R0,??DataTable1_6
   \   000000B4   0x7840             LDRB     R0,[R0, #+1]
   \   000000B6   0x2801             CMP      R0,#+1
   \   000000B8   0xF000 0x8099      BEQ.W    ??pit0_isr_4
   \   000000BC   0x....             LDR.N    R0,??DataTable1_7
   \   000000BE   0x7840             LDRB     R0,[R0, #+1]
   \   000000C0   0x2801             CMP      R0,#+1
   \   000000C2   0xF000 0x8094      BEQ.W    ??pit0_isr_4
     50                  {
     51                      PTA19_O = 0;
   \   000000C6   0x2000             MOVS     R0,#+0
   \   000000C8   0x....             LDR.N    R1,??DataTable1_8  ;; 0x43fe004c
   \   000000CA   0x6008             STR      R0,[R1, #+0]
     52                      PTA17_O = 1;//A17输出高电平 ，与主单片机E27相连
   \   000000CC   0x2001             MOVS     R0,#+1
   \   000000CE   0x....             LDR.N    R1,??DataTable1_9  ;; 0x43fe0044
   \   000000D0   0x6008             STR      R0,[R1, #+0]
     53                      PTA12_O = 0;
   \   000000D2   0x2000             MOVS     R0,#+0
   \   000000D4   0x....             LDR.N    R1,??DataTable1_10  ;; 0x43fe0030
   \   000000D6   0x6008             STR      R0,[R1, #+0]
     54                      PTA13_O = 0;
   \   000000D8   0x2000             MOVS     R0,#+0
   \   000000DA   0x....             LDR.N    R1,??DataTable1_11  ;; 0x43fe0034
   \   000000DC   0x6008             STR      R0,[R1, #+0]
     55                      errleft[0] = 0;
   \   000000DE   0x2000             MOVS     R0,#+0
   \   000000E0   0x....             LDR.N    R1,??DataTable1_6
   \   000000E2   0x7008             STRB     R0,[R1, #+0]
     56                      errleft[1] = 0;
   \   000000E4   0x2000             MOVS     R0,#+0
   \   000000E6   0x....             LDR.N    R1,??DataTable1_6
   \   000000E8   0x7048             STRB     R0,[R1, #+1]
     57                      errright[0] = 1;
   \   000000EA   0x2001             MOVS     R0,#+1
   \   000000EC   0x....             LDR.N    R1,??DataTable1_7
   \   000000EE   0x7008             STRB     R0,[R1, #+0]
     58                      errright[1] = 0;
   \   000000F0   0x2000             MOVS     R0,#+0
   \   000000F2   0x....             LDR.N    R1,??DataTable1_7
   \   000000F4   0x7048             STRB     R0,[R1, #+1]
   \   000000F6   0xE07A             B.N      ??pit0_isr_4
     59                  }
     60              }
     61              /*---------------------大打脚------------------------------*/
     62             else if( NOpoint == 0 && real_pointy >= 25 && 36 <= real_pointx && real_pointx <= 146  ) //pointy在55左右障碍点仍有效
   \                     ??pit0_isr_2: (+1)
   \   000000F8   0x....             LDR.N    R0,??DataTable1_3
   \   000000FA   0x7800             LDRB     R0,[R0, #+0]
   \   000000FC   0x2800             CMP      R0,#+0
   \   000000FE   0xD15A             BNE.N    ??pit0_isr_5
   \   00000100   0x....             LDR.N    R0,??DataTable1_5
   \   00000102   0x7800             LDRB     R0,[R0, #+0]
   \   00000104   0x2819             CMP      R0,#+25
   \   00000106   0xDB56             BLT.N    ??pit0_isr_5
   \   00000108   0x....             LDR.N    R0,??DataTable1_4
   \   0000010A   0x7800             LDRB     R0,[R0, #+0]
   \   0000010C   0x3824             SUBS     R0,R0,#+36
   \   0000010E   0x286F             CMP      R0,#+111
   \   00000110   0xD251             BCS.N    ??pit0_isr_5
     63              {
     64                  if( real_pointx < 90 && errleft[0] != 1 &&errright[0] != 1&&errright[1] != 1) //障碍在左
   \   00000112   0x....             LDR.N    R0,??DataTable1_4
   \   00000114   0x7800             LDRB     R0,[R0, #+0]
   \   00000116   0x285A             CMP      R0,#+90
   \   00000118   0xDA24             BGE.N    ??pit0_isr_6
   \   0000011A   0x....             LDR.N    R0,??DataTable1_6
   \   0000011C   0x7800             LDRB     R0,[R0, #+0]
   \   0000011E   0x2801             CMP      R0,#+1
   \   00000120   0xD020             BEQ.N    ??pit0_isr_6
   \   00000122   0x....             LDR.N    R0,??DataTable1_7
   \   00000124   0x7800             LDRB     R0,[R0, #+0]
   \   00000126   0x2801             CMP      R0,#+1
   \   00000128   0xD01C             BEQ.N    ??pit0_isr_6
   \   0000012A   0x....             LDR.N    R0,??DataTable1_7
   \   0000012C   0x7840             LDRB     R0,[R0, #+1]
   \   0000012E   0x2801             CMP      R0,#+1
   \   00000130   0xD018             BEQ.N    ??pit0_isr_6
     65                  {
     66                      PTA19_O = 0;
   \   00000132   0x2000             MOVS     R0,#+0
   \   00000134   0x....             LDR.N    R1,??DataTable1_8  ;; 0x43fe004c
   \   00000136   0x6008             STR      R0,[R1, #+0]
     67                      PTA17_O = 0;//A17输出高电平 ，与主单片机E27相连
   \   00000138   0x2000             MOVS     R0,#+0
   \   0000013A   0x....             LDR.N    R1,??DataTable1_9  ;; 0x43fe0044
   \   0000013C   0x6008             STR      R0,[R1, #+0]
     68                      PTA12_O = 1;
   \   0000013E   0x2001             MOVS     R0,#+1
   \   00000140   0x....             LDR.N    R1,??DataTable1_10  ;; 0x43fe0030
   \   00000142   0x6008             STR      R0,[R1, #+0]
     69                      PTA13_O = 0;
   \   00000144   0x2000             MOVS     R0,#+0
   \   00000146   0x....             LDR.N    R1,??DataTable1_11  ;; 0x43fe0034
   \   00000148   0x6008             STR      R0,[R1, #+0]
     70                      errleft[0] = 0;
   \   0000014A   0x2000             MOVS     R0,#+0
   \   0000014C   0x....             LDR.N    R1,??DataTable1_6
   \   0000014E   0x7008             STRB     R0,[R1, #+0]
     71                      errleft[1] = 1;
   \   00000150   0x2001             MOVS     R0,#+1
   \   00000152   0x....             LDR.N    R1,??DataTable1_6
   \   00000154   0x7048             STRB     R0,[R1, #+1]
     72                      errright[0] = 0;
   \   00000156   0x2000             MOVS     R0,#+0
   \   00000158   0x....             LDR.N    R1,??DataTable1_7
   \   0000015A   0x7008             STRB     R0,[R1, #+0]
     73                      errright[1] = 0;
   \   0000015C   0x2000             MOVS     R0,#+0
   \   0000015E   0x....             LDR.N    R1,??DataTable1_7
   \   00000160   0x7048             STRB     R0,[R1, #+1]
   \   00000162   0xE044             B.N      ??pit0_isr_4
     74                  }
     75                  else if( real_pointx > 90 && errleft[0] != 1 && errleft[1] != 1 && errright[0] != 1)//障碍在右
   \                     ??pit0_isr_6: (+1)
   \   00000164   0x....             LDR.N    R0,??DataTable1_4
   \   00000166   0x7800             LDRB     R0,[R0, #+0]
   \   00000168   0x285B             CMP      R0,#+91
   \   0000016A   0xDB40             BLT.N    ??pit0_isr_4
   \   0000016C   0x....             LDR.N    R0,??DataTable1_6
   \   0000016E   0x7800             LDRB     R0,[R0, #+0]
   \   00000170   0x2801             CMP      R0,#+1
   \   00000172   0xD03C             BEQ.N    ??pit0_isr_4
   \   00000174   0x....             LDR.N    R0,??DataTable1_6
   \   00000176   0x7840             LDRB     R0,[R0, #+1]
   \   00000178   0x2801             CMP      R0,#+1
   \   0000017A   0xD038             BEQ.N    ??pit0_isr_4
   \   0000017C   0x....             LDR.N    R0,??DataTable1_7
   \   0000017E   0x7800             LDRB     R0,[R0, #+0]
   \   00000180   0x2801             CMP      R0,#+1
   \   00000182   0xD034             BEQ.N    ??pit0_isr_4
     76                  {
     77                      PTA19_O = 0;
   \   00000184   0x2000             MOVS     R0,#+0
   \   00000186   0x....             LDR.N    R1,??DataTable1_8  ;; 0x43fe004c
   \   00000188   0x6008             STR      R0,[R1, #+0]
     78                      PTA17_O = 0;//A17输出高电平 ，与主单片机E27相连
   \   0000018A   0x2000             MOVS     R0,#+0
   \   0000018C   0x....             LDR.N    R1,??DataTable1_9  ;; 0x43fe0044
   \   0000018E   0x6008             STR      R0,[R1, #+0]
     79                      PTA12_O = 0;
   \   00000190   0x2000             MOVS     R0,#+0
   \   00000192   0x....             LDR.N    R1,??DataTable1_10  ;; 0x43fe0030
   \   00000194   0x6008             STR      R0,[R1, #+0]
     80                      PTA13_O = 1;
   \   00000196   0x2001             MOVS     R0,#+1
   \   00000198   0x....             LDR.N    R1,??DataTable1_11  ;; 0x43fe0034
   \   0000019A   0x6008             STR      R0,[R1, #+0]
     81                      errleft[1] = 0;
   \   0000019C   0x2000             MOVS     R0,#+0
   \   0000019E   0x....             LDR.N    R1,??DataTable1_6
   \   000001A0   0x7048             STRB     R0,[R1, #+1]
     82                      errleft[0] = 0;
   \   000001A2   0x2000             MOVS     R0,#+0
   \   000001A4   0x....             LDR.N    R1,??DataTable1_6
   \   000001A6   0x7008             STRB     R0,[R1, #+0]
     83                      errright[0] = 0;
   \   000001A8   0x2000             MOVS     R0,#+0
   \   000001AA   0x....             LDR.N    R1,??DataTable1_7
   \   000001AC   0x7008             STRB     R0,[R1, #+0]
     84                      errright[1] = 1;
   \   000001AE   0x2001             MOVS     R0,#+1
   \   000001B0   0x....             LDR.N    R1,??DataTable1_7
   \   000001B2   0x7048             STRB     R0,[R1, #+1]
   \   000001B4   0xE01B             B.N      ??pit0_isr_4
     85                  }
     86              }
     87              else if(NOpoint)
   \                     ??pit0_isr_5: (+1)
   \   000001B6   0x....             LDR.N    R0,??DataTable1_3
   \   000001B8   0x7800             LDRB     R0,[R0, #+0]
   \   000001BA   0x2800             CMP      R0,#+0
   \   000001BC   0xD017             BEQ.N    ??pit0_isr_4
     88              {
     89                PTA19_O = 0; //避障后看不到图，恢复低电平
   \   000001BE   0x2000             MOVS     R0,#+0
   \   000001C0   0x....             LDR.N    R1,??DataTable1_8  ;; 0x43fe004c
   \   000001C2   0x6008             STR      R0,[R1, #+0]
     90                  //disable_irq(PIT1_IRQn);
     91                  errleft[0] = 0;
   \   000001C4   0x2000             MOVS     R0,#+0
   \   000001C6   0x....             LDR.N    R1,??DataTable1_6
   \   000001C8   0x7008             STRB     R0,[R1, #+0]
     92                  PTA17_O = 0; //避障后看不到图，恢复低电平
   \   000001CA   0x2000             MOVS     R0,#+0
   \   000001CC   0x....             LDR.N    R1,??DataTable1_9  ;; 0x43fe0044
   \   000001CE   0x6008             STR      R0,[R1, #+0]
     93                  //disable_irq(PIT1_IRQn);
     94                  errright[0] = 0;
   \   000001D0   0x2000             MOVS     R0,#+0
   \   000001D2   0x....             LDR.N    R1,??DataTable1_7
   \   000001D4   0x7008             STRB     R0,[R1, #+0]
     95                   PTA12_O = 0;
   \   000001D6   0x2000             MOVS     R0,#+0
   \   000001D8   0x....             LDR.N    R1,??DataTable1_10  ;; 0x43fe0030
   \   000001DA   0x6008             STR      R0,[R1, #+0]
     96                  errleft[1] = 0;
   \   000001DC   0x2000             MOVS     R0,#+0
   \   000001DE   0x....             LDR.N    R1,??DataTable1_6
   \   000001E0   0x7048             STRB     R0,[R1, #+1]
     97                  PTA13_O = 0;
   \   000001E2   0x2000             MOVS     R0,#+0
   \   000001E4   0x....             LDR.N    R1,??DataTable1_11  ;; 0x43fe0034
   \   000001E6   0x6008             STR      R0,[R1, #+0]
     98                  errright[1] = 0;
   \   000001E8   0x2000             MOVS     R0,#+0
   \   000001EA   0x....             LDR.N    R1,??DataTable1_7
   \   000001EC   0x7048             STRB     R0,[R1, #+1]
     99              }
    100          }
   \                     ??pit0_isr_4: (+1)
   \   000001EE   0xBD01             POP      {R0,PC}          ;; return

   \                                 In section .bss, align 4
   \                     ??cnt1000ms:
   \   00000000                      DS8 4

   \                                 In section .bss, align 1
   \                     ??barrier_flag:
   \   00000000                      DS8 1

   \                                 In section .text, align 4, keep-with-next
    101          void Key_delay( void )
    102          {
    103              uint16 i, n;
    104              for( i = 0; i < 19000; i++ )
   \                     Key_delay: (+1)
   \   00000000   0x2000             MOVS     R0,#+0
   \   00000002   0xE005             B.N      ??Key_delay_0
    105              {
    106                  for( n = 0; n < 50; n++ )
    107                  {
    108                      asm( "nop" );
   \                     ??Key_delay_1: (+1)
   \   00000004   0xBF00             nop
    109                  }
   \   00000006   0x1C49             ADDS     R1,R1,#+1
   \                     ??Key_delay_2: (+1)
   \   00000008   0xB289             UXTH     R1,R1            ;; ZeroExt  R1,R1,#+16,#+16
   \   0000000A   0x2932             CMP      R1,#+50
   \   0000000C   0xDBFA             BLT.N    ??Key_delay_1
   \   0000000E   0x1C40             ADDS     R0,R0,#+1
   \                     ??Key_delay_0: (+1)
   \   00000010   0xB280             UXTH     R0,R0            ;; ZeroExt  R0,R0,#+16,#+16
   \   00000012   0xF644 0x2138      MOVW     R1,#+19000
   \   00000016   0x4288             CMP      R0,R1
   \   00000018   0xDA01             BGE.N    ??Key_delay_3
   \   0000001A   0x2100             MOVS     R1,#+0
   \   0000001C   0xE7F4             B.N      ??Key_delay_2
    110              }
    111          }
   \                     ??Key_delay_3: (+1)
   \   0000001E   0x4770             BX       LR               ;; return

   \                                 In section .text, align 4, keep-with-next
   \                     ??DataTable1:
   \   00000000   0x........         DC32     ??pit0_init_struct

   \                                 In section .text, align 4, keep-with-next
   \                     ??DataTable1_1:
   \   00000000   0x........         DC32     ??barrier_flag

   \                                 In section .text, align 4, keep-with-next
   \                     ??DataTable1_2:
   \   00000000   0x........         DC32     ??cnt1000ms

   \                                 In section .text, align 4, keep-with-next
   \                     ??DataTable1_3:
   \   00000000   0x........         DC32     NOpoint

   \                                 In section .text, align 4, keep-with-next
   \                     ??DataTable1_4:
   \   00000000   0x........         DC32     real_pointx

   \                                 In section .text, align 4, keep-with-next
   \                     ??DataTable1_5:
   \   00000000   0x........         DC32     real_pointy

   \                                 In section .text, align 4, keep-with-next
   \                     ??DataTable1_6:
   \   00000000   0x........         DC32     errleft

   \                                 In section .text, align 4, keep-with-next
   \                     ??DataTable1_7:
   \   00000000   0x........         DC32     errright

   \                                 In section .text, align 4, keep-with-next
   \                     ??DataTable1_8:
   \   00000000   0x43FE004C         DC32     0x43fe004c

   \                                 In section .text, align 4, keep-with-next
   \                     ??DataTable1_9:
   \   00000000   0x43FE0044         DC32     0x43fe0044

   \                                 In section .text, align 4, keep-with-next
   \                     ??DataTable1_10:
   \   00000000   0x43FE0030         DC32     0x43fe0030

   \                                 In section .text, align 4, keep-with-next
   \                     ??DataTable1_11:
   \   00000000   0x43FE0034         DC32     0x43fe0034

   Maximum stack usage in bytes:

   .cstack Function
   ------- --------
       0   Key_delay
       8   pit0_isr
         8   -> Calculate_Middle_Point
         8   -> ob_gpio_init
      24   pit_init
         8   -> LPLD_PIT_EnableIrq
         8   -> LPLD_PIT_Init
        24   -> __aeabi_memcpy4


   Section sizes:

   Bytes  Function/Label
   -----  --------------
       4  ??DataTable1
       4  ??DataTable1_1
       4  ??DataTable1_10
       4  ??DataTable1_11
       4  ??DataTable1_2
       4  ??DataTable1_3
       4  ??DataTable1_4
       4  ??DataTable1_5
       4  ??DataTable1_6
       4  ??DataTable1_7
       4  ??DataTable1_8
       4  ??DataTable1_9
      32  Key_delay
       1  barrier_flag
       4  cnt1000ms
       2  errleft
       2  errright
      20  pit0_init_struct
     496  pit0_isr
      60  pit_init

 
  29 bytes in section .bss
 636 bytes in section .text
 
 636 bytes of CODE memory
  29 bytes of DATA memory

Errors: none
Warnings: none
